Filename: meta.py

Line #    Mem usage    Increment  Occurrences   Line Contents
=============================================================
   133 179.1875000000 MiB 179.1875000000 MiB           1   @profile(precision=10,stream=open("2dplanes_BAI.log", "w+"))
   134                                         def test_train(ep,Mclf,X,y):
   135 179.4414062500 MiB   0.0000000000 MiB           2       for clf,clf_label in Mclf:
   136 179.4414062500 MiB   0.2539062500 MiB           1           Comp_start = time.time();y_pred = clf.predict(X);clf_a = accuracy_score(y, y_pred);clf.partial_fit(X, y,[1,0]);Time.append(time.time() - Comp_start);Acc.append(clf_a)


Filename: meta.py

Line #    Mem usage    Increment  Occurrences   Line Contents
=============================================================
   133 179.4414062500 MiB 179.4414062500 MiB           1   @profile(precision=10,stream=open("2dplanes_BAI.log", "w+"))
   134                                         def test_train(ep,Mclf,X,y):
   135 179.4843750000 MiB   0.0000000000 MiB           2       for clf,clf_label in Mclf:
   136 179.4843750000 MiB   0.0429687500 MiB           1           Comp_start = time.time();y_pred = clf.predict(X);clf_a = accuracy_score(y, y_pred);clf.partial_fit(X, y,[1,0]);Time.append(time.time() - Comp_start);Acc.append(clf_a)


Filename: meta.py

Line #    Mem usage    Increment  Occurrences   Line Contents
=============================================================
   133 179.4882812500 MiB 179.4882812500 MiB           1   @profile(precision=10,stream=open("2dplanes_BAI.log", "w+"))
   134                                         def test_train(ep,Mclf,X,y):
   135 179.4882812500 MiB   0.0000000000 MiB           2       for clf,clf_label in Mclf:
   136 179.4882812500 MiB   0.0000000000 MiB           1           Comp_start = time.time();y_pred = clf.predict(X);clf_a = accuracy_score(y, y_pred);clf.partial_fit(X, y,[1,0]);Time.append(time.time() - Comp_start);Acc.append(clf_a)


Filename: meta.py

Line #    Mem usage    Increment  Occurrences   Line Contents
=============================================================
   133 179.4921875000 MiB 179.4921875000 MiB           1   @profile(precision=10,stream=open("2dplanes_BAI.log", "w+"))
   134                                         def test_train(ep,Mclf,X,y):
   135 179.4921875000 MiB   0.0000000000 MiB           2       for clf,clf_label in Mclf:
   136 179.4921875000 MiB   0.0000000000 MiB           1           Comp_start = time.time();y_pred = clf.predict(X);clf_a = accuracy_score(y, y_pred);clf.partial_fit(X, y,[1,0]);Time.append(time.time() - Comp_start);Acc.append(clf_a)


Filename: meta.py

Line #    Mem usage    Increment  Occurrences   Line Contents
=============================================================
   133 179.4960937500 MiB 179.4960937500 MiB           1   @profile(precision=10,stream=open("2dplanes_BAI.log", "w+"))
   134                                         def test_train(ep,Mclf,X,y):
   135 179.5000000000 MiB   0.0000000000 MiB           2       for clf,clf_label in Mclf:
   136 179.5000000000 MiB   0.0039062500 MiB           1           Comp_start = time.time();y_pred = clf.predict(X);clf_a = accuracy_score(y, y_pred);clf.partial_fit(X, y,[1,0]);Time.append(time.time() - Comp_start);Acc.append(clf_a)


Filename: meta.py

Line #    Mem usage    Increment  Occurrences   Line Contents
=============================================================
   133 179.5039062500 MiB 179.5039062500 MiB           1   @profile(precision=10,stream=open("2dplanes_BAI.log", "w+"))
   134                                         def test_train(ep,Mclf,X,y):
   135 179.5039062500 MiB   0.0000000000 MiB           2       for clf,clf_label in Mclf:
   136 179.5039062500 MiB   0.0000000000 MiB           1           Comp_start = time.time();y_pred = clf.predict(X);clf_a = accuracy_score(y, y_pred);clf.partial_fit(X, y,[1,0]);Time.append(time.time() - Comp_start);Acc.append(clf_a)


Filename: meta.py

Line #    Mem usage    Increment  Occurrences   Line Contents
=============================================================
   133 179.5078125000 MiB 179.5078125000 MiB           1   @profile(precision=10,stream=open("2dplanes_BAI.log", "w+"))
   134                                         def test_train(ep,Mclf,X,y):
   135 179.5078125000 MiB   0.0000000000 MiB           2       for clf,clf_label in Mclf:
   136 179.5078125000 MiB   0.0000000000 MiB           1           Comp_start = time.time();y_pred = clf.predict(X);clf_a = accuracy_score(y, y_pred);clf.partial_fit(X, y,[1,0]);Time.append(time.time() - Comp_start);Acc.append(clf_a)


Filename: meta.py

Line #    Mem usage    Increment  Occurrences   Line Contents
=============================================================
   133 179.5078125000 MiB 179.5078125000 MiB           1   @profile(precision=10,stream=open("2dplanes_BAI.log", "w+"))
   134                                         def test_train(ep,Mclf,X,y):
   135 179.5078125000 MiB   0.0000000000 MiB           2       for clf,clf_label in Mclf:
   136 179.5078125000 MiB   0.0000000000 MiB           1           Comp_start = time.time();y_pred = clf.predict(X);clf_a = accuracy_score(y, y_pred);clf.partial_fit(X, y,[1,0]);Time.append(time.time() - Comp_start);Acc.append(clf_a)


Filename: meta.py

Line #    Mem usage    Increment  Occurrences   Line Contents
=============================================================
   133 179.5078125000 MiB 179.5078125000 MiB           1   @profile(precision=10,stream=open("2dplanes_BAI.log", "w+"))
   134                                         def test_train(ep,Mclf,X,y):
   135 179.5078125000 MiB   0.0000000000 MiB           2       for clf,clf_label in Mclf:
   136 179.5078125000 MiB   0.0000000000 MiB           1           Comp_start = time.time();y_pred = clf.predict(X);clf_a = accuracy_score(y, y_pred);clf.partial_fit(X, y,[1,0]);Time.append(time.time() - Comp_start);Acc.append(clf_a)


Filename: meta.py

Line #    Mem usage    Increment  Occurrences   Line Contents
=============================================================
   133 179.5117187500 MiB 179.5117187500 MiB           1   @profile(precision=10,stream=open("2dplanes_BAI.log", "w+"))
   134                                         def test_train(ep,Mclf,X,y):
   135 179.5117187500 MiB   0.0000000000 MiB           2       for clf,clf_label in Mclf:
   136 179.5117187500 MiB   0.0000000000 MiB           1           Comp_start = time.time();y_pred = clf.predict(X);clf_a = accuracy_score(y, y_pred);clf.partial_fit(X, y,[1,0]);Time.append(time.time() - Comp_start);Acc.append(clf_a)


