Filename: meta.py

Line #    Mem usage    Increment  Occurrences   Line Contents
=============================================================
   133 178.7265625000 MiB 178.7265625000 MiB           1   @profile(precision=10,stream=open("2dplanes_oBoost.log", "w+"))
   134                                         def test_train(ep,Mclf,X,y):
   135 178.7265625000 MiB   0.0000000000 MiB           2       for clf,clf_label in Mclf:
   136 178.1171875000 MiB  -0.6093750000 MiB           1           Comp_start = time.time();y_pred = clf.predict(X);clf_a = accuracy_score(y, y_pred);clf.partial_fit(X, y,[1,0]);Time.append(time.time() - Comp_start);Acc.append(clf_a)


Filename: meta.py

Line #    Mem usage    Increment  Occurrences   Line Contents
=============================================================
   133 178.1171875000 MiB 178.1171875000 MiB           1   @profile(precision=10,stream=open("2dplanes_oBoost.log", "w+"))
   134                                         def test_train(ep,Mclf,X,y):
   135 178.2187500000 MiB   0.0000000000 MiB           2       for clf,clf_label in Mclf:
   136 178.2187500000 MiB   0.1015625000 MiB           1           Comp_start = time.time();y_pred = clf.predict(X);clf_a = accuracy_score(y, y_pred);clf.partial_fit(X, y,[1,0]);Time.append(time.time() - Comp_start);Acc.append(clf_a)


Filename: meta.py

Line #    Mem usage    Increment  Occurrences   Line Contents
=============================================================
   133 178.2187500000 MiB 178.2187500000 MiB           1   @profile(precision=10,stream=open("2dplanes_oBoost.log", "w+"))
   134                                         def test_train(ep,Mclf,X,y):
   135 178.2187500000 MiB   0.0000000000 MiB           2       for clf,clf_label in Mclf:
   136 178.2187500000 MiB   0.0000000000 MiB           1           Comp_start = time.time();y_pred = clf.predict(X);clf_a = accuracy_score(y, y_pred);clf.partial_fit(X, y,[1,0]);Time.append(time.time() - Comp_start);Acc.append(clf_a)


Filename: meta.py

Line #    Mem usage    Increment  Occurrences   Line Contents
=============================================================
   133 178.2187500000 MiB 178.2187500000 MiB           1   @profile(precision=10,stream=open("2dplanes_oBoost.log", "w+"))
   134                                         def test_train(ep,Mclf,X,y):
   135 178.2187500000 MiB   0.0000000000 MiB           2       for clf,clf_label in Mclf:
   136 178.2187500000 MiB   0.0000000000 MiB           1           Comp_start = time.time();y_pred = clf.predict(X);clf_a = accuracy_score(y, y_pred);clf.partial_fit(X, y,[1,0]);Time.append(time.time() - Comp_start);Acc.append(clf_a)


Filename: meta.py

Line #    Mem usage    Increment  Occurrences   Line Contents
=============================================================
   133 178.2187500000 MiB 178.2187500000 MiB           1   @profile(precision=10,stream=open("2dplanes_oBoost.log", "w+"))
   134                                         def test_train(ep,Mclf,X,y):
   135 178.2187500000 MiB   0.0000000000 MiB           2       for clf,clf_label in Mclf:
   136 178.2187500000 MiB   0.0000000000 MiB           1           Comp_start = time.time();y_pred = clf.predict(X);clf_a = accuracy_score(y, y_pred);clf.partial_fit(X, y,[1,0]);Time.append(time.time() - Comp_start);Acc.append(clf_a)


Filename: meta.py

Line #    Mem usage    Increment  Occurrences   Line Contents
=============================================================
   133 178.2187500000 MiB 178.2187500000 MiB           1   @profile(precision=10,stream=open("2dplanes_oBoost.log", "w+"))
   134                                         def test_train(ep,Mclf,X,y):
   135 178.2187500000 MiB   0.0000000000 MiB           2       for clf,clf_label in Mclf:
   136 178.2187500000 MiB   0.0000000000 MiB           1           Comp_start = time.time();y_pred = clf.predict(X);clf_a = accuracy_score(y, y_pred);clf.partial_fit(X, y,[1,0]);Time.append(time.time() - Comp_start);Acc.append(clf_a)


Filename: meta.py

Line #    Mem usage    Increment  Occurrences   Line Contents
=============================================================
   133 178.2187500000 MiB 178.2187500000 MiB           1   @profile(precision=10,stream=open("2dplanes_oBoost.log", "w+"))
   134                                         def test_train(ep,Mclf,X,y):
   135 178.2187500000 MiB   0.0000000000 MiB           2       for clf,clf_label in Mclf:
   136 178.2187500000 MiB   0.0000000000 MiB           1           Comp_start = time.time();y_pred = clf.predict(X);clf_a = accuracy_score(y, y_pred);clf.partial_fit(X, y,[1,0]);Time.append(time.time() - Comp_start);Acc.append(clf_a)


Filename: meta.py

Line #    Mem usage    Increment  Occurrences   Line Contents
=============================================================
   133 178.2187500000 MiB 178.2187500000 MiB           1   @profile(precision=10,stream=open("2dplanes_oBoost.log", "w+"))
   134                                         def test_train(ep,Mclf,X,y):
   135 178.2187500000 MiB   0.0000000000 MiB           2       for clf,clf_label in Mclf:
   136 178.2187500000 MiB   0.0000000000 MiB           1           Comp_start = time.time();y_pred = clf.predict(X);clf_a = accuracy_score(y, y_pred);clf.partial_fit(X, y,[1,0]);Time.append(time.time() - Comp_start);Acc.append(clf_a)


Filename: meta.py

Line #    Mem usage    Increment  Occurrences   Line Contents
=============================================================
   133 178.2187500000 MiB 178.2187500000 MiB           1   @profile(precision=10,stream=open("2dplanes_oBoost.log", "w+"))
   134                                         def test_train(ep,Mclf,X,y):
   135 178.2187500000 MiB   0.0000000000 MiB           2       for clf,clf_label in Mclf:
   136 178.2187500000 MiB   0.0000000000 MiB           1           Comp_start = time.time();y_pred = clf.predict(X);clf_a = accuracy_score(y, y_pred);clf.partial_fit(X, y,[1,0]);Time.append(time.time() - Comp_start);Acc.append(clf_a)


Filename: meta.py

Line #    Mem usage    Increment  Occurrences   Line Contents
=============================================================
   133 178.2187500000 MiB 178.2187500000 MiB           1   @profile(precision=10,stream=open("2dplanes_oBoost.log", "w+"))
   134                                         def test_train(ep,Mclf,X,y):
   135 178.2187500000 MiB   0.0000000000 MiB           2       for clf,clf_label in Mclf:
   136 178.2187500000 MiB   0.0000000000 MiB           1           Comp_start = time.time();y_pred = clf.predict(X);clf_a = accuracy_score(y, y_pred);clf.partial_fit(X, y,[1,0]);Time.append(time.time() - Comp_start);Acc.append(clf_a)


