Filename: meta.py

Line #    Mem usage    Increment  Occurrences   Line Contents
=============================================================
   133 179.2617187500 MiB 179.2617187500 MiB           1   @profile(precision=10,stream=open("2dplanes_LevBagg.log", "w+"))
   134                                         def test_train(ep,Mclf,X,y):
   135 181.5156250000 MiB   0.0000000000 MiB           2       for clf,clf_label in Mclf:
   136 181.5156250000 MiB   2.2539062500 MiB           1           Comp_start = time.time();y_pred = clf.predict(X);clf_a = accuracy_score(y, y_pred);clf.partial_fit(X, y,[1,0]);Time.append(time.time() - Comp_start);Acc.append(clf_a)


Filename: meta.py

Line #    Mem usage    Increment  Occurrences   Line Contents
=============================================================
   133 181.5156250000 MiB 181.5156250000 MiB           1   @profile(precision=10,stream=open("2dplanes_LevBagg.log", "w+"))
   134                                         def test_train(ep,Mclf,X,y):
   135 181.6796875000 MiB   0.0000000000 MiB           2       for clf,clf_label in Mclf:
   136 181.6796875000 MiB   0.1640625000 MiB           1           Comp_start = time.time();y_pred = clf.predict(X);clf_a = accuracy_score(y, y_pred);clf.partial_fit(X, y,[1,0]);Time.append(time.time() - Comp_start);Acc.append(clf_a)


Filename: meta.py

Line #    Mem usage    Increment  Occurrences   Line Contents
=============================================================
   133 181.6796875000 MiB 181.6796875000 MiB           1   @profile(precision=10,stream=open("2dplanes_LevBagg.log", "w+"))
   134                                         def test_train(ep,Mclf,X,y):
   135 181.6796875000 MiB   0.0000000000 MiB           2       for clf,clf_label in Mclf:
   136 181.6796875000 MiB   0.0000000000 MiB           1           Comp_start = time.time();y_pred = clf.predict(X);clf_a = accuracy_score(y, y_pred);clf.partial_fit(X, y,[1,0]);Time.append(time.time() - Comp_start);Acc.append(clf_a)


Filename: meta.py

Line #    Mem usage    Increment  Occurrences   Line Contents
=============================================================
   133 181.6796875000 MiB 181.6796875000 MiB           1   @profile(precision=10,stream=open("2dplanes_LevBagg.log", "w+"))
   134                                         def test_train(ep,Mclf,X,y):
   135 181.6796875000 MiB   0.0000000000 MiB           2       for clf,clf_label in Mclf:
   136 181.6250000000 MiB  -0.0546875000 MiB           1           Comp_start = time.time();y_pred = clf.predict(X);clf_a = accuracy_score(y, y_pred);clf.partial_fit(X, y,[1,0]);Time.append(time.time() - Comp_start);Acc.append(clf_a)


Filename: meta.py

Line #    Mem usage    Increment  Occurrences   Line Contents
=============================================================
   133 181.6250000000 MiB 181.6250000000 MiB           1   @profile(precision=10,stream=open("2dplanes_LevBagg.log", "w+"))
   134                                         def test_train(ep,Mclf,X,y):
   135 181.6250000000 MiB   0.0000000000 MiB           2       for clf,clf_label in Mclf:
   136 181.6250000000 MiB   0.0000000000 MiB           1           Comp_start = time.time();y_pred = clf.predict(X);clf_a = accuracy_score(y, y_pred);clf.partial_fit(X, y,[1,0]);Time.append(time.time() - Comp_start);Acc.append(clf_a)


Filename: meta.py

Line #    Mem usage    Increment  Occurrences   Line Contents
=============================================================
   133 181.6250000000 MiB 181.6250000000 MiB           1   @profile(precision=10,stream=open("2dplanes_LevBagg.log", "w+"))
   134                                         def test_train(ep,Mclf,X,y):
   135 181.6250000000 MiB   0.0000000000 MiB           2       for clf,clf_label in Mclf:
   136 181.6250000000 MiB   0.0000000000 MiB           1           Comp_start = time.time();y_pred = clf.predict(X);clf_a = accuracy_score(y, y_pred);clf.partial_fit(X, y,[1,0]);Time.append(time.time() - Comp_start);Acc.append(clf_a)


Filename: meta.py

Line #    Mem usage    Increment  Occurrences   Line Contents
=============================================================
   133 181.6250000000 MiB 181.6250000000 MiB           1   @profile(precision=10,stream=open("2dplanes_LevBagg.log", "w+"))
   134                                         def test_train(ep,Mclf,X,y):
   135 181.6250000000 MiB   0.0000000000 MiB           2       for clf,clf_label in Mclf:
   136 181.6250000000 MiB   0.0000000000 MiB           1           Comp_start = time.time();y_pred = clf.predict(X);clf_a = accuracy_score(y, y_pred);clf.partial_fit(X, y,[1,0]);Time.append(time.time() - Comp_start);Acc.append(clf_a)


Filename: meta.py

Line #    Mem usage    Increment  Occurrences   Line Contents
=============================================================
   133 181.6250000000 MiB 181.6250000000 MiB           1   @profile(precision=10,stream=open("2dplanes_LevBagg.log", "w+"))
   134                                         def test_train(ep,Mclf,X,y):
   135 181.6250000000 MiB   0.0000000000 MiB           2       for clf,clf_label in Mclf:
   136 181.5976562500 MiB  -0.0273437500 MiB           1           Comp_start = time.time();y_pred = clf.predict(X);clf_a = accuracy_score(y, y_pred);clf.partial_fit(X, y,[1,0]);Time.append(time.time() - Comp_start);Acc.append(clf_a)


Filename: meta.py

Line #    Mem usage    Increment  Occurrences   Line Contents
=============================================================
   133 181.5976562500 MiB 181.5976562500 MiB           1   @profile(precision=10,stream=open("2dplanes_LevBagg.log", "w+"))
   134                                         def test_train(ep,Mclf,X,y):
   135 181.5976562500 MiB   0.0000000000 MiB           2       for clf,clf_label in Mclf:
   136 181.5976562500 MiB   0.0000000000 MiB           1           Comp_start = time.time();y_pred = clf.predict(X);clf_a = accuracy_score(y, y_pred);clf.partial_fit(X, y,[1,0]);Time.append(time.time() - Comp_start);Acc.append(clf_a)


Filename: meta.py

Line #    Mem usage    Increment  Occurrences   Line Contents
=============================================================
   133 181.5976562500 MiB 181.5976562500 MiB           1   @profile(precision=10,stream=open("2dplanes_LevBagg.log", "w+"))
   134                                         def test_train(ep,Mclf,X,y):
   135 181.5976562500 MiB   0.0000000000 MiB           2       for clf,clf_label in Mclf:
   136 181.5976562500 MiB   0.0000000000 MiB           1           Comp_start = time.time();y_pred = clf.predict(X);clf_a = accuracy_score(y, y_pred);clf.partial_fit(X, y,[1,0]);Time.append(time.time() - Comp_start);Acc.append(clf_a)


