Filename: meta.py

Line #    Mem usage    Increment  Occurrences   Line Contents
=============================================================
   133 179.2265625000 MiB 179.2265625000 MiB           1   @profile(precision=10,stream=open("2dplanes_SRP.log", "w+"))
   134                                         def test_train(ep,Mclf,X,y):
   135 179.7929687500 MiB   0.0000000000 MiB           2       for clf,clf_label in Mclf:
   136 179.7929687500 MiB   0.5664062500 MiB           1           Comp_start = time.time();y_pred = clf.predict(X);clf_a = accuracy_score(y, y_pred);clf.partial_fit(X, y,[1,0]);Time.append(time.time() - Comp_start);Acc.append(clf_a)


Filename: meta.py

Line #    Mem usage    Increment  Occurrences   Line Contents
=============================================================
   133 179.7929687500 MiB 179.7929687500 MiB           1   @profile(precision=10,stream=open("2dplanes_SRP.log", "w+"))
   134                                         def test_train(ep,Mclf,X,y):
   135 179.9062500000 MiB   0.0000000000 MiB           2       for clf,clf_label in Mclf:
   136 179.9062500000 MiB   0.1132812500 MiB           1           Comp_start = time.time();y_pred = clf.predict(X);clf_a = accuracy_score(y, y_pred);clf.partial_fit(X, y,[1,0]);Time.append(time.time() - Comp_start);Acc.append(clf_a)


Filename: meta.py

Line #    Mem usage    Increment  Occurrences   Line Contents
=============================================================
   133 179.9062500000 MiB 179.9062500000 MiB           1   @profile(precision=10,stream=open("2dplanes_SRP.log", "w+"))
   134                                         def test_train(ep,Mclf,X,y):
   135 179.9062500000 MiB   0.0000000000 MiB           2       for clf,clf_label in Mclf:
   136 179.9062500000 MiB   0.0000000000 MiB           1           Comp_start = time.time();y_pred = clf.predict(X);clf_a = accuracy_score(y, y_pred);clf.partial_fit(X, y,[1,0]);Time.append(time.time() - Comp_start);Acc.append(clf_a)


Filename: meta.py

Line #    Mem usage    Increment  Occurrences   Line Contents
=============================================================
   133 179.9062500000 MiB 179.9062500000 MiB           1   @profile(precision=10,stream=open("2dplanes_SRP.log", "w+"))
   134                                         def test_train(ep,Mclf,X,y):
   135 179.9062500000 MiB   0.0000000000 MiB           2       for clf,clf_label in Mclf:
   136 179.9062500000 MiB   0.0000000000 MiB           1           Comp_start = time.time();y_pred = clf.predict(X);clf_a = accuracy_score(y, y_pred);clf.partial_fit(X, y,[1,0]);Time.append(time.time() - Comp_start);Acc.append(clf_a)


Filename: meta.py

Line #    Mem usage    Increment  Occurrences   Line Contents
=============================================================
   133 179.9062500000 MiB 179.9062500000 MiB           1   @profile(precision=10,stream=open("2dplanes_SRP.log", "w+"))
   134                                         def test_train(ep,Mclf,X,y):
   135 179.9453125000 MiB   0.0000000000 MiB           2       for clf,clf_label in Mclf:
   136 179.9453125000 MiB   0.0390625000 MiB           1           Comp_start = time.time();y_pred = clf.predict(X);clf_a = accuracy_score(y, y_pred);clf.partial_fit(X, y,[1,0]);Time.append(time.time() - Comp_start);Acc.append(clf_a)


Filename: meta.py

Line #    Mem usage    Increment  Occurrences   Line Contents
=============================================================
   133 179.9453125000 MiB 179.9453125000 MiB           1   @profile(precision=10,stream=open("2dplanes_SRP.log", "w+"))
   134                                         def test_train(ep,Mclf,X,y):
   135 179.9453125000 MiB   0.0000000000 MiB           2       for clf,clf_label in Mclf:
   136 179.9453125000 MiB   0.0000000000 MiB           1           Comp_start = time.time();y_pred = clf.predict(X);clf_a = accuracy_score(y, y_pred);clf.partial_fit(X, y,[1,0]);Time.append(time.time() - Comp_start);Acc.append(clf_a)


Filename: meta.py

Line #    Mem usage    Increment  Occurrences   Line Contents
=============================================================
   133 179.9453125000 MiB 179.9453125000 MiB           1   @profile(precision=10,stream=open("2dplanes_SRP.log", "w+"))
   134                                         def test_train(ep,Mclf,X,y):
   135 179.9453125000 MiB   0.0000000000 MiB           2       for clf,clf_label in Mclf:
   136 179.9453125000 MiB   0.0000000000 MiB           1           Comp_start = time.time();y_pred = clf.predict(X);clf_a = accuracy_score(y, y_pred);clf.partial_fit(X, y,[1,0]);Time.append(time.time() - Comp_start);Acc.append(clf_a)


Filename: meta.py

Line #    Mem usage    Increment  Occurrences   Line Contents
=============================================================
   133 179.9453125000 MiB 179.9453125000 MiB           1   @profile(precision=10,stream=open("2dplanes_SRP.log", "w+"))
   134                                         def test_train(ep,Mclf,X,y):
   135 179.9453125000 MiB   0.0000000000 MiB           2       for clf,clf_label in Mclf:
   136 179.8945312500 MiB  -0.0507812500 MiB           1           Comp_start = time.time();y_pred = clf.predict(X);clf_a = accuracy_score(y, y_pred);clf.partial_fit(X, y,[1,0]);Time.append(time.time() - Comp_start);Acc.append(clf_a)


Filename: meta.py

Line #    Mem usage    Increment  Occurrences   Line Contents
=============================================================
   133 179.8945312500 MiB 179.8945312500 MiB           1   @profile(precision=10,stream=open("2dplanes_SRP.log", "w+"))
   134                                         def test_train(ep,Mclf,X,y):
   135 179.8945312500 MiB   0.0000000000 MiB           2       for clf,clf_label in Mclf:
   136 179.8945312500 MiB   0.0000000000 MiB           1           Comp_start = time.time();y_pred = clf.predict(X);clf_a = accuracy_score(y, y_pred);clf.partial_fit(X, y,[1,0]);Time.append(time.time() - Comp_start);Acc.append(clf_a)


Filename: meta.py

Line #    Mem usage    Increment  Occurrences   Line Contents
=============================================================
   133 179.8945312500 MiB 179.8945312500 MiB           1   @profile(precision=10,stream=open("2dplanes_SRP.log", "w+"))
   134                                         def test_train(ep,Mclf,X,y):
   135 179.8945312500 MiB   0.0000000000 MiB           2       for clf,clf_label in Mclf:
   136 179.8945312500 MiB   0.0000000000 MiB           1           Comp_start = time.time();y_pred = clf.predict(X);clf_a = accuracy_score(y, y_pred);clf.partial_fit(X, y,[1,0]);Time.append(time.time() - Comp_start);Acc.append(clf_a)


