Filename: meta.py

Line #    Mem usage    Increment  Occurrences   Line Contents
=============================================================
   133 185.3867187500 MiB 185.3867187500 MiB           1   @profile(precision=10,stream=open("BNG(breastTumor)_DWM.log", "w+"))
   134                                         def test_train(ep,Mclf,X,y):
   135 185.4843750000 MiB   0.0000000000 MiB           2       for clf,clf_label in Mclf:
   136 185.4843750000 MiB   0.0976562500 MiB           1           Comp_start = time.time();y_pred = clf.predict(X);clf_a = accuracy_score(y, y_pred);clf.partial_fit(X, y,[1,0]);Time.append(time.time() - Comp_start);Acc.append(clf_a)


Filename: meta.py

Line #    Mem usage    Increment  Occurrences   Line Contents
=============================================================
   133 185.4843750000 MiB 185.4843750000 MiB           1   @profile(precision=10,stream=open("BNG(breastTumor)_DWM.log", "w+"))
   134                                         def test_train(ep,Mclf,X,y):
   135 185.5703125000 MiB   0.0000000000 MiB           2       for clf,clf_label in Mclf:
   136 185.5703125000 MiB   0.0859375000 MiB           1           Comp_start = time.time();y_pred = clf.predict(X);clf_a = accuracy_score(y, y_pred);clf.partial_fit(X, y,[1,0]);Time.append(time.time() - Comp_start);Acc.append(clf_a)


Filename: meta.py

Line #    Mem usage    Increment  Occurrences   Line Contents
=============================================================
   133 185.5703125000 MiB 185.5703125000 MiB           1   @profile(precision=10,stream=open("BNG(breastTumor)_DWM.log", "w+"))
   134                                         def test_train(ep,Mclf,X,y):
   135 185.6328125000 MiB   0.0000000000 MiB           2       for clf,clf_label in Mclf:
   136 185.6328125000 MiB   0.0625000000 MiB           1           Comp_start = time.time();y_pred = clf.predict(X);clf_a = accuracy_score(y, y_pred);clf.partial_fit(X, y,[1,0]);Time.append(time.time() - Comp_start);Acc.append(clf_a)


Filename: meta.py

Line #    Mem usage    Increment  Occurrences   Line Contents
=============================================================
   133 185.6328125000 MiB 185.6328125000 MiB           1   @profile(precision=10,stream=open("BNG(breastTumor)_DWM.log", "w+"))
   134                                         def test_train(ep,Mclf,X,y):
   135 185.6328125000 MiB   0.0000000000 MiB           2       for clf,clf_label in Mclf:
   136 185.6328125000 MiB   0.0000000000 MiB           1           Comp_start = time.time();y_pred = clf.predict(X);clf_a = accuracy_score(y, y_pred);clf.partial_fit(X, y,[1,0]);Time.append(time.time() - Comp_start);Acc.append(clf_a)


Filename: meta.py

Line #    Mem usage    Increment  Occurrences   Line Contents
=============================================================
   133 185.6328125000 MiB 185.6328125000 MiB           1   @profile(precision=10,stream=open("BNG(breastTumor)_DWM.log", "w+"))
   134                                         def test_train(ep,Mclf,X,y):
   135 185.6328125000 MiB   0.0000000000 MiB           2       for clf,clf_label in Mclf:
   136 185.6328125000 MiB   0.0000000000 MiB           1           Comp_start = time.time();y_pred = clf.predict(X);clf_a = accuracy_score(y, y_pred);clf.partial_fit(X, y,[1,0]);Time.append(time.time() - Comp_start);Acc.append(clf_a)


Filename: meta.py

Line #    Mem usage    Increment  Occurrences   Line Contents
=============================================================
   133 185.6328125000 MiB 185.6328125000 MiB           1   @profile(precision=10,stream=open("BNG(breastTumor)_DWM.log", "w+"))
   134                                         def test_train(ep,Mclf,X,y):
   135 185.6328125000 MiB   0.0000000000 MiB           2       for clf,clf_label in Mclf:
   136 185.6328125000 MiB   0.0000000000 MiB           1           Comp_start = time.time();y_pred = clf.predict(X);clf_a = accuracy_score(y, y_pred);clf.partial_fit(X, y,[1,0]);Time.append(time.time() - Comp_start);Acc.append(clf_a)


Filename: meta.py

Line #    Mem usage    Increment  Occurrences   Line Contents
=============================================================
   133 185.6328125000 MiB 185.6328125000 MiB           1   @profile(precision=10,stream=open("BNG(breastTumor)_DWM.log", "w+"))
   134                                         def test_train(ep,Mclf,X,y):
   135 185.6328125000 MiB   0.0000000000 MiB           2       for clf,clf_label in Mclf:
   136 185.6328125000 MiB   0.0000000000 MiB           1           Comp_start = time.time();y_pred = clf.predict(X);clf_a = accuracy_score(y, y_pred);clf.partial_fit(X, y,[1,0]);Time.append(time.time() - Comp_start);Acc.append(clf_a)


Filename: meta.py

Line #    Mem usage    Increment  Occurrences   Line Contents
=============================================================
   133 185.6328125000 MiB 185.6328125000 MiB           1   @profile(precision=10,stream=open("BNG(breastTumor)_DWM.log", "w+"))
   134                                         def test_train(ep,Mclf,X,y):
   135 185.6328125000 MiB   0.0000000000 MiB           2       for clf,clf_label in Mclf:
   136 185.6328125000 MiB   0.0000000000 MiB           1           Comp_start = time.time();y_pred = clf.predict(X);clf_a = accuracy_score(y, y_pred);clf.partial_fit(X, y,[1,0]);Time.append(time.time() - Comp_start);Acc.append(clf_a)


Filename: meta.py

Line #    Mem usage    Increment  Occurrences   Line Contents
=============================================================
   133 185.6328125000 MiB 185.6328125000 MiB           1   @profile(precision=10,stream=open("BNG(breastTumor)_DWM.log", "w+"))
   134                                         def test_train(ep,Mclf,X,y):
   135 185.6328125000 MiB   0.0000000000 MiB           2       for clf,clf_label in Mclf:
   136 185.6328125000 MiB   0.0000000000 MiB           1           Comp_start = time.time();y_pred = clf.predict(X);clf_a = accuracy_score(y, y_pred);clf.partial_fit(X, y,[1,0]);Time.append(time.time() - Comp_start);Acc.append(clf_a)


Filename: meta.py

Line #    Mem usage    Increment  Occurrences   Line Contents
=============================================================
   133 185.6328125000 MiB 185.6328125000 MiB           1   @profile(precision=10,stream=open("BNG(breastTumor)_DWM.log", "w+"))
   134                                         def test_train(ep,Mclf,X,y):
   135 185.6328125000 MiB   0.0000000000 MiB           2       for clf,clf_label in Mclf:
   136 185.6328125000 MiB   0.0000000000 MiB           1           Comp_start = time.time();y_pred = clf.predict(X);clf_a = accuracy_score(y, y_pred);clf.partial_fit(X, y,[1,0]);Time.append(time.time() - Comp_start);Acc.append(clf_a)


