Filename: meta.py

Line #    Mem usage    Increment  Occurrences   Line Contents
=============================================================
   133 184.8945312500 MiB 184.8945312500 MiB           1   @profile(precision=10,stream=open("BNG(breastTumor)_OzaBagg.log", "w+"))
   134                                         def test_train(ep,Mclf,X,y):
   135 185.8906250000 MiB   0.0000000000 MiB           2       for clf,clf_label in Mclf:
   136 185.8906250000 MiB   0.9960937500 MiB           1           Comp_start = time.time();y_pred = clf.predict(X);clf_a = accuracy_score(y, y_pred);clf.partial_fit(X, y,[1,0]);Time.append(time.time() - Comp_start);Acc.append(clf_a)


Filename: meta.py

Line #    Mem usage    Increment  Occurrences   Line Contents
=============================================================
   133 185.8906250000 MiB 185.8906250000 MiB           1   @profile(precision=10,stream=open("BNG(breastTumor)_OzaBagg.log", "w+"))
   134                                         def test_train(ep,Mclf,X,y):
   135 187.3710937500 MiB   0.0000000000 MiB           2       for clf,clf_label in Mclf:
   136 187.3710937500 MiB   1.4804687500 MiB           1           Comp_start = time.time();y_pred = clf.predict(X);clf_a = accuracy_score(y, y_pred);clf.partial_fit(X, y,[1,0]);Time.append(time.time() - Comp_start);Acc.append(clf_a)


Filename: meta.py

Line #    Mem usage    Increment  Occurrences   Line Contents
=============================================================
   133 187.3710937500 MiB 187.3710937500 MiB           1   @profile(precision=10,stream=open("BNG(breastTumor)_OzaBagg.log", "w+"))
   134                                         def test_train(ep,Mclf,X,y):
   135 187.4218750000 MiB   0.0000000000 MiB           2       for clf,clf_label in Mclf:
   136 187.4218750000 MiB   0.0507812500 MiB           1           Comp_start = time.time();y_pred = clf.predict(X);clf_a = accuracy_score(y, y_pred);clf.partial_fit(X, y,[1,0]);Time.append(time.time() - Comp_start);Acc.append(clf_a)


Filename: meta.py

Line #    Mem usage    Increment  Occurrences   Line Contents
=============================================================
   133 187.4218750000 MiB 187.4218750000 MiB           1   @profile(precision=10,stream=open("BNG(breastTumor)_OzaBagg.log", "w+"))
   134                                         def test_train(ep,Mclf,X,y):
   135 187.4609375000 MiB   0.0000000000 MiB           2       for clf,clf_label in Mclf:
   136 187.4609375000 MiB   0.0390625000 MiB           1           Comp_start = time.time();y_pred = clf.predict(X);clf_a = accuracy_score(y, y_pred);clf.partial_fit(X, y,[1,0]);Time.append(time.time() - Comp_start);Acc.append(clf_a)


Filename: meta.py

Line #    Mem usage    Increment  Occurrences   Line Contents
=============================================================
   133 187.4609375000 MiB 187.4609375000 MiB           1   @profile(precision=10,stream=open("BNG(breastTumor)_OzaBagg.log", "w+"))
   134                                         def test_train(ep,Mclf,X,y):
   135 187.4609375000 MiB   0.0000000000 MiB           2       for clf,clf_label in Mclf:
   136 187.4609375000 MiB   0.0000000000 MiB           1           Comp_start = time.time();y_pred = clf.predict(X);clf_a = accuracy_score(y, y_pred);clf.partial_fit(X, y,[1,0]);Time.append(time.time() - Comp_start);Acc.append(clf_a)


Filename: meta.py

Line #    Mem usage    Increment  Occurrences   Line Contents
=============================================================
   133 187.4609375000 MiB 187.4609375000 MiB           1   @profile(precision=10,stream=open("BNG(breastTumor)_OzaBagg.log", "w+"))
   134                                         def test_train(ep,Mclf,X,y):
   135 187.4609375000 MiB   0.0000000000 MiB           2       for clf,clf_label in Mclf:
   136 187.4062500000 MiB  -0.0546875000 MiB           1           Comp_start = time.time();y_pred = clf.predict(X);clf_a = accuracy_score(y, y_pred);clf.partial_fit(X, y,[1,0]);Time.append(time.time() - Comp_start);Acc.append(clf_a)


Filename: meta.py

Line #    Mem usage    Increment  Occurrences   Line Contents
=============================================================
   133 187.4062500000 MiB 187.4062500000 MiB           1   @profile(precision=10,stream=open("BNG(breastTumor)_OzaBagg.log", "w+"))
   134                                         def test_train(ep,Mclf,X,y):
   135 187.4062500000 MiB   0.0000000000 MiB           2       for clf,clf_label in Mclf:
   136 187.4062500000 MiB   0.0000000000 MiB           1           Comp_start = time.time();y_pred = clf.predict(X);clf_a = accuracy_score(y, y_pred);clf.partial_fit(X, y,[1,0]);Time.append(time.time() - Comp_start);Acc.append(clf_a)


Filename: meta.py

Line #    Mem usage    Increment  Occurrences   Line Contents
=============================================================
   133 187.4062500000 MiB 187.4062500000 MiB           1   @profile(precision=10,stream=open("BNG(breastTumor)_OzaBagg.log", "w+"))
   134                                         def test_train(ep,Mclf,X,y):
   135 187.4062500000 MiB   0.0000000000 MiB           2       for clf,clf_label in Mclf:
   136 187.4062500000 MiB   0.0000000000 MiB           1           Comp_start = time.time();y_pred = clf.predict(X);clf_a = accuracy_score(y, y_pred);clf.partial_fit(X, y,[1,0]);Time.append(time.time() - Comp_start);Acc.append(clf_a)


Filename: meta.py

Line #    Mem usage    Increment  Occurrences   Line Contents
=============================================================
   133 187.4062500000 MiB 187.4062500000 MiB           1   @profile(precision=10,stream=open("BNG(breastTumor)_OzaBagg.log", "w+"))
   134                                         def test_train(ep,Mclf,X,y):
   135 187.4062500000 MiB   0.0000000000 MiB           2       for clf,clf_label in Mclf:
   136 187.4062500000 MiB   0.0000000000 MiB           1           Comp_start = time.time();y_pred = clf.predict(X);clf_a = accuracy_score(y, y_pred);clf.partial_fit(X, y,[1,0]);Time.append(time.time() - Comp_start);Acc.append(clf_a)


Filename: meta.py

Line #    Mem usage    Increment  Occurrences   Line Contents
=============================================================
   133 187.4062500000 MiB 187.4062500000 MiB           1   @profile(precision=10,stream=open("BNG(breastTumor)_OzaBagg.log", "w+"))
   134                                         def test_train(ep,Mclf,X,y):
   135 187.4062500000 MiB   0.0000000000 MiB           2       for clf,clf_label in Mclf:
   136 187.4062500000 MiB   0.0000000000 MiB           1           Comp_start = time.time();y_pred = clf.predict(X);clf_a = accuracy_score(y, y_pred);clf.partial_fit(X, y,[1,0]);Time.append(time.time() - Comp_start);Acc.append(clf_a)


