Filename: meta.py

Line #    Mem usage    Increment  Occurrences   Line Contents
=============================================================
   133 185.2382812500 MiB 185.2382812500 MiB           1   @profile(precision=10,stream=open("BNG(breastTumor)_SRP.log", "w+"))
   134                                         def test_train(ep,Mclf,X,y):
   135 185.8242187500 MiB   0.0000000000 MiB           2       for clf,clf_label in Mclf:
   136 185.8242187500 MiB   0.5859375000 MiB           1           Comp_start = time.time();y_pred = clf.predict(X);clf_a = accuracy_score(y, y_pred);clf.partial_fit(X, y,[1,0]);Time.append(time.time() - Comp_start);Acc.append(clf_a)


Filename: meta.py

Line #    Mem usage    Increment  Occurrences   Line Contents
=============================================================
   133 185.8242187500 MiB 185.8242187500 MiB           1   @profile(precision=10,stream=open("BNG(breastTumor)_SRP.log", "w+"))
   134                                         def test_train(ep,Mclf,X,y):
   135 186.2812500000 MiB   0.0000000000 MiB           2       for clf,clf_label in Mclf:
   136 186.2812500000 MiB   0.4570312500 MiB           1           Comp_start = time.time();y_pred = clf.predict(X);clf_a = accuracy_score(y, y_pred);clf.partial_fit(X, y,[1,0]);Time.append(time.time() - Comp_start);Acc.append(clf_a)


Filename: meta.py

Line #    Mem usage    Increment  Occurrences   Line Contents
=============================================================
   133 186.2812500000 MiB 186.2812500000 MiB           1   @profile(precision=10,stream=open("BNG(breastTumor)_SRP.log", "w+"))
   134                                         def test_train(ep,Mclf,X,y):
   135 186.3125000000 MiB   0.0000000000 MiB           2       for clf,clf_label in Mclf:
   136 186.3125000000 MiB   0.0312500000 MiB           1           Comp_start = time.time();y_pred = clf.predict(X);clf_a = accuracy_score(y, y_pred);clf.partial_fit(X, y,[1,0]);Time.append(time.time() - Comp_start);Acc.append(clf_a)


Filename: meta.py

Line #    Mem usage    Increment  Occurrences   Line Contents
=============================================================
   133 186.3125000000 MiB 186.3125000000 MiB           1   @profile(precision=10,stream=open("BNG(breastTumor)_SRP.log", "w+"))
   134                                         def test_train(ep,Mclf,X,y):
   135 186.3125000000 MiB   0.0000000000 MiB           2       for clf,clf_label in Mclf:
   136 186.3125000000 MiB   0.0000000000 MiB           1           Comp_start = time.time();y_pred = clf.predict(X);clf_a = accuracy_score(y, y_pred);clf.partial_fit(X, y,[1,0]);Time.append(time.time() - Comp_start);Acc.append(clf_a)


Filename: meta.py

Line #    Mem usage    Increment  Occurrences   Line Contents
=============================================================
   133 186.3125000000 MiB 186.3125000000 MiB           1   @profile(precision=10,stream=open("BNG(breastTumor)_SRP.log", "w+"))
   134                                         def test_train(ep,Mclf,X,y):
   135 186.3515625000 MiB   0.0000000000 MiB           2       for clf,clf_label in Mclf:
   136 186.3515625000 MiB   0.0390625000 MiB           1           Comp_start = time.time();y_pred = clf.predict(X);clf_a = accuracy_score(y, y_pred);clf.partial_fit(X, y,[1,0]);Time.append(time.time() - Comp_start);Acc.append(clf_a)


Filename: meta.py

Line #    Mem usage    Increment  Occurrences   Line Contents
=============================================================
   133 186.3515625000 MiB 186.3515625000 MiB           1   @profile(precision=10,stream=open("BNG(breastTumor)_SRP.log", "w+"))
   134                                         def test_train(ep,Mclf,X,y):
   135 186.3515625000 MiB   0.0000000000 MiB           2       for clf,clf_label in Mclf:
   136 186.3515625000 MiB   0.0000000000 MiB           1           Comp_start = time.time();y_pred = clf.predict(X);clf_a = accuracy_score(y, y_pred);clf.partial_fit(X, y,[1,0]);Time.append(time.time() - Comp_start);Acc.append(clf_a)


Filename: meta.py

Line #    Mem usage    Increment  Occurrences   Line Contents
=============================================================
   133 186.3515625000 MiB 186.3515625000 MiB           1   @profile(precision=10,stream=open("BNG(breastTumor)_SRP.log", "w+"))
   134                                         def test_train(ep,Mclf,X,y):
   135 186.3515625000 MiB   0.0000000000 MiB           2       for clf,clf_label in Mclf:
   136 186.3515625000 MiB   0.0000000000 MiB           1           Comp_start = time.time();y_pred = clf.predict(X);clf_a = accuracy_score(y, y_pred);clf.partial_fit(X, y,[1,0]);Time.append(time.time() - Comp_start);Acc.append(clf_a)


Filename: meta.py

Line #    Mem usage    Increment  Occurrences   Line Contents
=============================================================
   133 186.3515625000 MiB 186.3515625000 MiB           1   @profile(precision=10,stream=open("BNG(breastTumor)_SRP.log", "w+"))
   134                                         def test_train(ep,Mclf,X,y):
   135 186.3515625000 MiB   0.0000000000 MiB           2       for clf,clf_label in Mclf:
   136 186.3515625000 MiB   0.0000000000 MiB           1           Comp_start = time.time();y_pred = clf.predict(X);clf_a = accuracy_score(y, y_pred);clf.partial_fit(X, y,[1,0]);Time.append(time.time() - Comp_start);Acc.append(clf_a)


Filename: meta.py

Line #    Mem usage    Increment  Occurrences   Line Contents
=============================================================
   133 186.3515625000 MiB 186.3515625000 MiB           1   @profile(precision=10,stream=open("BNG(breastTumor)_SRP.log", "w+"))
   134                                         def test_train(ep,Mclf,X,y):
   135 186.3515625000 MiB   0.0000000000 MiB           2       for clf,clf_label in Mclf:
   136 186.2929687500 MiB  -0.0585937500 MiB           1           Comp_start = time.time();y_pred = clf.predict(X);clf_a = accuracy_score(y, y_pred);clf.partial_fit(X, y,[1,0]);Time.append(time.time() - Comp_start);Acc.append(clf_a)


Filename: meta.py

Line #    Mem usage    Increment  Occurrences   Line Contents
=============================================================
   133 186.2929687500 MiB 186.2929687500 MiB           1   @profile(precision=10,stream=open("BNG(breastTumor)_SRP.log", "w+"))
   134                                         def test_train(ep,Mclf,X,y):
   135 186.2929687500 MiB   0.0000000000 MiB           2       for clf,clf_label in Mclf:
   136 186.2929687500 MiB   0.0000000000 MiB           1           Comp_start = time.time();y_pred = clf.predict(X);clf_a = accuracy_score(y, y_pred);clf.partial_fit(X, y,[1,0]);Time.append(time.time() - Comp_start);Acc.append(clf_a)


