Filename: meta.py

Line #    Mem usage    Increment  Occurrences   Line Contents
=============================================================
   133 185.1132812500 MiB 185.1132812500 MiB           1   @profile(precision=10,stream=open("BNG(breastTumor)_AEE.log", "w+"))
   134                                         def test_train(ep,Mclf,X,y):
   135 185.2890625000 MiB   0.0000000000 MiB           2       for clf,clf_label in Mclf:
   136 185.2890625000 MiB   0.1757812500 MiB           1           Comp_start = time.time();y_pred = clf.predict(X);clf_a = accuracy_score(y, y_pred);clf.partial_fit(X, y,[1,0]);Time.append(time.time() - Comp_start);Acc.append(clf_a)


Filename: meta.py

Line #    Mem usage    Increment  Occurrences   Line Contents
=============================================================
   133 185.2890625000 MiB 185.2890625000 MiB           1   @profile(precision=10,stream=open("BNG(breastTumor)_AEE.log", "w+"))
   134                                         def test_train(ep,Mclf,X,y):
   135 185.3515625000 MiB   0.0000000000 MiB           2       for clf,clf_label in Mclf:
   136 185.3515625000 MiB   0.0625000000 MiB           1           Comp_start = time.time();y_pred = clf.predict(X);clf_a = accuracy_score(y, y_pred);clf.partial_fit(X, y,[1,0]);Time.append(time.time() - Comp_start);Acc.append(clf_a)


Filename: meta.py

Line #    Mem usage    Increment  Occurrences   Line Contents
=============================================================
   133 185.3515625000 MiB 185.3515625000 MiB           1   @profile(precision=10,stream=open("BNG(breastTumor)_AEE.log", "w+"))
   134                                         def test_train(ep,Mclf,X,y):
   135 185.3515625000 MiB   0.0000000000 MiB           2       for clf,clf_label in Mclf:
   136 185.3515625000 MiB   0.0000000000 MiB           1           Comp_start = time.time();y_pred = clf.predict(X);clf_a = accuracy_score(y, y_pred);clf.partial_fit(X, y,[1,0]);Time.append(time.time() - Comp_start);Acc.append(clf_a)


Filename: meta.py

Line #    Mem usage    Increment  Occurrences   Line Contents
=============================================================
   133 185.3515625000 MiB 185.3515625000 MiB           1   @profile(precision=10,stream=open("BNG(breastTumor)_AEE.log", "w+"))
   134                                         def test_train(ep,Mclf,X,y):
   135 185.3515625000 MiB   0.0000000000 MiB           2       for clf,clf_label in Mclf:
   136 185.3515625000 MiB   0.0000000000 MiB           1           Comp_start = time.time();y_pred = clf.predict(X);clf_a = accuracy_score(y, y_pred);clf.partial_fit(X, y,[1,0]);Time.append(time.time() - Comp_start);Acc.append(clf_a)


Filename: meta.py

Line #    Mem usage    Increment  Occurrences   Line Contents
=============================================================
   133 185.3515625000 MiB 185.3515625000 MiB           1   @profile(precision=10,stream=open("BNG(breastTumor)_AEE.log", "w+"))
   134                                         def test_train(ep,Mclf,X,y):
   135 185.3515625000 MiB   0.0000000000 MiB           2       for clf,clf_label in Mclf:
   136 185.3515625000 MiB   0.0000000000 MiB           1           Comp_start = time.time();y_pred = clf.predict(X);clf_a = accuracy_score(y, y_pred);clf.partial_fit(X, y,[1,0]);Time.append(time.time() - Comp_start);Acc.append(clf_a)


Filename: meta.py

Line #    Mem usage    Increment  Occurrences   Line Contents
=============================================================
   133 185.3515625000 MiB 185.3515625000 MiB           1   @profile(precision=10,stream=open("BNG(breastTumor)_AEE.log", "w+"))
   134                                         def test_train(ep,Mclf,X,y):
   135 185.3515625000 MiB   0.0000000000 MiB           2       for clf,clf_label in Mclf:
   136 185.3515625000 MiB   0.0000000000 MiB           1           Comp_start = time.time();y_pred = clf.predict(X);clf_a = accuracy_score(y, y_pred);clf.partial_fit(X, y,[1,0]);Time.append(time.time() - Comp_start);Acc.append(clf_a)


Filename: meta.py

Line #    Mem usage    Increment  Occurrences   Line Contents
=============================================================
   133 185.3515625000 MiB 185.3515625000 MiB           1   @profile(precision=10,stream=open("BNG(breastTumor)_AEE.log", "w+"))
   134                                         def test_train(ep,Mclf,X,y):
   135 185.4140625000 MiB   0.0000000000 MiB           2       for clf,clf_label in Mclf:
   136 185.4140625000 MiB   0.0625000000 MiB           1           Comp_start = time.time();y_pred = clf.predict(X);clf_a = accuracy_score(y, y_pred);clf.partial_fit(X, y,[1,0]);Time.append(time.time() - Comp_start);Acc.append(clf_a)


Filename: meta.py

Line #    Mem usage    Increment  Occurrences   Line Contents
=============================================================
   133 185.4140625000 MiB 185.4140625000 MiB           1   @profile(precision=10,stream=open("BNG(breastTumor)_AEE.log", "w+"))
   134                                         def test_train(ep,Mclf,X,y):
   135 185.4140625000 MiB   0.0000000000 MiB           2       for clf,clf_label in Mclf:
   136 185.4140625000 MiB   0.0000000000 MiB           1           Comp_start = time.time();y_pred = clf.predict(X);clf_a = accuracy_score(y, y_pred);clf.partial_fit(X, y,[1,0]);Time.append(time.time() - Comp_start);Acc.append(clf_a)


Filename: meta.py

Line #    Mem usage    Increment  Occurrences   Line Contents
=============================================================
   133 185.4140625000 MiB 185.4140625000 MiB           1   @profile(precision=10,stream=open("BNG(breastTumor)_AEE.log", "w+"))
   134                                         def test_train(ep,Mclf,X,y):
   135 185.4140625000 MiB   0.0000000000 MiB           2       for clf,clf_label in Mclf:
   136 185.4140625000 MiB   0.0000000000 MiB           1           Comp_start = time.time();y_pred = clf.predict(X);clf_a = accuracy_score(y, y_pred);clf.partial_fit(X, y,[1,0]);Time.append(time.time() - Comp_start);Acc.append(clf_a)


Filename: meta.py

Line #    Mem usage    Increment  Occurrences   Line Contents
=============================================================
   133 185.4140625000 MiB 185.4140625000 MiB           1   @profile(precision=10,stream=open("BNG(breastTumor)_AEE.log", "w+"))
   134                                         def test_train(ep,Mclf,X,y):
   135 185.4531250000 MiB   0.0000000000 MiB           2       for clf,clf_label in Mclf:
   136 185.4531250000 MiB   0.0390625000 MiB           1           Comp_start = time.time();y_pred = clf.predict(X);clf_a = accuracy_score(y, y_pred);clf.partial_fit(X, y,[1,0]);Time.append(time.time() - Comp_start);Acc.append(clf_a)


