Filename: meta.py

Line #    Mem usage    Increment  Occurrences   Line Contents
=============================================================
   133 185.0664062500 MiB 185.0664062500 MiB           1   @profile(precision=10,stream=open("BNG(breastTumor)_BAI.log", "w+"))
   134                                         def test_train(ep,Mclf,X,y):
   135 185.3203125000 MiB   0.0000000000 MiB           2       for clf,clf_label in Mclf:
   136 185.3203125000 MiB   0.2539062500 MiB           1           Comp_start = time.time();y_pred = clf.predict(X);clf_a = accuracy_score(y, y_pred);clf.partial_fit(X, y,[1,0]);Time.append(time.time() - Comp_start);Acc.append(clf_a)


Filename: meta.py

Line #    Mem usage    Increment  Occurrences   Line Contents
=============================================================
   133 185.3203125000 MiB 185.3203125000 MiB           1   @profile(precision=10,stream=open("BNG(breastTumor)_BAI.log", "w+"))
   134                                         def test_train(ep,Mclf,X,y):
   135 185.3632812500 MiB   0.0000000000 MiB           2       for clf,clf_label in Mclf:
   136 185.3632812500 MiB   0.0429687500 MiB           1           Comp_start = time.time();y_pred = clf.predict(X);clf_a = accuracy_score(y, y_pred);clf.partial_fit(X, y,[1,0]);Time.append(time.time() - Comp_start);Acc.append(clf_a)


Filename: meta.py

Line #    Mem usage    Increment  Occurrences   Line Contents
=============================================================
   133 185.3671875000 MiB 185.3671875000 MiB           1   @profile(precision=10,stream=open("BNG(breastTumor)_BAI.log", "w+"))
   134                                         def test_train(ep,Mclf,X,y):
   135 185.3671875000 MiB   0.0000000000 MiB           2       for clf,clf_label in Mclf:
   136 185.3671875000 MiB   0.0000000000 MiB           1           Comp_start = time.time();y_pred = clf.predict(X);clf_a = accuracy_score(y, y_pred);clf.partial_fit(X, y,[1,0]);Time.append(time.time() - Comp_start);Acc.append(clf_a)


Filename: meta.py

Line #    Mem usage    Increment  Occurrences   Line Contents
=============================================================
   133 185.3710937500 MiB 185.3710937500 MiB           1   @profile(precision=10,stream=open("BNG(breastTumor)_BAI.log", "w+"))
   134                                         def test_train(ep,Mclf,X,y):
   135 185.3710937500 MiB   0.0000000000 MiB           2       for clf,clf_label in Mclf:
   136 185.3710937500 MiB   0.0000000000 MiB           1           Comp_start = time.time();y_pred = clf.predict(X);clf_a = accuracy_score(y, y_pred);clf.partial_fit(X, y,[1,0]);Time.append(time.time() - Comp_start);Acc.append(clf_a)


Filename: meta.py

Line #    Mem usage    Increment  Occurrences   Line Contents
=============================================================
   133 185.3750000000 MiB 185.3750000000 MiB           1   @profile(precision=10,stream=open("BNG(breastTumor)_BAI.log", "w+"))
   134                                         def test_train(ep,Mclf,X,y):
   135 185.3750000000 MiB   0.0000000000 MiB           2       for clf,clf_label in Mclf:
   136 185.3750000000 MiB   0.0000000000 MiB           1           Comp_start = time.time();y_pred = clf.predict(X);clf_a = accuracy_score(y, y_pred);clf.partial_fit(X, y,[1,0]);Time.append(time.time() - Comp_start);Acc.append(clf_a)


Filename: meta.py

Line #    Mem usage    Increment  Occurrences   Line Contents
=============================================================
   133 185.3789062500 MiB 185.3789062500 MiB           1   @profile(precision=10,stream=open("BNG(breastTumor)_BAI.log", "w+"))
   134                                         def test_train(ep,Mclf,X,y):
   135 185.3789062500 MiB   0.0000000000 MiB           2       for clf,clf_label in Mclf:
   136 185.3789062500 MiB   0.0000000000 MiB           1           Comp_start = time.time();y_pred = clf.predict(X);clf_a = accuracy_score(y, y_pred);clf.partial_fit(X, y,[1,0]);Time.append(time.time() - Comp_start);Acc.append(clf_a)


Filename: meta.py

Line #    Mem usage    Increment  Occurrences   Line Contents
=============================================================
   133 185.3828125000 MiB 185.3828125000 MiB           1   @profile(precision=10,stream=open("BNG(breastTumor)_BAI.log", "w+"))
   134                                         def test_train(ep,Mclf,X,y):
   135 185.3828125000 MiB   0.0000000000 MiB           2       for clf,clf_label in Mclf:
   136 185.3828125000 MiB   0.0000000000 MiB           1           Comp_start = time.time();y_pred = clf.predict(X);clf_a = accuracy_score(y, y_pred);clf.partial_fit(X, y,[1,0]);Time.append(time.time() - Comp_start);Acc.append(clf_a)


Filename: meta.py

Line #    Mem usage    Increment  Occurrences   Line Contents
=============================================================
   133 185.3828125000 MiB 185.3828125000 MiB           1   @profile(precision=10,stream=open("BNG(breastTumor)_BAI.log", "w+"))
   134                                         def test_train(ep,Mclf,X,y):
   135 185.3828125000 MiB   0.0000000000 MiB           2       for clf,clf_label in Mclf:
   136 185.3828125000 MiB   0.0000000000 MiB           1           Comp_start = time.time();y_pred = clf.predict(X);clf_a = accuracy_score(y, y_pred);clf.partial_fit(X, y,[1,0]);Time.append(time.time() - Comp_start);Acc.append(clf_a)


Filename: meta.py

Line #    Mem usage    Increment  Occurrences   Line Contents
=============================================================
   133 185.3828125000 MiB 185.3828125000 MiB           1   @profile(precision=10,stream=open("BNG(breastTumor)_BAI.log", "w+"))
   134                                         def test_train(ep,Mclf,X,y):
   135 185.3828125000 MiB   0.0000000000 MiB           2       for clf,clf_label in Mclf:
   136 185.3828125000 MiB   0.0000000000 MiB           1           Comp_start = time.time();y_pred = clf.predict(X);clf_a = accuracy_score(y, y_pred);clf.partial_fit(X, y,[1,0]);Time.append(time.time() - Comp_start);Acc.append(clf_a)


Filename: meta.py

Line #    Mem usage    Increment  Occurrences   Line Contents
=============================================================
   133 185.3867187500 MiB 185.3867187500 MiB           1   @profile(precision=10,stream=open("BNG(breastTumor)_BAI.log", "w+"))
   134                                         def test_train(ep,Mclf,X,y):
   135 185.3906250000 MiB   0.0000000000 MiB           2       for clf,clf_label in Mclf:
   136 185.3906250000 MiB   0.0039062500 MiB           1           Comp_start = time.time();y_pred = clf.predict(X);clf_a = accuracy_score(y, y_pred);clf.partial_fit(X, y,[1,0]);Time.append(time.time() - Comp_start);Acc.append(clf_a)


