Filename: meta.py

Line #    Mem usage    Increment  Occurrences   Line Contents
=============================================================
   133 185.1250000000 MiB 185.1250000000 MiB           1   @profile(precision=10,stream=open("BNG(breastTumor)_oBoost.log", "w+"))
   134                                         def test_train(ep,Mclf,X,y):
   135 185.1484375000 MiB   0.0000000000 MiB           2       for clf,clf_label in Mclf:
   136 185.1484375000 MiB   0.0234375000 MiB           1           Comp_start = time.time();y_pred = clf.predict(X);clf_a = accuracy_score(y, y_pred);clf.partial_fit(X, y,[1,0]);Time.append(time.time() - Comp_start);Acc.append(clf_a)


Filename: meta.py

Line #    Mem usage    Increment  Occurrences   Line Contents
=============================================================
   133 185.1484375000 MiB 185.1484375000 MiB           1   @profile(precision=10,stream=open("BNG(breastTumor)_oBoost.log", "w+"))
   134                                         def test_train(ep,Mclf,X,y):
   135 185.2539062500 MiB   0.0000000000 MiB           2       for clf,clf_label in Mclf:
   136 185.2539062500 MiB   0.1054687500 MiB           1           Comp_start = time.time();y_pred = clf.predict(X);clf_a = accuracy_score(y, y_pred);clf.partial_fit(X, y,[1,0]);Time.append(time.time() - Comp_start);Acc.append(clf_a)


Filename: meta.py

Line #    Mem usage    Increment  Occurrences   Line Contents
=============================================================
   133 185.2539062500 MiB 185.2539062500 MiB           1   @profile(precision=10,stream=open("BNG(breastTumor)_oBoost.log", "w+"))
   134                                         def test_train(ep,Mclf,X,y):
   135 185.2539062500 MiB   0.0000000000 MiB           2       for clf,clf_label in Mclf:
   136 185.2539062500 MiB   0.0000000000 MiB           1           Comp_start = time.time();y_pred = clf.predict(X);clf_a = accuracy_score(y, y_pred);clf.partial_fit(X, y,[1,0]);Time.append(time.time() - Comp_start);Acc.append(clf_a)


Filename: meta.py

Line #    Mem usage    Increment  Occurrences   Line Contents
=============================================================
   133 185.2539062500 MiB 185.2539062500 MiB           1   @profile(precision=10,stream=open("BNG(breastTumor)_oBoost.log", "w+"))
   134                                         def test_train(ep,Mclf,X,y):
   135 185.2617187500 MiB   0.0000000000 MiB           2       for clf,clf_label in Mclf:
   136 185.2617187500 MiB   0.0078125000 MiB           1           Comp_start = time.time();y_pred = clf.predict(X);clf_a = accuracy_score(y, y_pred);clf.partial_fit(X, y,[1,0]);Time.append(time.time() - Comp_start);Acc.append(clf_a)


Filename: meta.py

Line #    Mem usage    Increment  Occurrences   Line Contents
=============================================================
   133 185.2617187500 MiB 185.2617187500 MiB           1   @profile(precision=10,stream=open("BNG(breastTumor)_oBoost.log", "w+"))
   134                                         def test_train(ep,Mclf,X,y):
   135 185.2617187500 MiB   0.0000000000 MiB           2       for clf,clf_label in Mclf:
   136 185.2617187500 MiB   0.0000000000 MiB           1           Comp_start = time.time();y_pred = clf.predict(X);clf_a = accuracy_score(y, y_pred);clf.partial_fit(X, y,[1,0]);Time.append(time.time() - Comp_start);Acc.append(clf_a)


Filename: meta.py

Line #    Mem usage    Increment  Occurrences   Line Contents
=============================================================
   133 185.2617187500 MiB 185.2617187500 MiB           1   @profile(precision=10,stream=open("BNG(breastTumor)_oBoost.log", "w+"))
   134                                         def test_train(ep,Mclf,X,y):
   135 185.2617187500 MiB   0.0000000000 MiB           2       for clf,clf_label in Mclf:
   136 185.2617187500 MiB   0.0000000000 MiB           1           Comp_start = time.time();y_pred = clf.predict(X);clf_a = accuracy_score(y, y_pred);clf.partial_fit(X, y,[1,0]);Time.append(time.time() - Comp_start);Acc.append(clf_a)


Filename: meta.py

Line #    Mem usage    Increment  Occurrences   Line Contents
=============================================================
   133 185.2617187500 MiB 185.2617187500 MiB           1   @profile(precision=10,stream=open("BNG(breastTumor)_oBoost.log", "w+"))
   134                                         def test_train(ep,Mclf,X,y):
   135 185.2617187500 MiB   0.0000000000 MiB           2       for clf,clf_label in Mclf:
   136 185.2617187500 MiB   0.0000000000 MiB           1           Comp_start = time.time();y_pred = clf.predict(X);clf_a = accuracy_score(y, y_pred);clf.partial_fit(X, y,[1,0]);Time.append(time.time() - Comp_start);Acc.append(clf_a)


Filename: meta.py

Line #    Mem usage    Increment  Occurrences   Line Contents
=============================================================
   133 185.2617187500 MiB 185.2617187500 MiB           1   @profile(precision=10,stream=open("BNG(breastTumor)_oBoost.log", "w+"))
   134                                         def test_train(ep,Mclf,X,y):
   135 185.2617187500 MiB   0.0000000000 MiB           2       for clf,clf_label in Mclf:
   136 185.2617187500 MiB   0.0000000000 MiB           1           Comp_start = time.time();y_pred = clf.predict(X);clf_a = accuracy_score(y, y_pred);clf.partial_fit(X, y,[1,0]);Time.append(time.time() - Comp_start);Acc.append(clf_a)


Filename: meta.py

Line #    Mem usage    Increment  Occurrences   Line Contents
=============================================================
   133 185.2617187500 MiB 185.2617187500 MiB           1   @profile(precision=10,stream=open("BNG(breastTumor)_oBoost.log", "w+"))
   134                                         def test_train(ep,Mclf,X,y):
   135 185.2617187500 MiB   0.0000000000 MiB           2       for clf,clf_label in Mclf:
   136 185.2617187500 MiB   0.0000000000 MiB           1           Comp_start = time.time();y_pred = clf.predict(X);clf_a = accuracy_score(y, y_pred);clf.partial_fit(X, y,[1,0]);Time.append(time.time() - Comp_start);Acc.append(clf_a)


Filename: meta.py

Line #    Mem usage    Increment  Occurrences   Line Contents
=============================================================
   133 185.2617187500 MiB 185.2617187500 MiB           1   @profile(precision=10,stream=open("BNG(breastTumor)_oBoost.log", "w+"))
   134                                         def test_train(ep,Mclf,X,y):
   135 185.2656250000 MiB   0.0000000000 MiB           2       for clf,clf_label in Mclf:
   136 185.2656250000 MiB   0.0039062500 MiB           1           Comp_start = time.time();y_pred = clf.predict(X);clf_a = accuracy_score(y, y_pred);clf.partial_fit(X, y,[1,0]);Time.append(time.time() - Comp_start);Acc.append(clf_a)


