Filename: meta.py

Line #    Mem usage    Increment  Occurrences   Line Contents
=============================================================
   133 185.4726562500 MiB 185.4726562500 MiB           1   @profile(precision=10,stream=open("BNG(breastTumor)_LevBagg.log", "w+"))
   134                                         def test_train(ep,Mclf,X,y):
   135 186.9492187500 MiB   0.0000000000 MiB           2       for clf,clf_label in Mclf:
   136 186.9492187500 MiB   1.4765625000 MiB           1           Comp_start = time.time();y_pred = clf.predict(X);clf_a = accuracy_score(y, y_pred);clf.partial_fit(X, y,[1,0]);Time.append(time.time() - Comp_start);Acc.append(clf_a)


Filename: meta.py

Line #    Mem usage    Increment  Occurrences   Line Contents
=============================================================
   133 186.9492187500 MiB 186.9492187500 MiB           1   @profile(precision=10,stream=open("BNG(breastTumor)_LevBagg.log", "w+"))
   134                                         def test_train(ep,Mclf,X,y):
   135 187.1992187500 MiB   0.0000000000 MiB           2       for clf,clf_label in Mclf:
   136 187.1992187500 MiB   0.2500000000 MiB           1           Comp_start = time.time();y_pred = clf.predict(X);clf_a = accuracy_score(y, y_pred);clf.partial_fit(X, y,[1,0]);Time.append(time.time() - Comp_start);Acc.append(clf_a)


Filename: meta.py

Line #    Mem usage    Increment  Occurrences   Line Contents
=============================================================
   133 187.1992187500 MiB 187.1992187500 MiB           1   @profile(precision=10,stream=open("BNG(breastTumor)_LevBagg.log", "w+"))
   134                                         def test_train(ep,Mclf,X,y):
   135 187.1992187500 MiB   0.0000000000 MiB           2       for clf,clf_label in Mclf:
   136 187.1992187500 MiB   0.0000000000 MiB           1           Comp_start = time.time();y_pred = clf.predict(X);clf_a = accuracy_score(y, y_pred);clf.partial_fit(X, y,[1,0]);Time.append(time.time() - Comp_start);Acc.append(clf_a)


Filename: meta.py

Line #    Mem usage    Increment  Occurrences   Line Contents
=============================================================
   133 187.1992187500 MiB 187.1992187500 MiB           1   @profile(precision=10,stream=open("BNG(breastTumor)_LevBagg.log", "w+"))
   134                                         def test_train(ep,Mclf,X,y):
   135 187.1992187500 MiB   0.0000000000 MiB           2       for clf,clf_label in Mclf:
   136 187.1406250000 MiB  -0.0585937500 MiB           1           Comp_start = time.time();y_pred = clf.predict(X);clf_a = accuracy_score(y, y_pred);clf.partial_fit(X, y,[1,0]);Time.append(time.time() - Comp_start);Acc.append(clf_a)


Filename: meta.py

Line #    Mem usage    Increment  Occurrences   Line Contents
=============================================================
   133 187.1406250000 MiB 187.1406250000 MiB           1   @profile(precision=10,stream=open("BNG(breastTumor)_LevBagg.log", "w+"))
   134                                         def test_train(ep,Mclf,X,y):
   135 187.1406250000 MiB   0.0000000000 MiB           2       for clf,clf_label in Mclf:
   136 187.1406250000 MiB   0.0000000000 MiB           1           Comp_start = time.time();y_pred = clf.predict(X);clf_a = accuracy_score(y, y_pred);clf.partial_fit(X, y,[1,0]);Time.append(time.time() - Comp_start);Acc.append(clf_a)


Filename: meta.py

Line #    Mem usage    Increment  Occurrences   Line Contents
=============================================================
   133 187.1406250000 MiB 187.1406250000 MiB           1   @profile(precision=10,stream=open("BNG(breastTumor)_LevBagg.log", "w+"))
   134                                         def test_train(ep,Mclf,X,y):
   135 187.1406250000 MiB   0.0000000000 MiB           2       for clf,clf_label in Mclf:
   136 187.1406250000 MiB   0.0000000000 MiB           1           Comp_start = time.time();y_pred = clf.predict(X);clf_a = accuracy_score(y, y_pred);clf.partial_fit(X, y,[1,0]);Time.append(time.time() - Comp_start);Acc.append(clf_a)


Filename: meta.py

Line #    Mem usage    Increment  Occurrences   Line Contents
=============================================================
   133 187.1406250000 MiB 187.1406250000 MiB           1   @profile(precision=10,stream=open("BNG(breastTumor)_LevBagg.log", "w+"))
   134                                         def test_train(ep,Mclf,X,y):
   135 187.1406250000 MiB   0.0000000000 MiB           2       for clf,clf_label in Mclf:
   136 187.1406250000 MiB   0.0000000000 MiB           1           Comp_start = time.time();y_pred = clf.predict(X);clf_a = accuracy_score(y, y_pred);clf.partial_fit(X, y,[1,0]);Time.append(time.time() - Comp_start);Acc.append(clf_a)


Filename: meta.py

Line #    Mem usage    Increment  Occurrences   Line Contents
=============================================================
   133 187.1406250000 MiB 187.1406250000 MiB           1   @profile(precision=10,stream=open("BNG(breastTumor)_LevBagg.log", "w+"))
   134                                         def test_train(ep,Mclf,X,y):
   135 187.1406250000 MiB   0.0000000000 MiB           2       for clf,clf_label in Mclf:
   136 187.1132812500 MiB  -0.0273437500 MiB           1           Comp_start = time.time();y_pred = clf.predict(X);clf_a = accuracy_score(y, y_pred);clf.partial_fit(X, y,[1,0]);Time.append(time.time() - Comp_start);Acc.append(clf_a)


Filename: meta.py

Line #    Mem usage    Increment  Occurrences   Line Contents
=============================================================
   133 187.1132812500 MiB 187.1132812500 MiB           1   @profile(precision=10,stream=open("BNG(breastTumor)_LevBagg.log", "w+"))
   134                                         def test_train(ep,Mclf,X,y):
   135 187.1132812500 MiB   0.0000000000 MiB           2       for clf,clf_label in Mclf:
   136 187.1132812500 MiB   0.0000000000 MiB           1           Comp_start = time.time();y_pred = clf.predict(X);clf_a = accuracy_score(y, y_pred);clf.partial_fit(X, y,[1,0]);Time.append(time.time() - Comp_start);Acc.append(clf_a)


Filename: meta.py

Line #    Mem usage    Increment  Occurrences   Line Contents
=============================================================
   133 187.1132812500 MiB 187.1132812500 MiB           1   @profile(precision=10,stream=open("BNG(breastTumor)_LevBagg.log", "w+"))
   134                                         def test_train(ep,Mclf,X,y):
   135 187.1132812500 MiB   0.0000000000 MiB           2       for clf,clf_label in Mclf:
   136 187.1132812500 MiB   0.0000000000 MiB           1           Comp_start = time.time();y_pred = clf.predict(X);clf_a = accuracy_score(y, y_pred);clf.partial_fit(X, y,[1,0]);Time.append(time.time() - Comp_start);Acc.append(clf_a)


