Filename: meta.py

Line #    Mem usage    Increment  Occurrences   Line Contents
=============================================================
   133 304.5039062500 MiB 304.5039062500 MiB           1   @profile(precision=10,stream=open("census_AEE.log", "w+"))
   134                                         def test_train(ep,Mclf,X,y):
   135 304.9218750000 MiB   0.0000000000 MiB           2       for clf,clf_label in Mclf:
   136 304.9218750000 MiB   0.4179687500 MiB           1           Comp_start = time.time();y_pred = clf.predict(X);clf_a = accuracy_score(y, y_pred);clf.partial_fit(X, y,[1,0]);Time.append(time.time() - Comp_start);Acc.append(clf_a)


Filename: meta.py

Line #    Mem usage    Increment  Occurrences   Line Contents
=============================================================
   133 304.9218750000 MiB 304.9218750000 MiB           1   @profile(precision=10,stream=open("census_AEE.log", "w+"))
   134                                         def test_train(ep,Mclf,X,y):
   135 304.9453125000 MiB   0.0000000000 MiB           2       for clf,clf_label in Mclf:
   136 304.9453125000 MiB   0.0234375000 MiB           1           Comp_start = time.time();y_pred = clf.predict(X);clf_a = accuracy_score(y, y_pred);clf.partial_fit(X, y,[1,0]);Time.append(time.time() - Comp_start);Acc.append(clf_a)


Filename: meta.py

Line #    Mem usage    Increment  Occurrences   Line Contents
=============================================================
   133 304.9453125000 MiB 304.9453125000 MiB           1   @profile(precision=10,stream=open("census_AEE.log", "w+"))
   134                                         def test_train(ep,Mclf,X,y):
   135 304.9843750000 MiB   0.0000000000 MiB           2       for clf,clf_label in Mclf:
   136 304.9843750000 MiB   0.0390625000 MiB           1           Comp_start = time.time();y_pred = clf.predict(X);clf_a = accuracy_score(y, y_pred);clf.partial_fit(X, y,[1,0]);Time.append(time.time() - Comp_start);Acc.append(clf_a)


Filename: meta.py

Line #    Mem usage    Increment  Occurrences   Line Contents
=============================================================
   133 304.9843750000 MiB 304.9843750000 MiB           1   @profile(precision=10,stream=open("census_AEE.log", "w+"))
   134                                         def test_train(ep,Mclf,X,y):
   135 305.0468750000 MiB   0.0000000000 MiB           2       for clf,clf_label in Mclf:
   136 305.0468750000 MiB   0.0625000000 MiB           1           Comp_start = time.time();y_pred = clf.predict(X);clf_a = accuracy_score(y, y_pred);clf.partial_fit(X, y,[1,0]);Time.append(time.time() - Comp_start);Acc.append(clf_a)


Filename: meta.py

Line #    Mem usage    Increment  Occurrences   Line Contents
=============================================================
   133 305.0468750000 MiB 305.0468750000 MiB           1   @profile(precision=10,stream=open("census_AEE.log", "w+"))
   134                                         def test_train(ep,Mclf,X,y):
   135 305.0468750000 MiB   0.0000000000 MiB           2       for clf,clf_label in Mclf:
   136 304.9882812500 MiB  -0.0585937500 MiB           1           Comp_start = time.time();y_pred = clf.predict(X);clf_a = accuracy_score(y, y_pred);clf.partial_fit(X, y,[1,0]);Time.append(time.time() - Comp_start);Acc.append(clf_a)


Filename: meta.py

Line #    Mem usage    Increment  Occurrences   Line Contents
=============================================================
   133 304.9882812500 MiB 304.9882812500 MiB           1   @profile(precision=10,stream=open("census_AEE.log", "w+"))
   134                                         def test_train(ep,Mclf,X,y):
   135 304.9882812500 MiB   0.0000000000 MiB           2       for clf,clf_label in Mclf:
   136 304.9882812500 MiB   0.0000000000 MiB           1           Comp_start = time.time();y_pred = clf.predict(X);clf_a = accuracy_score(y, y_pred);clf.partial_fit(X, y,[1,0]);Time.append(time.time() - Comp_start);Acc.append(clf_a)


Filename: meta.py

Line #    Mem usage    Increment  Occurrences   Line Contents
=============================================================
   133 304.9882812500 MiB 304.9882812500 MiB           1   @profile(precision=10,stream=open("census_AEE.log", "w+"))
   134                                         def test_train(ep,Mclf,X,y):
   135 304.9882812500 MiB   0.0000000000 MiB           2       for clf,clf_label in Mclf:
   136 304.9882812500 MiB   0.0000000000 MiB           1           Comp_start = time.time();y_pred = clf.predict(X);clf_a = accuracy_score(y, y_pred);clf.partial_fit(X, y,[1,0]);Time.append(time.time() - Comp_start);Acc.append(clf_a)


Filename: meta.py

Line #    Mem usage    Increment  Occurrences   Line Contents
=============================================================
   133 304.9882812500 MiB 304.9882812500 MiB           1   @profile(precision=10,stream=open("census_AEE.log", "w+"))
   134                                         def test_train(ep,Mclf,X,y):
   135 304.9882812500 MiB   0.0000000000 MiB           2       for clf,clf_label in Mclf:
   136 304.9882812500 MiB   0.0000000000 MiB           1           Comp_start = time.time();y_pred = clf.predict(X);clf_a = accuracy_score(y, y_pred);clf.partial_fit(X, y,[1,0]);Time.append(time.time() - Comp_start);Acc.append(clf_a)


Filename: meta.py

Line #    Mem usage    Increment  Occurrences   Line Contents
=============================================================
   133 304.9882812500 MiB 304.9882812500 MiB           1   @profile(precision=10,stream=open("census_AEE.log", "w+"))
   134                                         def test_train(ep,Mclf,X,y):
   135 304.9882812500 MiB   0.0000000000 MiB           2       for clf,clf_label in Mclf:
   136 304.9882812500 MiB   0.0000000000 MiB           1           Comp_start = time.time();y_pred = clf.predict(X);clf_a = accuracy_score(y, y_pred);clf.partial_fit(X, y,[1,0]);Time.append(time.time() - Comp_start);Acc.append(clf_a)


Filename: meta.py

Line #    Mem usage    Increment  Occurrences   Line Contents
=============================================================
   133 304.9882812500 MiB 304.9882812500 MiB           1   @profile(precision=10,stream=open("census_AEE.log", "w+"))
   134                                         def test_train(ep,Mclf,X,y):
   135 305.0234375000 MiB   0.0000000000 MiB           2       for clf,clf_label in Mclf:
   136 305.0234375000 MiB   0.0351562500 MiB           1           Comp_start = time.time();y_pred = clf.predict(X);clf_a = accuracy_score(y, y_pred);clf.partial_fit(X, y,[1,0]);Time.append(time.time() - Comp_start);Acc.append(clf_a)


