Filename: meta.py

Line #    Mem usage    Increment  Occurrences   Line Contents
=============================================================
   133 173.3085937500 MiB 173.3085937500 MiB           1   @profile(precision=10,stream=open("Concept_SRP.log", "w+"))
   134                                         def test_train(ep,Mclf,X,y):
   135 174.8046875000 MiB   0.0000000000 MiB           2       for clf,clf_label in Mclf:
   136 174.8046875000 MiB   1.4960937500 MiB           1           Comp_start = time.time();y_pred = clf.predict(X);clf_a = accuracy_score(y, y_pred);clf.partial_fit(X, y,[1,0]);Time.append(time.time() - Comp_start);Acc.append(clf_a)


Filename: meta.py

Line #    Mem usage    Increment  Occurrences   Line Contents
=============================================================
   133 174.8125000000 MiB 174.8125000000 MiB           1   @profile(precision=10,stream=open("Concept_SRP.log", "w+"))
   134                                         def test_train(ep,Mclf,X,y):
   135 175.7460937500 MiB   0.0000000000 MiB           2       for clf,clf_label in Mclf:
   136 175.7460937500 MiB   0.9335937500 MiB           1           Comp_start = time.time();y_pred = clf.predict(X);clf_a = accuracy_score(y, y_pred);clf.partial_fit(X, y,[1,0]);Time.append(time.time() - Comp_start);Acc.append(clf_a)


Filename: meta.py

Line #    Mem usage    Increment  Occurrences   Line Contents
=============================================================
   133 175.7460937500 MiB 175.7460937500 MiB           1   @profile(precision=10,stream=open("Concept_SRP.log", "w+"))
   134                                         def test_train(ep,Mclf,X,y):
   135 175.8437500000 MiB   0.0000000000 MiB           2       for clf,clf_label in Mclf:
   136 175.8437500000 MiB   0.0976562500 MiB           1           Comp_start = time.time();y_pred = clf.predict(X);clf_a = accuracy_score(y, y_pred);clf.partial_fit(X, y,[1,0]);Time.append(time.time() - Comp_start);Acc.append(clf_a)


Filename: meta.py

Line #    Mem usage    Increment  Occurrences   Line Contents
=============================================================
   133 175.8437500000 MiB 175.8437500000 MiB           1   @profile(precision=10,stream=open("Concept_SRP.log", "w+"))
   134                                         def test_train(ep,Mclf,X,y):
   135 175.8437500000 MiB   0.0000000000 MiB           2       for clf,clf_label in Mclf:
   136 175.8437500000 MiB   0.0000000000 MiB           1           Comp_start = time.time();y_pred = clf.predict(X);clf_a = accuracy_score(y, y_pred);clf.partial_fit(X, y,[1,0]);Time.append(time.time() - Comp_start);Acc.append(clf_a)


Filename: meta.py

Line #    Mem usage    Increment  Occurrences   Line Contents
=============================================================
   133 175.8437500000 MiB 175.8437500000 MiB           1   @profile(precision=10,stream=open("Concept_SRP.log", "w+"))
   134                                         def test_train(ep,Mclf,X,y):
   135 175.8828125000 MiB   0.0000000000 MiB           2       for clf,clf_label in Mclf:
   136 175.8828125000 MiB   0.0390625000 MiB           1           Comp_start = time.time();y_pred = clf.predict(X);clf_a = accuracy_score(y, y_pred);clf.partial_fit(X, y,[1,0]);Time.append(time.time() - Comp_start);Acc.append(clf_a)


Filename: meta.py

Line #    Mem usage    Increment  Occurrences   Line Contents
=============================================================
   133 175.8828125000 MiB 175.8828125000 MiB           1   @profile(precision=10,stream=open("Concept_SRP.log", "w+"))
   134                                         def test_train(ep,Mclf,X,y):
   135 175.8828125000 MiB   0.0000000000 MiB           2       for clf,clf_label in Mclf:
   136 175.8828125000 MiB   0.0000000000 MiB           1           Comp_start = time.time();y_pred = clf.predict(X);clf_a = accuracy_score(y, y_pred);clf.partial_fit(X, y,[1,0]);Time.append(time.time() - Comp_start);Acc.append(clf_a)


Filename: meta.py

Line #    Mem usage    Increment  Occurrences   Line Contents
=============================================================
   133 175.8828125000 MiB 175.8828125000 MiB           1   @profile(precision=10,stream=open("Concept_SRP.log", "w+"))
   134                                         def test_train(ep,Mclf,X,y):
   135 175.8828125000 MiB   0.0000000000 MiB           2       for clf,clf_label in Mclf:
   136 175.8828125000 MiB   0.0000000000 MiB           1           Comp_start = time.time();y_pred = clf.predict(X);clf_a = accuracy_score(y, y_pred);clf.partial_fit(X, y,[1,0]);Time.append(time.time() - Comp_start);Acc.append(clf_a)


Filename: meta.py

Line #    Mem usage    Increment  Occurrences   Line Contents
=============================================================
   133 175.8828125000 MiB 175.8828125000 MiB           1   @profile(precision=10,stream=open("Concept_SRP.log", "w+"))
   134                                         def test_train(ep,Mclf,X,y):
   135 175.8828125000 MiB   0.0000000000 MiB           2       for clf,clf_label in Mclf:
   136 175.8828125000 MiB   0.0000000000 MiB           1           Comp_start = time.time();y_pred = clf.predict(X);clf_a = accuracy_score(y, y_pred);clf.partial_fit(X, y,[1,0]);Time.append(time.time() - Comp_start);Acc.append(clf_a)


Filename: meta.py

Line #    Mem usage    Increment  Occurrences   Line Contents
=============================================================
   133 175.8828125000 MiB 175.8828125000 MiB           1   @profile(precision=10,stream=open("Concept_SRP.log", "w+"))
   134                                         def test_train(ep,Mclf,X,y):
   135 175.8828125000 MiB   0.0000000000 MiB           2       for clf,clf_label in Mclf:
   136 175.8828125000 MiB   0.0000000000 MiB           1           Comp_start = time.time();y_pred = clf.predict(X);clf_a = accuracy_score(y, y_pred);clf.partial_fit(X, y,[1,0]);Time.append(time.time() - Comp_start);Acc.append(clf_a)


Filename: meta.py

Line #    Mem usage    Increment  Occurrences   Line Contents
=============================================================
   133 175.8828125000 MiB 175.8828125000 MiB           1   @profile(precision=10,stream=open("Concept_SRP.log", "w+"))
   134                                         def test_train(ep,Mclf,X,y):
   135 175.8828125000 MiB   0.0000000000 MiB           2       for clf,clf_label in Mclf:
   136 175.8281250000 MiB  -0.0546875000 MiB           1           Comp_start = time.time();y_pred = clf.predict(X);clf_a = accuracy_score(y, y_pred);clf.partial_fit(X, y,[1,0]);Time.append(time.time() - Comp_start);Acc.append(clf_a)


