Filename: meta.py

Line #    Mem usage    Increment  Occurrences   Line Contents
=============================================================
   133 173.1835937500 MiB 173.1835937500 MiB           1   @profile(precision=10,stream=open("Concept_OzaBagg.log", "w+"))
   134                                         def test_train(ep,Mclf,X,y):
   135 176.2773437500 MiB   0.0000000000 MiB           2       for clf,clf_label in Mclf:
   136 176.2773437500 MiB   3.0937500000 MiB           1           Comp_start = time.time();y_pred = clf.predict(X);clf_a = accuracy_score(y, y_pred);clf.partial_fit(X, y,[1,0]);Time.append(time.time() - Comp_start);Acc.append(clf_a)


Filename: meta.py

Line #    Mem usage    Increment  Occurrences   Line Contents
=============================================================
   133 176.2773437500 MiB 176.2773437500 MiB           1   @profile(precision=10,stream=open("Concept_OzaBagg.log", "w+"))
   134                                         def test_train(ep,Mclf,X,y):
   135 176.4414062500 MiB   0.0000000000 MiB           2       for clf,clf_label in Mclf:
   136 176.4414062500 MiB   0.1640625000 MiB           1           Comp_start = time.time();y_pred = clf.predict(X);clf_a = accuracy_score(y, y_pred);clf.partial_fit(X, y,[1,0]);Time.append(time.time() - Comp_start);Acc.append(clf_a)


Filename: meta.py

Line #    Mem usage    Increment  Occurrences   Line Contents
=============================================================
   133 176.4414062500 MiB 176.4414062500 MiB           1   @profile(precision=10,stream=open("Concept_OzaBagg.log", "w+"))
   134                                         def test_train(ep,Mclf,X,y):
   135 176.4414062500 MiB   0.0000000000 MiB           2       for clf,clf_label in Mclf:
   136 176.4414062500 MiB   0.0000000000 MiB           1           Comp_start = time.time();y_pred = clf.predict(X);clf_a = accuracy_score(y, y_pred);clf.partial_fit(X, y,[1,0]);Time.append(time.time() - Comp_start);Acc.append(clf_a)


Filename: meta.py

Line #    Mem usage    Increment  Occurrences   Line Contents
=============================================================
   133 176.4414062500 MiB 176.4414062500 MiB           1   @profile(precision=10,stream=open("Concept_OzaBagg.log", "w+"))
   134                                         def test_train(ep,Mclf,X,y):
   135 176.4414062500 MiB   0.0000000000 MiB           2       for clf,clf_label in Mclf:
   136 176.3906250000 MiB  -0.0507812500 MiB           1           Comp_start = time.time();y_pred = clf.predict(X);clf_a = accuracy_score(y, y_pred);clf.partial_fit(X, y,[1,0]);Time.append(time.time() - Comp_start);Acc.append(clf_a)


Filename: meta.py

Line #    Mem usage    Increment  Occurrences   Line Contents
=============================================================
   133 176.3906250000 MiB 176.3906250000 MiB           1   @profile(precision=10,stream=open("Concept_OzaBagg.log", "w+"))
   134                                         def test_train(ep,Mclf,X,y):
   135 176.3945312500 MiB   0.0000000000 MiB           2       for clf,clf_label in Mclf:
   136 176.3945312500 MiB   0.0039062500 MiB           1           Comp_start = time.time();y_pred = clf.predict(X);clf_a = accuracy_score(y, y_pred);clf.partial_fit(X, y,[1,0]);Time.append(time.time() - Comp_start);Acc.append(clf_a)


Filename: meta.py

Line #    Mem usage    Increment  Occurrences   Line Contents
=============================================================
   133 176.3945312500 MiB 176.3945312500 MiB           1   @profile(precision=10,stream=open("Concept_OzaBagg.log", "w+"))
   134                                         def test_train(ep,Mclf,X,y):
   135 176.3945312500 MiB   0.0000000000 MiB           2       for clf,clf_label in Mclf:
   136 176.3945312500 MiB   0.0000000000 MiB           1           Comp_start = time.time();y_pred = clf.predict(X);clf_a = accuracy_score(y, y_pred);clf.partial_fit(X, y,[1,0]);Time.append(time.time() - Comp_start);Acc.append(clf_a)


Filename: meta.py

Line #    Mem usage    Increment  Occurrences   Line Contents
=============================================================
   133 176.3945312500 MiB 176.3945312500 MiB           1   @profile(precision=10,stream=open("Concept_OzaBagg.log", "w+"))
   134                                         def test_train(ep,Mclf,X,y):
   135 176.3984375000 MiB   0.0000000000 MiB           2       for clf,clf_label in Mclf:
   136 176.3984375000 MiB   0.0039062500 MiB           1           Comp_start = time.time();y_pred = clf.predict(X);clf_a = accuracy_score(y, y_pred);clf.partial_fit(X, y,[1,0]);Time.append(time.time() - Comp_start);Acc.append(clf_a)


Filename: meta.py

Line #    Mem usage    Increment  Occurrences   Line Contents
=============================================================
   133 176.3984375000 MiB 176.3984375000 MiB           1   @profile(precision=10,stream=open("Concept_OzaBagg.log", "w+"))
   134                                         def test_train(ep,Mclf,X,y):
   135 176.3984375000 MiB   0.0000000000 MiB           2       for clf,clf_label in Mclf:
   136 176.3710937500 MiB  -0.0273437500 MiB           1           Comp_start = time.time();y_pred = clf.predict(X);clf_a = accuracy_score(y, y_pred);clf.partial_fit(X, y,[1,0]);Time.append(time.time() - Comp_start);Acc.append(clf_a)


Filename: meta.py

Line #    Mem usage    Increment  Occurrences   Line Contents
=============================================================
   133 176.3710937500 MiB 176.3710937500 MiB           1   @profile(precision=10,stream=open("Concept_OzaBagg.log", "w+"))
   134                                         def test_train(ep,Mclf,X,y):
   135 176.3710937500 MiB   0.0000000000 MiB           2       for clf,clf_label in Mclf:
   136 176.3710937500 MiB   0.0000000000 MiB           1           Comp_start = time.time();y_pred = clf.predict(X);clf_a = accuracy_score(y, y_pred);clf.partial_fit(X, y,[1,0]);Time.append(time.time() - Comp_start);Acc.append(clf_a)


Filename: meta.py

Line #    Mem usage    Increment  Occurrences   Line Contents
=============================================================
   133 176.3710937500 MiB 176.3710937500 MiB           1   @profile(precision=10,stream=open("Concept_OzaBagg.log", "w+"))
   134                                         def test_train(ep,Mclf,X,y):
   135 176.3710937500 MiB   0.0000000000 MiB           2       for clf,clf_label in Mclf:
   136 176.3710937500 MiB   0.0000000000 MiB           1           Comp_start = time.time();y_pred = clf.predict(X);clf_a = accuracy_score(y, y_pred);clf.partial_fit(X, y,[1,0]);Time.append(time.time() - Comp_start);Acc.append(clf_a)


