Filename: meta.py

Line #    Mem usage    Increment  Occurrences   Line Contents
=============================================================
   133 173.3632812500 MiB 173.3632812500 MiB           1   @profile(precision=10,stream=open("Concept_DWM.log", "w+"))
   134                                         def test_train(ep,Mclf,X,y):
   135 173.4453125000 MiB   0.0000000000 MiB           2       for clf,clf_label in Mclf:
   136 173.4453125000 MiB   0.0820312500 MiB           1           Comp_start = time.time();y_pred = clf.predict(X);clf_a = accuracy_score(y, y_pred);clf.partial_fit(X, y,[1,0]);Time.append(time.time() - Comp_start);Acc.append(clf_a)


Filename: meta.py

Line #    Mem usage    Increment  Occurrences   Line Contents
=============================================================
   133 173.4453125000 MiB 173.4453125000 MiB           1   @profile(precision=10,stream=open("Concept_DWM.log", "w+"))
   134                                         def test_train(ep,Mclf,X,y):
   135 173.5078125000 MiB   0.0000000000 MiB           2       for clf,clf_label in Mclf:
   136 173.5078125000 MiB   0.0625000000 MiB           1           Comp_start = time.time();y_pred = clf.predict(X);clf_a = accuracy_score(y, y_pred);clf.partial_fit(X, y,[1,0]);Time.append(time.time() - Comp_start);Acc.append(clf_a)


Filename: meta.py

Line #    Mem usage    Increment  Occurrences   Line Contents
=============================================================
   133 173.5156250000 MiB 173.5156250000 MiB           1   @profile(precision=10,stream=open("Concept_DWM.log", "w+"))
   134                                         def test_train(ep,Mclf,X,y):
   135 173.5429687500 MiB   0.0000000000 MiB           2       for clf,clf_label in Mclf:
   136 173.5429687500 MiB   0.0273437500 MiB           1           Comp_start = time.time();y_pred = clf.predict(X);clf_a = accuracy_score(y, y_pred);clf.partial_fit(X, y,[1,0]);Time.append(time.time() - Comp_start);Acc.append(clf_a)


Filename: meta.py

Line #    Mem usage    Increment  Occurrences   Line Contents
=============================================================
   133 173.5507812500 MiB 173.5507812500 MiB           1   @profile(precision=10,stream=open("Concept_DWM.log", "w+"))
   134                                         def test_train(ep,Mclf,X,y):
   135 173.5507812500 MiB   0.0000000000 MiB           2       for clf,clf_label in Mclf:
   136 173.5507812500 MiB   0.0000000000 MiB           1           Comp_start = time.time();y_pred = clf.predict(X);clf_a = accuracy_score(y, y_pred);clf.partial_fit(X, y,[1,0]);Time.append(time.time() - Comp_start);Acc.append(clf_a)


Filename: meta.py

Line #    Mem usage    Increment  Occurrences   Line Contents
=============================================================
   133 173.5507812500 MiB 173.5507812500 MiB           1   @profile(precision=10,stream=open("Concept_DWM.log", "w+"))
   134                                         def test_train(ep,Mclf,X,y):
   135 173.5507812500 MiB   0.0000000000 MiB           2       for clf,clf_label in Mclf:
   136 173.5507812500 MiB   0.0000000000 MiB           1           Comp_start = time.time();y_pred = clf.predict(X);clf_a = accuracy_score(y, y_pred);clf.partial_fit(X, y,[1,0]);Time.append(time.time() - Comp_start);Acc.append(clf_a)


Filename: meta.py

Line #    Mem usage    Increment  Occurrences   Line Contents
=============================================================
   133 173.5507812500 MiB 173.5507812500 MiB           1   @profile(precision=10,stream=open("Concept_DWM.log", "w+"))
   134                                         def test_train(ep,Mclf,X,y):
   135 173.5507812500 MiB   0.0000000000 MiB           2       for clf,clf_label in Mclf:
   136 173.5507812500 MiB   0.0000000000 MiB           1           Comp_start = time.time();y_pred = clf.predict(X);clf_a = accuracy_score(y, y_pred);clf.partial_fit(X, y,[1,0]);Time.append(time.time() - Comp_start);Acc.append(clf_a)


Filename: meta.py

Line #    Mem usage    Increment  Occurrences   Line Contents
=============================================================
   133 173.5507812500 MiB 173.5507812500 MiB           1   @profile(precision=10,stream=open("Concept_DWM.log", "w+"))
   134                                         def test_train(ep,Mclf,X,y):
   135 173.5507812500 MiB   0.0000000000 MiB           2       for clf,clf_label in Mclf:
   136 173.5507812500 MiB   0.0000000000 MiB           1           Comp_start = time.time();y_pred = clf.predict(X);clf_a = accuracy_score(y, y_pred);clf.partial_fit(X, y,[1,0]);Time.append(time.time() - Comp_start);Acc.append(clf_a)


Filename: meta.py

Line #    Mem usage    Increment  Occurrences   Line Contents
=============================================================
   133 173.5507812500 MiB 173.5507812500 MiB           1   @profile(precision=10,stream=open("Concept_DWM.log", "w+"))
   134                                         def test_train(ep,Mclf,X,y):
   135 173.5507812500 MiB   0.0000000000 MiB           2       for clf,clf_label in Mclf:
   136 173.5507812500 MiB   0.0000000000 MiB           1           Comp_start = time.time();y_pred = clf.predict(X);clf_a = accuracy_score(y, y_pred);clf.partial_fit(X, y,[1,0]);Time.append(time.time() - Comp_start);Acc.append(clf_a)


Filename: meta.py

Line #    Mem usage    Increment  Occurrences   Line Contents
=============================================================
   133 173.5507812500 MiB 173.5507812500 MiB           1   @profile(precision=10,stream=open("Concept_DWM.log", "w+"))
   134                                         def test_train(ep,Mclf,X,y):
   135 173.5507812500 MiB   0.0000000000 MiB           2       for clf,clf_label in Mclf:
   136 173.5507812500 MiB   0.0000000000 MiB           1           Comp_start = time.time();y_pred = clf.predict(X);clf_a = accuracy_score(y, y_pred);clf.partial_fit(X, y,[1,0]);Time.append(time.time() - Comp_start);Acc.append(clf_a)


Filename: meta.py

Line #    Mem usage    Increment  Occurrences   Line Contents
=============================================================
   133 173.5507812500 MiB 173.5507812500 MiB           1   @profile(precision=10,stream=open("Concept_DWM.log", "w+"))
   134                                         def test_train(ep,Mclf,X,y):
   135 173.5507812500 MiB   0.0000000000 MiB           2       for clf,clf_label in Mclf:
   136 173.5507812500 MiB   0.0000000000 MiB           1           Comp_start = time.time();y_pred = clf.predict(X);clf_a = accuracy_score(y, y_pred);clf.partial_fit(X, y,[1,0]);Time.append(time.time() - Comp_start);Acc.append(clf_a)


