Filename: meta.py

Line #    Mem usage    Increment  Occurrences   Line Contents
=============================================================
   133 253.2539062500 MiB 253.2539062500 MiB           1   @profile(precision=10,stream=open("diabetic_data_DWM.log", "w+"))
   134                                         def test_train(ep,Mclf,X,y):
   135 253.6679687500 MiB   0.0000000000 MiB           2       for clf,clf_label in Mclf:
   136 253.6679687500 MiB   0.4140625000 MiB           1           Comp_start = time.time();y_pred = clf.predict(X);clf_a = accuracy_score(y, y_pred);clf.partial_fit(X, y,[1,0]);Time.append(time.time() - Comp_start);Acc.append(clf_a)


Filename: meta.py

Line #    Mem usage    Increment  Occurrences   Line Contents
=============================================================
   133 253.6679687500 MiB 253.6679687500 MiB           1   @profile(precision=10,stream=open("diabetic_data_DWM.log", "w+"))
   134                                         def test_train(ep,Mclf,X,y):
   135 253.7343750000 MiB   0.0000000000 MiB           2       for clf,clf_label in Mclf:
   136 253.7343750000 MiB   0.0664062500 MiB           1           Comp_start = time.time();y_pred = clf.predict(X);clf_a = accuracy_score(y, y_pred);clf.partial_fit(X, y,[1,0]);Time.append(time.time() - Comp_start);Acc.append(clf_a)


Filename: meta.py

Line #    Mem usage    Increment  Occurrences   Line Contents
=============================================================
   133 253.7343750000 MiB 253.7343750000 MiB           1   @profile(precision=10,stream=open("diabetic_data_DWM.log", "w+"))
   134                                         def test_train(ep,Mclf,X,y):
   135 253.7890625000 MiB   0.0000000000 MiB           2       for clf,clf_label in Mclf:
   136 253.7890625000 MiB   0.0546875000 MiB           1           Comp_start = time.time();y_pred = clf.predict(X);clf_a = accuracy_score(y, y_pred);clf.partial_fit(X, y,[1,0]);Time.append(time.time() - Comp_start);Acc.append(clf_a)


Filename: meta.py

Line #    Mem usage    Increment  Occurrences   Line Contents
=============================================================
   133 253.7890625000 MiB 253.7890625000 MiB           1   @profile(precision=10,stream=open("diabetic_data_DWM.log", "w+"))
   134                                         def test_train(ep,Mclf,X,y):
   135 253.7890625000 MiB   0.0000000000 MiB           2       for clf,clf_label in Mclf:
   136 253.7890625000 MiB   0.0000000000 MiB           1           Comp_start = time.time();y_pred = clf.predict(X);clf_a = accuracy_score(y, y_pred);clf.partial_fit(X, y,[1,0]);Time.append(time.time() - Comp_start);Acc.append(clf_a)


Filename: meta.py

Line #    Mem usage    Increment  Occurrences   Line Contents
=============================================================
   133 253.7890625000 MiB 253.7890625000 MiB           1   @profile(precision=10,stream=open("diabetic_data_DWM.log", "w+"))
   134                                         def test_train(ep,Mclf,X,y):
   135 253.7890625000 MiB   0.0000000000 MiB           2       for clf,clf_label in Mclf:
   136 253.7343750000 MiB  -0.0546875000 MiB           1           Comp_start = time.time();y_pred = clf.predict(X);clf_a = accuracy_score(y, y_pred);clf.partial_fit(X, y,[1,0]);Time.append(time.time() - Comp_start);Acc.append(clf_a)


Filename: meta.py

Line #    Mem usage    Increment  Occurrences   Line Contents
=============================================================
   133 253.7343750000 MiB 253.7343750000 MiB           1   @profile(precision=10,stream=open("diabetic_data_DWM.log", "w+"))
   134                                         def test_train(ep,Mclf,X,y):
   135 253.7343750000 MiB   0.0000000000 MiB           2       for clf,clf_label in Mclf:
   136 253.7343750000 MiB   0.0000000000 MiB           1           Comp_start = time.time();y_pred = clf.predict(X);clf_a = accuracy_score(y, y_pred);clf.partial_fit(X, y,[1,0]);Time.append(time.time() - Comp_start);Acc.append(clf_a)


Filename: meta.py

Line #    Mem usage    Increment  Occurrences   Line Contents
=============================================================
   133 253.7343750000 MiB 253.7343750000 MiB           1   @profile(precision=10,stream=open("diabetic_data_DWM.log", "w+"))
   134                                         def test_train(ep,Mclf,X,y):
   135 253.7343750000 MiB   0.0000000000 MiB           2       for clf,clf_label in Mclf:
   136 253.7343750000 MiB   0.0000000000 MiB           1           Comp_start = time.time();y_pred = clf.predict(X);clf_a = accuracy_score(y, y_pred);clf.partial_fit(X, y,[1,0]);Time.append(time.time() - Comp_start);Acc.append(clf_a)


Filename: meta.py

Line #    Mem usage    Increment  Occurrences   Line Contents
=============================================================
   133 253.7343750000 MiB 253.7343750000 MiB           1   @profile(precision=10,stream=open("diabetic_data_DWM.log", "w+"))
   134                                         def test_train(ep,Mclf,X,y):
   135 253.7382812500 MiB   0.0000000000 MiB           2       for clf,clf_label in Mclf:
   136 253.7382812500 MiB   0.0039062500 MiB           1           Comp_start = time.time();y_pred = clf.predict(X);clf_a = accuracy_score(y, y_pred);clf.partial_fit(X, y,[1,0]);Time.append(time.time() - Comp_start);Acc.append(clf_a)


Filename: meta.py

Line #    Mem usage    Increment  Occurrences   Line Contents
=============================================================
   133 253.7382812500 MiB 253.7382812500 MiB           1   @profile(precision=10,stream=open("diabetic_data_DWM.log", "w+"))
   134                                         def test_train(ep,Mclf,X,y):
   135 253.7382812500 MiB   0.0000000000 MiB           2       for clf,clf_label in Mclf:
   136 253.7382812500 MiB   0.0000000000 MiB           1           Comp_start = time.time();y_pred = clf.predict(X);clf_a = accuracy_score(y, y_pred);clf.partial_fit(X, y,[1,0]);Time.append(time.time() - Comp_start);Acc.append(clf_a)


Filename: meta.py

Line #    Mem usage    Increment  Occurrences   Line Contents
=============================================================
   133 253.7382812500 MiB 253.7382812500 MiB           1   @profile(precision=10,stream=open("diabetic_data_DWM.log", "w+"))
   134                                         def test_train(ep,Mclf,X,y):
   135 253.7382812500 MiB   0.0000000000 MiB           2       for clf,clf_label in Mclf:
   136 253.7109375000 MiB  -0.0273437500 MiB           1           Comp_start = time.time();y_pred = clf.predict(X);clf_a = accuracy_score(y, y_pred);clf.partial_fit(X, y,[1,0]);Time.append(time.time() - Comp_start);Acc.append(clf_a)


