Filename: meta.py

Line #    Mem usage    Increment  Occurrences   Line Contents
=============================================================
   133 253.1171875000 MiB 253.1171875000 MiB           1   @profile(precision=10,stream=open("diabetic_data_oBoost.log", "w+"))
   134                                         def test_train(ep,Mclf,X,y):
   135 253.1171875000 MiB   0.0000000000 MiB           2       for clf,clf_label in Mclf:
   136 238.0390625000 MiB -15.0781250000 MiB           1           Comp_start = time.time();y_pred = clf.predict(X);clf_a = accuracy_score(y, y_pred);clf.partial_fit(X, y,[1,0]);Time.append(time.time() - Comp_start);Acc.append(clf_a)


Filename: meta.py

Line #    Mem usage    Increment  Occurrences   Line Contents
=============================================================
   133 238.0390625000 MiB 238.0390625000 MiB           1   @profile(precision=10,stream=open("diabetic_data_oBoost.log", "w+"))
   134                                         def test_train(ep,Mclf,X,y):
   135 238.1835937500 MiB   0.0000000000 MiB           2       for clf,clf_label in Mclf:
   136 238.1835937500 MiB   0.1445312500 MiB           1           Comp_start = time.time();y_pred = clf.predict(X);clf_a = accuracy_score(y, y_pred);clf.partial_fit(X, y,[1,0]);Time.append(time.time() - Comp_start);Acc.append(clf_a)


Filename: meta.py

Line #    Mem usage    Increment  Occurrences   Line Contents
=============================================================
   133 238.1835937500 MiB 238.1835937500 MiB           1   @profile(precision=10,stream=open("diabetic_data_oBoost.log", "w+"))
   134                                         def test_train(ep,Mclf,X,y):
   135 238.1953125000 MiB   0.0000000000 MiB           2       for clf,clf_label in Mclf:
   136 238.1953125000 MiB   0.0117187500 MiB           1           Comp_start = time.time();y_pred = clf.predict(X);clf_a = accuracy_score(y, y_pred);clf.partial_fit(X, y,[1,0]);Time.append(time.time() - Comp_start);Acc.append(clf_a)


Filename: meta.py

Line #    Mem usage    Increment  Occurrences   Line Contents
=============================================================
   133 238.1953125000 MiB 238.1953125000 MiB           1   @profile(precision=10,stream=open("diabetic_data_oBoost.log", "w+"))
   134                                         def test_train(ep,Mclf,X,y):
   135 238.2031250000 MiB   0.0000000000 MiB           2       for clf,clf_label in Mclf:
   136 238.2031250000 MiB   0.0078125000 MiB           1           Comp_start = time.time();y_pred = clf.predict(X);clf_a = accuracy_score(y, y_pred);clf.partial_fit(X, y,[1,0]);Time.append(time.time() - Comp_start);Acc.append(clf_a)


Filename: meta.py

Line #    Mem usage    Increment  Occurrences   Line Contents
=============================================================
   133 238.2031250000 MiB 238.2031250000 MiB           1   @profile(precision=10,stream=open("diabetic_data_oBoost.log", "w+"))
   134                                         def test_train(ep,Mclf,X,y):
   135 238.2031250000 MiB   0.0000000000 MiB           2       for clf,clf_label in Mclf:
   136 238.1992187500 MiB  -0.0039062500 MiB           1           Comp_start = time.time();y_pred = clf.predict(X);clf_a = accuracy_score(y, y_pred);clf.partial_fit(X, y,[1,0]);Time.append(time.time() - Comp_start);Acc.append(clf_a)


Filename: meta.py

Line #    Mem usage    Increment  Occurrences   Line Contents
=============================================================
   133 238.1992187500 MiB 238.1992187500 MiB           1   @profile(precision=10,stream=open("diabetic_data_oBoost.log", "w+"))
   134                                         def test_train(ep,Mclf,X,y):
   135 238.1992187500 MiB   0.0000000000 MiB           2       for clf,clf_label in Mclf:
   136 238.1914062500 MiB  -0.0078125000 MiB           1           Comp_start = time.time();y_pred = clf.predict(X);clf_a = accuracy_score(y, y_pred);clf.partial_fit(X, y,[1,0]);Time.append(time.time() - Comp_start);Acc.append(clf_a)


Filename: meta.py

Line #    Mem usage    Increment  Occurrences   Line Contents
=============================================================
   133 238.1914062500 MiB 238.1914062500 MiB           1   @profile(precision=10,stream=open("diabetic_data_oBoost.log", "w+"))
   134                                         def test_train(ep,Mclf,X,y):
   135 238.2031250000 MiB   0.0000000000 MiB           2       for clf,clf_label in Mclf:
   136 238.2031250000 MiB   0.0117187500 MiB           1           Comp_start = time.time();y_pred = clf.predict(X);clf_a = accuracy_score(y, y_pred);clf.partial_fit(X, y,[1,0]);Time.append(time.time() - Comp_start);Acc.append(clf_a)


Filename: meta.py

Line #    Mem usage    Increment  Occurrences   Line Contents
=============================================================
   133 238.2031250000 MiB 238.2031250000 MiB           1   @profile(precision=10,stream=open("diabetic_data_oBoost.log", "w+"))
   134                                         def test_train(ep,Mclf,X,y):
   135 238.2031250000 MiB   0.0000000000 MiB           2       for clf,clf_label in Mclf:
   136 238.1992187500 MiB  -0.0039062500 MiB           1           Comp_start = time.time();y_pred = clf.predict(X);clf_a = accuracy_score(y, y_pred);clf.partial_fit(X, y,[1,0]);Time.append(time.time() - Comp_start);Acc.append(clf_a)


Filename: meta.py

Line #    Mem usage    Increment  Occurrences   Line Contents
=============================================================
   133 238.1992187500 MiB 238.1992187500 MiB           1   @profile(precision=10,stream=open("diabetic_data_oBoost.log", "w+"))
   134                                         def test_train(ep,Mclf,X,y):
   135 238.1992187500 MiB   0.0000000000 MiB           2       for clf,clf_label in Mclf:
   136 238.1914062500 MiB  -0.0078125000 MiB           1           Comp_start = time.time();y_pred = clf.predict(X);clf_a = accuracy_score(y, y_pred);clf.partial_fit(X, y,[1,0]);Time.append(time.time() - Comp_start);Acc.append(clf_a)


Filename: meta.py

Line #    Mem usage    Increment  Occurrences   Line Contents
=============================================================
   133 238.1914062500 MiB 238.1914062500 MiB           1   @profile(precision=10,stream=open("diabetic_data_oBoost.log", "w+"))
   134                                         def test_train(ep,Mclf,X,y):
   135 238.1953125000 MiB   0.0000000000 MiB           2       for clf,clf_label in Mclf:
   136 238.1953125000 MiB   0.0039062500 MiB           1           Comp_start = time.time();y_pred = clf.predict(X);clf_a = accuracy_score(y, y_pred);clf.partial_fit(X, y,[1,0]);Time.append(time.time() - Comp_start);Acc.append(clf_a)


