Filename: meta.py

Line #    Mem usage    Increment  Occurrences   Line Contents
=============================================================
   133 251.2695312500 MiB 251.2695312500 MiB           1   @profile(precision=10,stream=open("diabetic_data_AEE.log", "w+"))
   134                                         def test_train(ep,Mclf,X,y):
   135 251.7460937500 MiB   0.0000000000 MiB           2       for clf,clf_label in Mclf:
   136 251.7460937500 MiB   0.4765625000 MiB           1           Comp_start = time.time();y_pred = clf.predict(X);clf_a = accuracy_score(y, y_pred);clf.partial_fit(X, y,[1,0]);Time.append(time.time() - Comp_start);Acc.append(clf_a)


Filename: meta.py

Line #    Mem usage    Increment  Occurrences   Line Contents
=============================================================
   133 251.7460937500 MiB 251.7460937500 MiB           1   @profile(precision=10,stream=open("diabetic_data_AEE.log", "w+"))
   134                                         def test_train(ep,Mclf,X,y):
   135 251.7460937500 MiB   0.0000000000 MiB           2       for clf,clf_label in Mclf:
   136 251.7460937500 MiB   0.0000000000 MiB           1           Comp_start = time.time();y_pred = clf.predict(X);clf_a = accuracy_score(y, y_pred);clf.partial_fit(X, y,[1,0]);Time.append(time.time() - Comp_start);Acc.append(clf_a)


Filename: meta.py

Line #    Mem usage    Increment  Occurrences   Line Contents
=============================================================
   133 251.7460937500 MiB 251.7460937500 MiB           1   @profile(precision=10,stream=open("diabetic_data_AEE.log", "w+"))
   134                                         def test_train(ep,Mclf,X,y):
   135 251.8476562500 MiB   0.0000000000 MiB           2       for clf,clf_label in Mclf:
   136 251.8476562500 MiB   0.1015625000 MiB           1           Comp_start = time.time();y_pred = clf.predict(X);clf_a = accuracy_score(y, y_pred);clf.partial_fit(X, y,[1,0]);Time.append(time.time() - Comp_start);Acc.append(clf_a)


Filename: meta.py

Line #    Mem usage    Increment  Occurrences   Line Contents
=============================================================
   133 251.8476562500 MiB 251.8476562500 MiB           1   @profile(precision=10,stream=open("diabetic_data_AEE.log", "w+"))
   134                                         def test_train(ep,Mclf,X,y):
   135 251.8476562500 MiB   0.0000000000 MiB           2       for clf,clf_label in Mclf:
   136 251.8476562500 MiB   0.0000000000 MiB           1           Comp_start = time.time();y_pred = clf.predict(X);clf_a = accuracy_score(y, y_pred);clf.partial_fit(X, y,[1,0]);Time.append(time.time() - Comp_start);Acc.append(clf_a)


Filename: meta.py

Line #    Mem usage    Increment  Occurrences   Line Contents
=============================================================
   133 251.8476562500 MiB 251.8476562500 MiB           1   @profile(precision=10,stream=open("diabetic_data_AEE.log", "w+"))
   134                                         def test_train(ep,Mclf,X,y):
   135 251.8476562500 MiB   0.0000000000 MiB           2       for clf,clf_label in Mclf:
   136 251.7929687500 MiB  -0.0546875000 MiB           1           Comp_start = time.time();y_pred = clf.predict(X);clf_a = accuracy_score(y, y_pred);clf.partial_fit(X, y,[1,0]);Time.append(time.time() - Comp_start);Acc.append(clf_a)


Filename: meta.py

Line #    Mem usage    Increment  Occurrences   Line Contents
=============================================================
   133 251.7929687500 MiB 251.7929687500 MiB           1   @profile(precision=10,stream=open("diabetic_data_AEE.log", "w+"))
   134                                         def test_train(ep,Mclf,X,y):
   135 251.7929687500 MiB   0.0000000000 MiB           2       for clf,clf_label in Mclf:
   136 251.7929687500 MiB   0.0000000000 MiB           1           Comp_start = time.time();y_pred = clf.predict(X);clf_a = accuracy_score(y, y_pred);clf.partial_fit(X, y,[1,0]);Time.append(time.time() - Comp_start);Acc.append(clf_a)


Filename: meta.py

Line #    Mem usage    Increment  Occurrences   Line Contents
=============================================================
   133 251.7929687500 MiB 251.7929687500 MiB           1   @profile(precision=10,stream=open("diabetic_data_AEE.log", "w+"))
   134                                         def test_train(ep,Mclf,X,y):
   135 251.7929687500 MiB   0.0000000000 MiB           2       for clf,clf_label in Mclf:
   136 251.7929687500 MiB   0.0000000000 MiB           1           Comp_start = time.time();y_pred = clf.predict(X);clf_a = accuracy_score(y, y_pred);clf.partial_fit(X, y,[1,0]);Time.append(time.time() - Comp_start);Acc.append(clf_a)


Filename: meta.py

Line #    Mem usage    Increment  Occurrences   Line Contents
=============================================================
   133 251.7929687500 MiB 251.7929687500 MiB           1   @profile(precision=10,stream=open("diabetic_data_AEE.log", "w+"))
   134                                         def test_train(ep,Mclf,X,y):
   135 251.7929687500 MiB   0.0000000000 MiB           2       for clf,clf_label in Mclf:
   136 251.7929687500 MiB   0.0000000000 MiB           1           Comp_start = time.time();y_pred = clf.predict(X);clf_a = accuracy_score(y, y_pred);clf.partial_fit(X, y,[1,0]);Time.append(time.time() - Comp_start);Acc.append(clf_a)


Filename: meta.py

Line #    Mem usage    Increment  Occurrences   Line Contents
=============================================================
   133 251.7929687500 MiB 251.7929687500 MiB           1   @profile(precision=10,stream=open("diabetic_data_AEE.log", "w+"))
   134                                         def test_train(ep,Mclf,X,y):
   135 251.7929687500 MiB   0.0000000000 MiB           2       for clf,clf_label in Mclf:
   136 251.7773437500 MiB  -0.0156250000 MiB           1           Comp_start = time.time();y_pred = clf.predict(X);clf_a = accuracy_score(y, y_pred);clf.partial_fit(X, y,[1,0]);Time.append(time.time() - Comp_start);Acc.append(clf_a)


Filename: meta.py

Line #    Mem usage    Increment  Occurrences   Line Contents
=============================================================
   133 251.7773437500 MiB 251.7773437500 MiB           1   @profile(precision=10,stream=open("diabetic_data_AEE.log", "w+"))
   134                                         def test_train(ep,Mclf,X,y):
   135 251.8125000000 MiB   0.0000000000 MiB           2       for clf,clf_label in Mclf:
   136 251.8125000000 MiB   0.0351562500 MiB           1           Comp_start = time.time();y_pred = clf.predict(X);clf_a = accuracy_score(y, y_pred);clf.partial_fit(X, y,[1,0]);Time.append(time.time() - Comp_start);Acc.append(clf_a)


