Filename: meta.py

Line #    Mem usage    Increment  Occurrences   Line Contents
=============================================================
   133 251.4257812500 MiB 251.4257812500 MiB           1   @profile(precision=10,stream=open("diabetic_data_OzaBagg.log", "w+"))
   134                                         def test_train(ep,Mclf,X,y):
   135 255.4179687500 MiB   0.0000000000 MiB           2       for clf,clf_label in Mclf:
   136 255.4179687500 MiB   3.9921875000 MiB           1           Comp_start = time.time();y_pred = clf.predict(X);clf_a = accuracy_score(y, y_pred);clf.partial_fit(X, y,[1,0]);Time.append(time.time() - Comp_start);Acc.append(clf_a)


Filename: meta.py

Line #    Mem usage    Increment  Occurrences   Line Contents
=============================================================
   133 255.4179687500 MiB 255.4179687500 MiB           1   @profile(precision=10,stream=open("diabetic_data_OzaBagg.log", "w+"))
   134                                         def test_train(ep,Mclf,X,y):
   135 260.5742187500 MiB   0.0000000000 MiB           2       for clf,clf_label in Mclf:
   136 260.5742187500 MiB   5.1562500000 MiB           1           Comp_start = time.time();y_pred = clf.predict(X);clf_a = accuracy_score(y, y_pred);clf.partial_fit(X, y,[1,0]);Time.append(time.time() - Comp_start);Acc.append(clf_a)


Filename: meta.py

Line #    Mem usage    Increment  Occurrences   Line Contents
=============================================================
   133 260.5742187500 MiB 260.5742187500 MiB           1   @profile(precision=10,stream=open("diabetic_data_OzaBagg.log", "w+"))
   134                                         def test_train(ep,Mclf,X,y):
   135 260.5742187500 MiB   0.0000000000 MiB           2       for clf,clf_label in Mclf:
   136 260.5742187500 MiB   0.0000000000 MiB           1           Comp_start = time.time();y_pred = clf.predict(X);clf_a = accuracy_score(y, y_pred);clf.partial_fit(X, y,[1,0]);Time.append(time.time() - Comp_start);Acc.append(clf_a)


Filename: meta.py

Line #    Mem usage    Increment  Occurrences   Line Contents
=============================================================
   133 260.5742187500 MiB 260.5742187500 MiB           1   @profile(precision=10,stream=open("diabetic_data_OzaBagg.log", "w+"))
   134                                         def test_train(ep,Mclf,X,y):
   135 260.5742187500 MiB   0.0000000000 MiB           2       for clf,clf_label in Mclf:
   136 260.5156250000 MiB  -0.0585937500 MiB           1           Comp_start = time.time();y_pred = clf.predict(X);clf_a = accuracy_score(y, y_pred);clf.partial_fit(X, y,[1,0]);Time.append(time.time() - Comp_start);Acc.append(clf_a)


Filename: meta.py

Line #    Mem usage    Increment  Occurrences   Line Contents
=============================================================
   133 260.5156250000 MiB 260.5156250000 MiB           1   @profile(precision=10,stream=open("diabetic_data_OzaBagg.log", "w+"))
   134                                         def test_train(ep,Mclf,X,y):
   135 260.5156250000 MiB   0.0000000000 MiB           2       for clf,clf_label in Mclf:
   136 260.5156250000 MiB   0.0000000000 MiB           1           Comp_start = time.time();y_pred = clf.predict(X);clf_a = accuracy_score(y, y_pred);clf.partial_fit(X, y,[1,0]);Time.append(time.time() - Comp_start);Acc.append(clf_a)


Filename: meta.py

Line #    Mem usage    Increment  Occurrences   Line Contents
=============================================================
   133 260.5156250000 MiB 260.5156250000 MiB           1   @profile(precision=10,stream=open("diabetic_data_OzaBagg.log", "w+"))
   134                                         def test_train(ep,Mclf,X,y):
   135 260.5156250000 MiB   0.0000000000 MiB           2       for clf,clf_label in Mclf:
   136 260.4882812500 MiB  -0.0273437500 MiB           1           Comp_start = time.time();y_pred = clf.predict(X);clf_a = accuracy_score(y, y_pred);clf.partial_fit(X, y,[1,0]);Time.append(time.time() - Comp_start);Acc.append(clf_a)


Filename: meta.py

Line #    Mem usage    Increment  Occurrences   Line Contents
=============================================================
   133 260.4882812500 MiB 260.4882812500 MiB           1   @profile(precision=10,stream=open("diabetic_data_OzaBagg.log", "w+"))
   134                                         def test_train(ep,Mclf,X,y):
   135 260.4882812500 MiB   0.0000000000 MiB           2       for clf,clf_label in Mclf:
   136 260.4882812500 MiB   0.0000000000 MiB           1           Comp_start = time.time();y_pred = clf.predict(X);clf_a = accuracy_score(y, y_pred);clf.partial_fit(X, y,[1,0]);Time.append(time.time() - Comp_start);Acc.append(clf_a)


Filename: meta.py

Line #    Mem usage    Increment  Occurrences   Line Contents
=============================================================
   133 260.4882812500 MiB 260.4882812500 MiB           1   @profile(precision=10,stream=open("diabetic_data_OzaBagg.log", "w+"))
   134                                         def test_train(ep,Mclf,X,y):
   135 260.4882812500 MiB   0.0000000000 MiB           2       for clf,clf_label in Mclf:
   136 260.4882812500 MiB   0.0000000000 MiB           1           Comp_start = time.time();y_pred = clf.predict(X);clf_a = accuracy_score(y, y_pred);clf.partial_fit(X, y,[1,0]);Time.append(time.time() - Comp_start);Acc.append(clf_a)


Filename: meta.py

Line #    Mem usage    Increment  Occurrences   Line Contents
=============================================================
   133 260.4882812500 MiB 260.4882812500 MiB           1   @profile(precision=10,stream=open("diabetic_data_OzaBagg.log", "w+"))
   134                                         def test_train(ep,Mclf,X,y):
   135 260.4882812500 MiB   0.0000000000 MiB           2       for clf,clf_label in Mclf:
   136 260.4882812500 MiB   0.0000000000 MiB           1           Comp_start = time.time();y_pred = clf.predict(X);clf_a = accuracy_score(y, y_pred);clf.partial_fit(X, y,[1,0]);Time.append(time.time() - Comp_start);Acc.append(clf_a)


Filename: meta.py

Line #    Mem usage    Increment  Occurrences   Line Contents
=============================================================
   133 260.4882812500 MiB 260.4882812500 MiB           1   @profile(precision=10,stream=open("diabetic_data_OzaBagg.log", "w+"))
   134                                         def test_train(ep,Mclf,X,y):
   135 260.4882812500 MiB   0.0000000000 MiB           2       for clf,clf_label in Mclf:
   136 260.4882812500 MiB   0.0000000000 MiB           1           Comp_start = time.time();y_pred = clf.predict(X);clf_a = accuracy_score(y, y_pred);clf.partial_fit(X, y,[1,0]);Time.append(time.time() - Comp_start);Acc.append(clf_a)


