Filename: meta.py

Line #    Mem usage    Increment  Occurrences   Line Contents
=============================================================
   133 251.4492187500 MiB 251.4492187500 MiB           1   @profile(precision=10,stream=open("diabetic_data_BAI.log", "w+"))
   134                                         def test_train(ep,Mclf,X,y):
   135 251.7109375000 MiB   0.0000000000 MiB           2       for clf,clf_label in Mclf:
   136 251.7109375000 MiB   0.2617187500 MiB           1           Comp_start = time.time();y_pred = clf.predict(X);clf_a = accuracy_score(y, y_pred);clf.partial_fit(X, y,[1,0]);Time.append(time.time() - Comp_start);Acc.append(clf_a)


Filename: meta.py

Line #    Mem usage    Increment  Occurrences   Line Contents
=============================================================
   133 251.7187500000 MiB 251.7187500000 MiB           1   @profile(precision=10,stream=open("diabetic_data_BAI.log", "w+"))
   134                                         def test_train(ep,Mclf,X,y):
   135 251.7578125000 MiB   0.0000000000 MiB           2       for clf,clf_label in Mclf:
   136 251.7578125000 MiB   0.0390625000 MiB           1           Comp_start = time.time();y_pred = clf.predict(X);clf_a = accuracy_score(y, y_pred);clf.partial_fit(X, y,[1,0]);Time.append(time.time() - Comp_start);Acc.append(clf_a)


Filename: meta.py

Line #    Mem usage    Increment  Occurrences   Line Contents
=============================================================
   133 251.7656250000 MiB 251.7656250000 MiB           1   @profile(precision=10,stream=open("diabetic_data_BAI.log", "w+"))
   134                                         def test_train(ep,Mclf,X,y):
   135 251.7695312500 MiB   0.0000000000 MiB           2       for clf,clf_label in Mclf:
   136 251.7695312500 MiB   0.0039062500 MiB           1           Comp_start = time.time();y_pred = clf.predict(X);clf_a = accuracy_score(y, y_pred);clf.partial_fit(X, y,[1,0]);Time.append(time.time() - Comp_start);Acc.append(clf_a)


Filename: meta.py

Line #    Mem usage    Increment  Occurrences   Line Contents
=============================================================
   133 251.7734375000 MiB 251.7734375000 MiB           1   @profile(precision=10,stream=open("diabetic_data_BAI.log", "w+"))
   134                                         def test_train(ep,Mclf,X,y):
   135 251.7734375000 MiB   0.0000000000 MiB           2       for clf,clf_label in Mclf:
   136 251.7734375000 MiB   0.0000000000 MiB           1           Comp_start = time.time();y_pred = clf.predict(X);clf_a = accuracy_score(y, y_pred);clf.partial_fit(X, y,[1,0]);Time.append(time.time() - Comp_start);Acc.append(clf_a)


Filename: meta.py

Line #    Mem usage    Increment  Occurrences   Line Contents
=============================================================
   133 251.7773437500 MiB 251.7773437500 MiB           1   @profile(precision=10,stream=open("diabetic_data_BAI.log", "w+"))
   134                                         def test_train(ep,Mclf,X,y):
   135 251.7773437500 MiB   0.0000000000 MiB           2       for clf,clf_label in Mclf:
   136 251.7773437500 MiB   0.0000000000 MiB           1           Comp_start = time.time();y_pred = clf.predict(X);clf_a = accuracy_score(y, y_pred);clf.partial_fit(X, y,[1,0]);Time.append(time.time() - Comp_start);Acc.append(clf_a)


Filename: meta.py

Line #    Mem usage    Increment  Occurrences   Line Contents
=============================================================
   133 251.7773437500 MiB 251.7773437500 MiB           1   @profile(precision=10,stream=open("diabetic_data_BAI.log", "w+"))
   134                                         def test_train(ep,Mclf,X,y):
   135 251.7773437500 MiB   0.0000000000 MiB           2       for clf,clf_label in Mclf:
   136 251.7773437500 MiB   0.0000000000 MiB           1           Comp_start = time.time();y_pred = clf.predict(X);clf_a = accuracy_score(y, y_pred);clf.partial_fit(X, y,[1,0]);Time.append(time.time() - Comp_start);Acc.append(clf_a)


Filename: meta.py

Line #    Mem usage    Increment  Occurrences   Line Contents
=============================================================
   133 251.7812500000 MiB 251.7812500000 MiB           1   @profile(precision=10,stream=open("diabetic_data_BAI.log", "w+"))
   134                                         def test_train(ep,Mclf,X,y):
   135 251.7812500000 MiB   0.0000000000 MiB           2       for clf,clf_label in Mclf:
   136 251.7812500000 MiB   0.0000000000 MiB           1           Comp_start = time.time();y_pred = clf.predict(X);clf_a = accuracy_score(y, y_pred);clf.partial_fit(X, y,[1,0]);Time.append(time.time() - Comp_start);Acc.append(clf_a)


Filename: meta.py

Line #    Mem usage    Increment  Occurrences   Line Contents
=============================================================
   133 251.7812500000 MiB 251.7812500000 MiB           1   @profile(precision=10,stream=open("diabetic_data_BAI.log", "w+"))
   134                                         def test_train(ep,Mclf,X,y):
   135 251.7812500000 MiB   0.0000000000 MiB           2       for clf,clf_label in Mclf:
   136 251.7812500000 MiB   0.0000000000 MiB           1           Comp_start = time.time();y_pred = clf.predict(X);clf_a = accuracy_score(y, y_pred);clf.partial_fit(X, y,[1,0]);Time.append(time.time() - Comp_start);Acc.append(clf_a)


Filename: meta.py

Line #    Mem usage    Increment  Occurrences   Line Contents
=============================================================
   133 251.7812500000 MiB 251.7812500000 MiB           1   @profile(precision=10,stream=open("diabetic_data_BAI.log", "w+"))
   134                                         def test_train(ep,Mclf,X,y):
   135 251.7812500000 MiB   0.0000000000 MiB           2       for clf,clf_label in Mclf:
   136 251.7812500000 MiB   0.0000000000 MiB           1           Comp_start = time.time();y_pred = clf.predict(X);clf_a = accuracy_score(y, y_pred);clf.partial_fit(X, y,[1,0]);Time.append(time.time() - Comp_start);Acc.append(clf_a)


Filename: meta.py

Line #    Mem usage    Increment  Occurrences   Line Contents
=============================================================
   133 251.7812500000 MiB 251.7812500000 MiB           1   @profile(precision=10,stream=open("diabetic_data_BAI.log", "w+"))
   134                                         def test_train(ep,Mclf,X,y):
   135 251.7890625000 MiB   0.0000000000 MiB           2       for clf,clf_label in Mclf:
   136 251.7890625000 MiB   0.0078125000 MiB           1           Comp_start = time.time();y_pred = clf.predict(X);clf_a = accuracy_score(y, y_pred);clf.partial_fit(X, y,[1,0]);Time.append(time.time() - Comp_start);Acc.append(clf_a)


