Filename: meta.py

Line #    Mem usage    Increment  Occurrences   Line Contents
=============================================================
   133 252.1406250000 MiB 252.1406250000 MiB           1   @profile(precision=10,stream=open("diabetic_data_SRP.log", "w+"))
   134                                         def test_train(ep,Mclf,X,y):
   135 253.2812500000 MiB   0.0000000000 MiB           2       for clf,clf_label in Mclf:
   136 253.2812500000 MiB   1.1406250000 MiB           1           Comp_start = time.time();y_pred = clf.predict(X);clf_a = accuracy_score(y, y_pred);clf.partial_fit(X, y,[1,0]);Time.append(time.time() - Comp_start);Acc.append(clf_a)


Filename: meta.py

Line #    Mem usage    Increment  Occurrences   Line Contents
=============================================================
   133 253.2812500000 MiB 253.2812500000 MiB           1   @profile(precision=10,stream=open("diabetic_data_SRP.log", "w+"))
   134                                         def test_train(ep,Mclf,X,y):
   135 254.1796875000 MiB   0.0000000000 MiB           2       for clf,clf_label in Mclf:
   136 254.1796875000 MiB   0.8984375000 MiB           1           Comp_start = time.time();y_pred = clf.predict(X);clf_a = accuracy_score(y, y_pred);clf.partial_fit(X, y,[1,0]);Time.append(time.time() - Comp_start);Acc.append(clf_a)


Filename: meta.py

Line #    Mem usage    Increment  Occurrences   Line Contents
=============================================================
   133 254.1796875000 MiB 254.1796875000 MiB           1   @profile(precision=10,stream=open("diabetic_data_SRP.log", "w+"))
   134                                         def test_train(ep,Mclf,X,y):
   135 254.2187500000 MiB   0.0000000000 MiB           2       for clf,clf_label in Mclf:
   136 254.2187500000 MiB   0.0390625000 MiB           1           Comp_start = time.time();y_pred = clf.predict(X);clf_a = accuracy_score(y, y_pred);clf.partial_fit(X, y,[1,0]);Time.append(time.time() - Comp_start);Acc.append(clf_a)


Filename: meta.py

Line #    Mem usage    Increment  Occurrences   Line Contents
=============================================================
   133 254.2187500000 MiB 254.2187500000 MiB           1   @profile(precision=10,stream=open("diabetic_data_SRP.log", "w+"))
   134                                         def test_train(ep,Mclf,X,y):
   135 254.2187500000 MiB   0.0000000000 MiB           2       for clf,clf_label in Mclf:
   136 254.2187500000 MiB   0.0000000000 MiB           1           Comp_start = time.time();y_pred = clf.predict(X);clf_a = accuracy_score(y, y_pred);clf.partial_fit(X, y,[1,0]);Time.append(time.time() - Comp_start);Acc.append(clf_a)


Filename: meta.py

Line #    Mem usage    Increment  Occurrences   Line Contents
=============================================================
   133 254.2187500000 MiB 254.2187500000 MiB           1   @profile(precision=10,stream=open("diabetic_data_SRP.log", "w+"))
   134                                         def test_train(ep,Mclf,X,y):
   135 254.2187500000 MiB   0.0000000000 MiB           2       for clf,clf_label in Mclf:
   136 254.1601562500 MiB  -0.0585937500 MiB           1           Comp_start = time.time();y_pred = clf.predict(X);clf_a = accuracy_score(y, y_pred);clf.partial_fit(X, y,[1,0]);Time.append(time.time() - Comp_start);Acc.append(clf_a)


Filename: meta.py

Line #    Mem usage    Increment  Occurrences   Line Contents
=============================================================
   133 254.1601562500 MiB 254.1601562500 MiB           1   @profile(precision=10,stream=open("diabetic_data_SRP.log", "w+"))
   134                                         def test_train(ep,Mclf,X,y):
   135 254.1601562500 MiB   0.0000000000 MiB           2       for clf,clf_label in Mclf:
   136 254.1601562500 MiB   0.0000000000 MiB           1           Comp_start = time.time();y_pred = clf.predict(X);clf_a = accuracy_score(y, y_pred);clf.partial_fit(X, y,[1,0]);Time.append(time.time() - Comp_start);Acc.append(clf_a)


Filename: meta.py

Line #    Mem usage    Increment  Occurrences   Line Contents
=============================================================
   133 254.1601562500 MiB 254.1601562500 MiB           1   @profile(precision=10,stream=open("diabetic_data_SRP.log", "w+"))
   134                                         def test_train(ep,Mclf,X,y):
   135 254.1601562500 MiB   0.0000000000 MiB           2       for clf,clf_label in Mclf:
   136 254.1601562500 MiB   0.0000000000 MiB           1           Comp_start = time.time();y_pred = clf.predict(X);clf_a = accuracy_score(y, y_pred);clf.partial_fit(X, y,[1,0]);Time.append(time.time() - Comp_start);Acc.append(clf_a)


Filename: meta.py

Line #    Mem usage    Increment  Occurrences   Line Contents
=============================================================
   133 254.1601562500 MiB 254.1601562500 MiB           1   @profile(precision=10,stream=open("diabetic_data_SRP.log", "w+"))
   134                                         def test_train(ep,Mclf,X,y):
   135 254.1601562500 MiB   0.0000000000 MiB           2       for clf,clf_label in Mclf:
   136 254.1601562500 MiB   0.0000000000 MiB           1           Comp_start = time.time();y_pred = clf.predict(X);clf_a = accuracy_score(y, y_pred);clf.partial_fit(X, y,[1,0]);Time.append(time.time() - Comp_start);Acc.append(clf_a)


Filename: meta.py

Line #    Mem usage    Increment  Occurrences   Line Contents
=============================================================
   133 254.1601562500 MiB 254.1601562500 MiB           1   @profile(precision=10,stream=open("diabetic_data_SRP.log", "w+"))
   134                                         def test_train(ep,Mclf,X,y):
   135 254.1601562500 MiB   0.0000000000 MiB           2       for clf,clf_label in Mclf:
   136 254.1328125000 MiB  -0.0273437500 MiB           1           Comp_start = time.time();y_pred = clf.predict(X);clf_a = accuracy_score(y, y_pred);clf.partial_fit(X, y,[1,0]);Time.append(time.time() - Comp_start);Acc.append(clf_a)


Filename: meta.py

Line #    Mem usage    Increment  Occurrences   Line Contents
=============================================================
   133 254.1328125000 MiB 254.1328125000 MiB           1   @profile(precision=10,stream=open("diabetic_data_SRP.log", "w+"))
   134                                         def test_train(ep,Mclf,X,y):
   135 254.1328125000 MiB   0.0000000000 MiB           2       for clf,clf_label in Mclf:
   136 254.1328125000 MiB   0.0000000000 MiB           1           Comp_start = time.time();y_pred = clf.predict(X);clf_a = accuracy_score(y, y_pred);clf.partial_fit(X, y,[1,0]);Time.append(time.time() - Comp_start);Acc.append(clf_a)


