Filename: meta.py

Line #    Mem usage    Increment  Occurrences   Line Contents
=============================================================
   133 179.3476562500 MiB 179.3476562500 MiB           1   @profile(precision=10,stream=open("fried_SRP.log", "w+"))
   134                                         def test_train(ep,Mclf,X,y):
   135 180.0976562500 MiB   0.0000000000 MiB           2       for clf,clf_label in Mclf:
   136 180.0976562500 MiB   0.7500000000 MiB           1           Comp_start = time.time();y_pred = clf.predict(X);clf_a = accuracy_score(y, y_pred);clf.partial_fit(X, y,[1,0]);Time.append(time.time() - Comp_start);Acc.append(clf_a)


Filename: meta.py

Line #    Mem usage    Increment  Occurrences   Line Contents
=============================================================
   133 180.0976562500 MiB 180.0976562500 MiB           1   @profile(precision=10,stream=open("fried_SRP.log", "w+"))
   134                                         def test_train(ep,Mclf,X,y):
   135 180.2070312500 MiB   0.0000000000 MiB           2       for clf,clf_label in Mclf:
   136 180.2070312500 MiB   0.1093750000 MiB           1           Comp_start = time.time();y_pred = clf.predict(X);clf_a = accuracy_score(y, y_pred);clf.partial_fit(X, y,[1,0]);Time.append(time.time() - Comp_start);Acc.append(clf_a)


Filename: meta.py

Line #    Mem usage    Increment  Occurrences   Line Contents
=============================================================
   133 180.2070312500 MiB 180.2070312500 MiB           1   @profile(precision=10,stream=open("fried_SRP.log", "w+"))
   134                                         def test_train(ep,Mclf,X,y):
   135 180.2070312500 MiB   0.0000000000 MiB           2       for clf,clf_label in Mclf:
   136 180.2070312500 MiB   0.0000000000 MiB           1           Comp_start = time.time();y_pred = clf.predict(X);clf_a = accuracy_score(y, y_pred);clf.partial_fit(X, y,[1,0]);Time.append(time.time() - Comp_start);Acc.append(clf_a)


Filename: meta.py

Line #    Mem usage    Increment  Occurrences   Line Contents
=============================================================
   133 180.2070312500 MiB 180.2070312500 MiB           1   @profile(precision=10,stream=open("fried_SRP.log", "w+"))
   134                                         def test_train(ep,Mclf,X,y):
   135 180.2070312500 MiB   0.0000000000 MiB           2       for clf,clf_label in Mclf:
   136 180.2070312500 MiB   0.0000000000 MiB           1           Comp_start = time.time();y_pred = clf.predict(X);clf_a = accuracy_score(y, y_pred);clf.partial_fit(X, y,[1,0]);Time.append(time.time() - Comp_start);Acc.append(clf_a)


Filename: meta.py

Line #    Mem usage    Increment  Occurrences   Line Contents
=============================================================
   133 180.2070312500 MiB 180.2070312500 MiB           1   @profile(precision=10,stream=open("fried_SRP.log", "w+"))
   134                                         def test_train(ep,Mclf,X,y):
   135 180.2460937500 MiB   0.0000000000 MiB           2       for clf,clf_label in Mclf:
   136 180.2460937500 MiB   0.0390625000 MiB           1           Comp_start = time.time();y_pred = clf.predict(X);clf_a = accuracy_score(y, y_pred);clf.partial_fit(X, y,[1,0]);Time.append(time.time() - Comp_start);Acc.append(clf_a)


Filename: meta.py

Line #    Mem usage    Increment  Occurrences   Line Contents
=============================================================
   133 180.2460937500 MiB 180.2460937500 MiB           1   @profile(precision=10,stream=open("fried_SRP.log", "w+"))
   134                                         def test_train(ep,Mclf,X,y):
   135 180.2460937500 MiB   0.0000000000 MiB           2       for clf,clf_label in Mclf:
   136 180.2460937500 MiB   0.0000000000 MiB           1           Comp_start = time.time();y_pred = clf.predict(X);clf_a = accuracy_score(y, y_pred);clf.partial_fit(X, y,[1,0]);Time.append(time.time() - Comp_start);Acc.append(clf_a)


Filename: meta.py

Line #    Mem usage    Increment  Occurrences   Line Contents
=============================================================
   133 180.2460937500 MiB 180.2460937500 MiB           1   @profile(precision=10,stream=open("fried_SRP.log", "w+"))
   134                                         def test_train(ep,Mclf,X,y):
   135 180.2460937500 MiB   0.0000000000 MiB           2       for clf,clf_label in Mclf:
   136 180.2460937500 MiB   0.0000000000 MiB           1           Comp_start = time.time();y_pred = clf.predict(X);clf_a = accuracy_score(y, y_pred);clf.partial_fit(X, y,[1,0]);Time.append(time.time() - Comp_start);Acc.append(clf_a)


Filename: meta.py

Line #    Mem usage    Increment  Occurrences   Line Contents
=============================================================
   133 180.2460937500 MiB 180.2460937500 MiB           1   @profile(precision=10,stream=open("fried_SRP.log", "w+"))
   134                                         def test_train(ep,Mclf,X,y):
   135 180.2460937500 MiB   0.0000000000 MiB           2       for clf,clf_label in Mclf:
   136 180.2460937500 MiB   0.0000000000 MiB           1           Comp_start = time.time();y_pred = clf.predict(X);clf_a = accuracy_score(y, y_pred);clf.partial_fit(X, y,[1,0]);Time.append(time.time() - Comp_start);Acc.append(clf_a)


Filename: meta.py

Line #    Mem usage    Increment  Occurrences   Line Contents
=============================================================
   133 180.2460937500 MiB 180.2460937500 MiB           1   @profile(precision=10,stream=open("fried_SRP.log", "w+"))
   134                                         def test_train(ep,Mclf,X,y):
   135 180.2460937500 MiB   0.0000000000 MiB           2       for clf,clf_label in Mclf:
   136 180.1914062500 MiB  -0.0546875000 MiB           1           Comp_start = time.time();y_pred = clf.predict(X);clf_a = accuracy_score(y, y_pred);clf.partial_fit(X, y,[1,0]);Time.append(time.time() - Comp_start);Acc.append(clf_a)


Filename: meta.py

Line #    Mem usage    Increment  Occurrences   Line Contents
=============================================================
   133 180.1914062500 MiB 180.1914062500 MiB           1   @profile(precision=10,stream=open("fried_SRP.log", "w+"))
   134                                         def test_train(ep,Mclf,X,y):
   135 180.1914062500 MiB   0.0000000000 MiB           2       for clf,clf_label in Mclf:
   136 180.1914062500 MiB   0.0000000000 MiB           1           Comp_start = time.time();y_pred = clf.predict(X);clf_a = accuracy_score(y, y_pred);clf.partial_fit(X, y,[1,0]);Time.append(time.time() - Comp_start);Acc.append(clf_a)


