Filename: meta.py

Line #    Mem usage    Increment  Occurrences   Line Contents
=============================================================
   133 179.4531250000 MiB 179.4531250000 MiB           1   @profile(precision=10,stream=open("fried_BAI.log", "w+"))
   134                                         def test_train(ep,Mclf,X,y):
   135 179.7070312500 MiB   0.0000000000 MiB           2       for clf,clf_label in Mclf:
   136 179.7070312500 MiB   0.2539062500 MiB           1           Comp_start = time.time();y_pred = clf.predict(X);clf_a = accuracy_score(y, y_pred);clf.partial_fit(X, y,[1,0]);Time.append(time.time() - Comp_start);Acc.append(clf_a)


Filename: meta.py

Line #    Mem usage    Increment  Occurrences   Line Contents
=============================================================
   133 179.7070312500 MiB 179.7070312500 MiB           1   @profile(precision=10,stream=open("fried_BAI.log", "w+"))
   134                                         def test_train(ep,Mclf,X,y):
   135 179.7539062500 MiB   0.0000000000 MiB           2       for clf,clf_label in Mclf:
   136 179.7539062500 MiB   0.0468750000 MiB           1           Comp_start = time.time();y_pred = clf.predict(X);clf_a = accuracy_score(y, y_pred);clf.partial_fit(X, y,[1,0]);Time.append(time.time() - Comp_start);Acc.append(clf_a)


Filename: meta.py

Line #    Mem usage    Increment  Occurrences   Line Contents
=============================================================
   133 179.7539062500 MiB 179.7539062500 MiB           1   @profile(precision=10,stream=open("fried_BAI.log", "w+"))
   134                                         def test_train(ep,Mclf,X,y):
   135 179.8007812500 MiB   0.0000000000 MiB           2       for clf,clf_label in Mclf:
   136 179.8007812500 MiB   0.0468750000 MiB           1           Comp_start = time.time();y_pred = clf.predict(X);clf_a = accuracy_score(y, y_pred);clf.partial_fit(X, y,[1,0]);Time.append(time.time() - Comp_start);Acc.append(clf_a)


Filename: meta.py

Line #    Mem usage    Increment  Occurrences   Line Contents
=============================================================
   133 179.8007812500 MiB 179.8007812500 MiB           1   @profile(precision=10,stream=open("fried_BAI.log", "w+"))
   134                                         def test_train(ep,Mclf,X,y):
   135 179.8046875000 MiB   0.0000000000 MiB           2       for clf,clf_label in Mclf:
   136 179.8046875000 MiB   0.0039062500 MiB           1           Comp_start = time.time();y_pred = clf.predict(X);clf_a = accuracy_score(y, y_pred);clf.partial_fit(X, y,[1,0]);Time.append(time.time() - Comp_start);Acc.append(clf_a)


Filename: meta.py

Line #    Mem usage    Increment  Occurrences   Line Contents
=============================================================
   133 179.8046875000 MiB 179.8046875000 MiB           1   @profile(precision=10,stream=open("fried_BAI.log", "w+"))
   134                                         def test_train(ep,Mclf,X,y):
   135 179.8085937500 MiB   0.0000000000 MiB           2       for clf,clf_label in Mclf:
   136 179.8085937500 MiB   0.0039062500 MiB           1           Comp_start = time.time();y_pred = clf.predict(X);clf_a = accuracy_score(y, y_pred);clf.partial_fit(X, y,[1,0]);Time.append(time.time() - Comp_start);Acc.append(clf_a)


Filename: meta.py

Line #    Mem usage    Increment  Occurrences   Line Contents
=============================================================
   133 179.8085937500 MiB 179.8085937500 MiB           1   @profile(precision=10,stream=open("fried_BAI.log", "w+"))
   134                                         def test_train(ep,Mclf,X,y):
   135 179.8125000000 MiB   0.0000000000 MiB           2       for clf,clf_label in Mclf:
   136 179.8125000000 MiB   0.0039062500 MiB           1           Comp_start = time.time();y_pred = clf.predict(X);clf_a = accuracy_score(y, y_pred);clf.partial_fit(X, y,[1,0]);Time.append(time.time() - Comp_start);Acc.append(clf_a)


Filename: meta.py

Line #    Mem usage    Increment  Occurrences   Line Contents
=============================================================
   133 179.8125000000 MiB 179.8125000000 MiB           1   @profile(precision=10,stream=open("fried_BAI.log", "w+"))
   134                                         def test_train(ep,Mclf,X,y):
   135 179.8320312500 MiB   0.0000000000 MiB           2       for clf,clf_label in Mclf:
   136 179.8320312500 MiB   0.0195312500 MiB           1           Comp_start = time.time();y_pred = clf.predict(X);clf_a = accuracy_score(y, y_pred);clf.partial_fit(X, y,[1,0]);Time.append(time.time() - Comp_start);Acc.append(clf_a)


Filename: meta.py

Line #    Mem usage    Increment  Occurrences   Line Contents
=============================================================
   133 179.8320312500 MiB 179.8320312500 MiB           1   @profile(precision=10,stream=open("fried_BAI.log", "w+"))
   134                                         def test_train(ep,Mclf,X,y):
   135 179.8320312500 MiB   0.0000000000 MiB           2       for clf,clf_label in Mclf:
   136 179.8320312500 MiB   0.0000000000 MiB           1           Comp_start = time.time();y_pred = clf.predict(X);clf_a = accuracy_score(y, y_pred);clf.partial_fit(X, y,[1,0]);Time.append(time.time() - Comp_start);Acc.append(clf_a)


Filename: meta.py

Line #    Mem usage    Increment  Occurrences   Line Contents
=============================================================
   133 179.8359375000 MiB 179.8359375000 MiB           1   @profile(precision=10,stream=open("fried_BAI.log", "w+"))
   134                                         def test_train(ep,Mclf,X,y):
   135 179.8359375000 MiB   0.0000000000 MiB           2       for clf,clf_label in Mclf:
   136 179.8359375000 MiB   0.0000000000 MiB           1           Comp_start = time.time();y_pred = clf.predict(X);clf_a = accuracy_score(y, y_pred);clf.partial_fit(X, y,[1,0]);Time.append(time.time() - Comp_start);Acc.append(clf_a)


Filename: meta.py

Line #    Mem usage    Increment  Occurrences   Line Contents
=============================================================
   133 179.8359375000 MiB 179.8359375000 MiB           1   @profile(precision=10,stream=open("fried_BAI.log", "w+"))
   134                                         def test_train(ep,Mclf,X,y):
   135 179.8398437500 MiB   0.0000000000 MiB           2       for clf,clf_label in Mclf:
   136 179.8398437500 MiB   0.0039062500 MiB           1           Comp_start = time.time();y_pred = clf.predict(X);clf_a = accuracy_score(y, y_pred);clf.partial_fit(X, y,[1,0]);Time.append(time.time() - Comp_start);Acc.append(clf_a)


