Filename: meta.py

Line #    Mem usage    Increment  Occurrences   Line Contents
=============================================================
   133 179.6601562500 MiB 179.6601562500 MiB           1   @profile(precision=10,stream=open("fried_oBoost.log", "w+"))
   134                                         def test_train(ep,Mclf,X,y):
   135 179.6601562500 MiB   0.0000000000 MiB           2       for clf,clf_label in Mclf:
   136 178.6250000000 MiB  -1.0351562500 MiB           1           Comp_start = time.time();y_pred = clf.predict(X);clf_a = accuracy_score(y, y_pred);clf.partial_fit(X, y,[1,0]);Time.append(time.time() - Comp_start);Acc.append(clf_a)


Filename: meta.py

Line #    Mem usage    Increment  Occurrences   Line Contents
=============================================================
   133 178.6250000000 MiB 178.6250000000 MiB           1   @profile(precision=10,stream=open("fried_oBoost.log", "w+"))
   134                                         def test_train(ep,Mclf,X,y):
   135 178.7304687500 MiB   0.0000000000 MiB           2       for clf,clf_label in Mclf:
   136 178.7304687500 MiB   0.1054687500 MiB           1           Comp_start = time.time();y_pred = clf.predict(X);clf_a = accuracy_score(y, y_pred);clf.partial_fit(X, y,[1,0]);Time.append(time.time() - Comp_start);Acc.append(clf_a)


Filename: meta.py

Line #    Mem usage    Increment  Occurrences   Line Contents
=============================================================
   133 178.7304687500 MiB 178.7304687500 MiB           1   @profile(precision=10,stream=open("fried_oBoost.log", "w+"))
   134                                         def test_train(ep,Mclf,X,y):
   135 178.7304687500 MiB   0.0000000000 MiB           2       for clf,clf_label in Mclf:
   136 178.7304687500 MiB   0.0000000000 MiB           1           Comp_start = time.time();y_pred = clf.predict(X);clf_a = accuracy_score(y, y_pred);clf.partial_fit(X, y,[1,0]);Time.append(time.time() - Comp_start);Acc.append(clf_a)


Filename: meta.py

Line #    Mem usage    Increment  Occurrences   Line Contents
=============================================================
   133 178.7304687500 MiB 178.7304687500 MiB           1   @profile(precision=10,stream=open("fried_oBoost.log", "w+"))
   134                                         def test_train(ep,Mclf,X,y):
   135 178.7343750000 MiB   0.0000000000 MiB           2       for clf,clf_label in Mclf:
   136 178.7343750000 MiB   0.0039062500 MiB           1           Comp_start = time.time();y_pred = clf.predict(X);clf_a = accuracy_score(y, y_pred);clf.partial_fit(X, y,[1,0]);Time.append(time.time() - Comp_start);Acc.append(clf_a)


Filename: meta.py

Line #    Mem usage    Increment  Occurrences   Line Contents
=============================================================
   133 178.7343750000 MiB 178.7343750000 MiB           1   @profile(precision=10,stream=open("fried_oBoost.log", "w+"))
   134                                         def test_train(ep,Mclf,X,y):
   135 178.7343750000 MiB   0.0000000000 MiB           2       for clf,clf_label in Mclf:
   136 178.7343750000 MiB   0.0000000000 MiB           1           Comp_start = time.time();y_pred = clf.predict(X);clf_a = accuracy_score(y, y_pred);clf.partial_fit(X, y,[1,0]);Time.append(time.time() - Comp_start);Acc.append(clf_a)


Filename: meta.py

Line #    Mem usage    Increment  Occurrences   Line Contents
=============================================================
   133 178.7343750000 MiB 178.7343750000 MiB           1   @profile(precision=10,stream=open("fried_oBoost.log", "w+"))
   134                                         def test_train(ep,Mclf,X,y):
   135 178.7343750000 MiB   0.0000000000 MiB           2       for clf,clf_label in Mclf:
   136 178.7343750000 MiB   0.0000000000 MiB           1           Comp_start = time.time();y_pred = clf.predict(X);clf_a = accuracy_score(y, y_pred);clf.partial_fit(X, y,[1,0]);Time.append(time.time() - Comp_start);Acc.append(clf_a)


Filename: meta.py

Line #    Mem usage    Increment  Occurrences   Line Contents
=============================================================
   133 178.7343750000 MiB 178.7343750000 MiB           1   @profile(precision=10,stream=open("fried_oBoost.log", "w+"))
   134                                         def test_train(ep,Mclf,X,y):
   135 178.7382812500 MiB   0.0000000000 MiB           2       for clf,clf_label in Mclf:
   136 178.7382812500 MiB   0.0039062500 MiB           1           Comp_start = time.time();y_pred = clf.predict(X);clf_a = accuracy_score(y, y_pred);clf.partial_fit(X, y,[1,0]);Time.append(time.time() - Comp_start);Acc.append(clf_a)


Filename: meta.py

Line #    Mem usage    Increment  Occurrences   Line Contents
=============================================================
   133 178.7382812500 MiB 178.7382812500 MiB           1   @profile(precision=10,stream=open("fried_oBoost.log", "w+"))
   134                                         def test_train(ep,Mclf,X,y):
   135 178.7382812500 MiB   0.0000000000 MiB           2       for clf,clf_label in Mclf:
   136 178.7382812500 MiB   0.0000000000 MiB           1           Comp_start = time.time();y_pred = clf.predict(X);clf_a = accuracy_score(y, y_pred);clf.partial_fit(X, y,[1,0]);Time.append(time.time() - Comp_start);Acc.append(clf_a)


Filename: meta.py

Line #    Mem usage    Increment  Occurrences   Line Contents
=============================================================
   133 178.7382812500 MiB 178.7382812500 MiB           1   @profile(precision=10,stream=open("fried_oBoost.log", "w+"))
   134                                         def test_train(ep,Mclf,X,y):
   135 178.7382812500 MiB   0.0000000000 MiB           2       for clf,clf_label in Mclf:
   136 178.7382812500 MiB   0.0000000000 MiB           1           Comp_start = time.time();y_pred = clf.predict(X);clf_a = accuracy_score(y, y_pred);clf.partial_fit(X, y,[1,0]);Time.append(time.time() - Comp_start);Acc.append(clf_a)


Filename: meta.py

Line #    Mem usage    Increment  Occurrences   Line Contents
=============================================================
   133 178.7382812500 MiB 178.7382812500 MiB           1   @profile(precision=10,stream=open("fried_oBoost.log", "w+"))
   134                                         def test_train(ep,Mclf,X,y):
   135 178.7382812500 MiB   0.0000000000 MiB           2       for clf,clf_label in Mclf:
   136 178.7382812500 MiB   0.0000000000 MiB           1           Comp_start = time.time();y_pred = clf.predict(X);clf_a = accuracy_score(y, y_pred);clf.partial_fit(X, y,[1,0]);Time.append(time.time() - Comp_start);Acc.append(clf_a)


