Filename: meta.py

Line #    Mem usage    Increment  Occurrences   Line Contents
=============================================================
   133 178.8750000000 MiB 178.8750000000 MiB           1   @profile(precision=10,stream=open("fried_DWM.log", "w+"))
   134                                         def test_train(ep,Mclf,X,y):
   135 179.0507812500 MiB   0.0000000000 MiB           2       for clf,clf_label in Mclf:
   136 179.0507812500 MiB   0.1757812500 MiB           1           Comp_start = time.time();y_pred = clf.predict(X);clf_a = accuracy_score(y, y_pred);clf.partial_fit(X, y,[1,0]);Time.append(time.time() - Comp_start);Acc.append(clf_a)


Filename: meta.py

Line #    Mem usage    Increment  Occurrences   Line Contents
=============================================================
   133 179.0507812500 MiB 179.0507812500 MiB           1   @profile(precision=10,stream=open("fried_DWM.log", "w+"))
   134                                         def test_train(ep,Mclf,X,y):
   135 179.0507812500 MiB   0.0000000000 MiB           2       for clf,clf_label in Mclf:
   136 179.0507812500 MiB   0.0000000000 MiB           1           Comp_start = time.time();y_pred = clf.predict(X);clf_a = accuracy_score(y, y_pred);clf.partial_fit(X, y,[1,0]);Time.append(time.time() - Comp_start);Acc.append(clf_a)


Filename: meta.py

Line #    Mem usage    Increment  Occurrences   Line Contents
=============================================================
   133 179.0507812500 MiB 179.0507812500 MiB           1   @profile(precision=10,stream=open("fried_DWM.log", "w+"))
   134                                         def test_train(ep,Mclf,X,y):
   135 179.1132812500 MiB   0.0000000000 MiB           2       for clf,clf_label in Mclf:
   136 179.1132812500 MiB   0.0625000000 MiB           1           Comp_start = time.time();y_pred = clf.predict(X);clf_a = accuracy_score(y, y_pred);clf.partial_fit(X, y,[1,0]);Time.append(time.time() - Comp_start);Acc.append(clf_a)


Filename: meta.py

Line #    Mem usage    Increment  Occurrences   Line Contents
=============================================================
   133 179.1132812500 MiB 179.1132812500 MiB           1   @profile(precision=10,stream=open("fried_DWM.log", "w+"))
   134                                         def test_train(ep,Mclf,X,y):
   135 179.1132812500 MiB   0.0000000000 MiB           2       for clf,clf_label in Mclf:
   136 179.1132812500 MiB   0.0000000000 MiB           1           Comp_start = time.time();y_pred = clf.predict(X);clf_a = accuracy_score(y, y_pred);clf.partial_fit(X, y,[1,0]);Time.append(time.time() - Comp_start);Acc.append(clf_a)


Filename: meta.py

Line #    Mem usage    Increment  Occurrences   Line Contents
=============================================================
   133 179.1132812500 MiB 179.1132812500 MiB           1   @profile(precision=10,stream=open("fried_DWM.log", "w+"))
   134                                         def test_train(ep,Mclf,X,y):
   135 179.1132812500 MiB   0.0000000000 MiB           2       for clf,clf_label in Mclf:
   136 179.1132812500 MiB   0.0000000000 MiB           1           Comp_start = time.time();y_pred = clf.predict(X);clf_a = accuracy_score(y, y_pred);clf.partial_fit(X, y,[1,0]);Time.append(time.time() - Comp_start);Acc.append(clf_a)


Filename: meta.py

Line #    Mem usage    Increment  Occurrences   Line Contents
=============================================================
   133 179.1132812500 MiB 179.1132812500 MiB           1   @profile(precision=10,stream=open("fried_DWM.log", "w+"))
   134                                         def test_train(ep,Mclf,X,y):
   135 179.1132812500 MiB   0.0000000000 MiB           2       for clf,clf_label in Mclf:
   136 179.1132812500 MiB   0.0000000000 MiB           1           Comp_start = time.time();y_pred = clf.predict(X);clf_a = accuracy_score(y, y_pred);clf.partial_fit(X, y,[1,0]);Time.append(time.time() - Comp_start);Acc.append(clf_a)


Filename: meta.py

Line #    Mem usage    Increment  Occurrences   Line Contents
=============================================================
   133 179.1132812500 MiB 179.1132812500 MiB           1   @profile(precision=10,stream=open("fried_DWM.log", "w+"))
   134                                         def test_train(ep,Mclf,X,y):
   135 179.1132812500 MiB   0.0000000000 MiB           2       for clf,clf_label in Mclf:
   136 179.1132812500 MiB   0.0000000000 MiB           1           Comp_start = time.time();y_pred = clf.predict(X);clf_a = accuracy_score(y, y_pred);clf.partial_fit(X, y,[1,0]);Time.append(time.time() - Comp_start);Acc.append(clf_a)


Filename: meta.py

Line #    Mem usage    Increment  Occurrences   Line Contents
=============================================================
   133 179.1132812500 MiB 179.1132812500 MiB           1   @profile(precision=10,stream=open("fried_DWM.log", "w+"))
   134                                         def test_train(ep,Mclf,X,y):
   135 179.1132812500 MiB   0.0000000000 MiB           2       for clf,clf_label in Mclf:
   136 179.1132812500 MiB   0.0000000000 MiB           1           Comp_start = time.time();y_pred = clf.predict(X);clf_a = accuracy_score(y, y_pred);clf.partial_fit(X, y,[1,0]);Time.append(time.time() - Comp_start);Acc.append(clf_a)


Filename: meta.py

Line #    Mem usage    Increment  Occurrences   Line Contents
=============================================================
   133 179.1132812500 MiB 179.1132812500 MiB           1   @profile(precision=10,stream=open("fried_DWM.log", "w+"))
   134                                         def test_train(ep,Mclf,X,y):
   135 179.1132812500 MiB   0.0000000000 MiB           2       for clf,clf_label in Mclf:
   136 179.1132812500 MiB   0.0000000000 MiB           1           Comp_start = time.time();y_pred = clf.predict(X);clf_a = accuracy_score(y, y_pred);clf.partial_fit(X, y,[1,0]);Time.append(time.time() - Comp_start);Acc.append(clf_a)


Filename: meta.py

Line #    Mem usage    Increment  Occurrences   Line Contents
=============================================================
   133 179.1132812500 MiB 179.1132812500 MiB           1   @profile(precision=10,stream=open("fried_DWM.log", "w+"))
   134                                         def test_train(ep,Mclf,X,y):
   135 179.1132812500 MiB   0.0000000000 MiB           2       for clf,clf_label in Mclf:
   136 179.1132812500 MiB   0.0000000000 MiB           1           Comp_start = time.time();y_pred = clf.predict(X);clf_a = accuracy_score(y, y_pred);clf.partial_fit(X, y,[1,0]);Time.append(time.time() - Comp_start);Acc.append(clf_a)


