Filename: meta.py

Line #    Mem usage    Increment  Occurrences   Line Contents
=============================================================
   133 176.5039062500 MiB 176.5039062500 MiB           1   @profile(precision=10,stream=open("HTRU_DWM.log", "w+"))
   134                                         def test_train(ep,Mclf,X,y):
   135 176.5585937500 MiB   0.0000000000 MiB           2       for clf,clf_label in Mclf:
   136 176.5585937500 MiB   0.0546875000 MiB           1           Comp_start = time.time();y_pred = clf.predict(X);clf_a = accuracy_score(y, y_pred);clf.partial_fit(X, y,[1,0]);Time.append(time.time() - Comp_start);Acc.append(clf_a)


Filename: meta.py

Line #    Mem usage    Increment  Occurrences   Line Contents
=============================================================
   133 176.5585937500 MiB 176.5585937500 MiB           1   @profile(precision=10,stream=open("HTRU_DWM.log", "w+"))
   134                                         def test_train(ep,Mclf,X,y):
   135 176.5937500000 MiB   0.0000000000 MiB           2       for clf,clf_label in Mclf:
   136 176.5937500000 MiB   0.0351562500 MiB           1           Comp_start = time.time();y_pred = clf.predict(X);clf_a = accuracy_score(y, y_pred);clf.partial_fit(X, y,[1,0]);Time.append(time.time() - Comp_start);Acc.append(clf_a)


Filename: meta.py

Line #    Mem usage    Increment  Occurrences   Line Contents
=============================================================
   133 176.5937500000 MiB 176.5937500000 MiB           1   @profile(precision=10,stream=open("HTRU_DWM.log", "w+"))
   134                                         def test_train(ep,Mclf,X,y):
   135 176.5976562500 MiB   0.0000000000 MiB           2       for clf,clf_label in Mclf:
   136 176.5976562500 MiB   0.0039062500 MiB           1           Comp_start = time.time();y_pred = clf.predict(X);clf_a = accuracy_score(y, y_pred);clf.partial_fit(X, y,[1,0]);Time.append(time.time() - Comp_start);Acc.append(clf_a)


Filename: meta.py

Line #    Mem usage    Increment  Occurrences   Line Contents
=============================================================
   133 176.5976562500 MiB 176.5976562500 MiB           1   @profile(precision=10,stream=open("HTRU_DWM.log", "w+"))
   134                                         def test_train(ep,Mclf,X,y):
   135 176.5976562500 MiB   0.0000000000 MiB           2       for clf,clf_label in Mclf:
   136 176.5976562500 MiB   0.0000000000 MiB           1           Comp_start = time.time();y_pred = clf.predict(X);clf_a = accuracy_score(y, y_pred);clf.partial_fit(X, y,[1,0]);Time.append(time.time() - Comp_start);Acc.append(clf_a)


Filename: meta.py

Line #    Mem usage    Increment  Occurrences   Line Contents
=============================================================
   133 176.5976562500 MiB 176.5976562500 MiB           1   @profile(precision=10,stream=open("HTRU_DWM.log", "w+"))
   134                                         def test_train(ep,Mclf,X,y):
   135 176.6601562500 MiB   0.0000000000 MiB           2       for clf,clf_label in Mclf:
   136 176.6601562500 MiB   0.0625000000 MiB           1           Comp_start = time.time();y_pred = clf.predict(X);clf_a = accuracy_score(y, y_pred);clf.partial_fit(X, y,[1,0]);Time.append(time.time() - Comp_start);Acc.append(clf_a)


Filename: meta.py

Line #    Mem usage    Increment  Occurrences   Line Contents
=============================================================
   133 176.6601562500 MiB 176.6601562500 MiB           1   @profile(precision=10,stream=open("HTRU_DWM.log", "w+"))
   134                                         def test_train(ep,Mclf,X,y):
   135 176.6601562500 MiB   0.0000000000 MiB           2       for clf,clf_label in Mclf:
   136 176.6601562500 MiB   0.0000000000 MiB           1           Comp_start = time.time();y_pred = clf.predict(X);clf_a = accuracy_score(y, y_pred);clf.partial_fit(X, y,[1,0]);Time.append(time.time() - Comp_start);Acc.append(clf_a)


Filename: meta.py

Line #    Mem usage    Increment  Occurrences   Line Contents
=============================================================
   133 176.6601562500 MiB 176.6601562500 MiB           1   @profile(precision=10,stream=open("HTRU_DWM.log", "w+"))
   134                                         def test_train(ep,Mclf,X,y):
   135 176.6601562500 MiB   0.0000000000 MiB           2       for clf,clf_label in Mclf:
   136 176.6601562500 MiB   0.0000000000 MiB           1           Comp_start = time.time();y_pred = clf.predict(X);clf_a = accuracy_score(y, y_pred);clf.partial_fit(X, y,[1,0]);Time.append(time.time() - Comp_start);Acc.append(clf_a)


Filename: meta.py

Line #    Mem usage    Increment  Occurrences   Line Contents
=============================================================
   133 176.6601562500 MiB 176.6601562500 MiB           1   @profile(precision=10,stream=open("HTRU_DWM.log", "w+"))
   134                                         def test_train(ep,Mclf,X,y):
   135 176.6601562500 MiB   0.0000000000 MiB           2       for clf,clf_label in Mclf:
   136 176.6601562500 MiB   0.0000000000 MiB           1           Comp_start = time.time();y_pred = clf.predict(X);clf_a = accuracy_score(y, y_pred);clf.partial_fit(X, y,[1,0]);Time.append(time.time() - Comp_start);Acc.append(clf_a)


Filename: meta.py

Line #    Mem usage    Increment  Occurrences   Line Contents
=============================================================
   133 176.6601562500 MiB 176.6601562500 MiB           1   @profile(precision=10,stream=open("HTRU_DWM.log", "w+"))
   134                                         def test_train(ep,Mclf,X,y):
   135 176.6601562500 MiB   0.0000000000 MiB           2       for clf,clf_label in Mclf:
   136 176.6601562500 MiB   0.0000000000 MiB           1           Comp_start = time.time();y_pred = clf.predict(X);clf_a = accuracy_score(y, y_pred);clf.partial_fit(X, y,[1,0]);Time.append(time.time() - Comp_start);Acc.append(clf_a)


Filename: meta.py

Line #    Mem usage    Increment  Occurrences   Line Contents
=============================================================
   133 176.6601562500 MiB 176.6601562500 MiB           1   @profile(precision=10,stream=open("HTRU_DWM.log", "w+"))
   134                                         def test_train(ep,Mclf,X,y):
   135 176.6601562500 MiB   0.0000000000 MiB           2       for clf,clf_label in Mclf:
   136 176.6601562500 MiB   0.0000000000 MiB           1           Comp_start = time.time();y_pred = clf.predict(X);clf_a = accuracy_score(y, y_pred);clf.partial_fit(X, y,[1,0]);Time.append(time.time() - Comp_start);Acc.append(clf_a)


