Filename: meta.py

Line #    Mem usage    Increment  Occurrences   Line Contents
=============================================================
   133 173.3554687500 MiB 173.3554687500 MiB           1   @profile(precision=10,stream=open("LED_AEE.log", "w+"))
   134                                         def test_train(ep,Mclf,X,y):
   135 173.5742187500 MiB   0.0000000000 MiB           2       for clf,clf_label in Mclf:
   136 173.5742187500 MiB   0.2187500000 MiB           1           Comp_start = time.time();y_pred = clf.predict(X);clf_a = accuracy_score(y, y_pred);clf.partial_fit(X, y,[1,0]);Time.append(time.time() - Comp_start);Acc.append(clf_a)


Filename: meta.py

Line #    Mem usage    Increment  Occurrences   Line Contents
=============================================================
   133 173.6679687500 MiB 173.6679687500 MiB           1   @profile(precision=10,stream=open("LED_AEE.log", "w+"))
   134                                         def test_train(ep,Mclf,X,y):
   135 173.6796875000 MiB   0.0000000000 MiB           2       for clf,clf_label in Mclf:
   136 173.6796875000 MiB   0.0117187500 MiB           1           Comp_start = time.time();y_pred = clf.predict(X);clf_a = accuracy_score(y, y_pred);clf.partial_fit(X, y,[1,0]);Time.append(time.time() - Comp_start);Acc.append(clf_a)


Filename: meta.py

Line #    Mem usage    Increment  Occurrences   Line Contents
=============================================================
   133 173.6796875000 MiB 173.6796875000 MiB           1   @profile(precision=10,stream=open("LED_AEE.log", "w+"))
   134                                         def test_train(ep,Mclf,X,y):
   135 173.7109375000 MiB   0.0000000000 MiB           2       for clf,clf_label in Mclf:
   136 173.7109375000 MiB   0.0312500000 MiB           1           Comp_start = time.time();y_pred = clf.predict(X);clf_a = accuracy_score(y, y_pred);clf.partial_fit(X, y,[1,0]);Time.append(time.time() - Comp_start);Acc.append(clf_a)


Filename: meta.py

Line #    Mem usage    Increment  Occurrences   Line Contents
=============================================================
   133 173.7109375000 MiB 173.7109375000 MiB           1   @profile(precision=10,stream=open("LED_AEE.log", "w+"))
   134                                         def test_train(ep,Mclf,X,y):
   135 173.7187500000 MiB   0.0000000000 MiB           2       for clf,clf_label in Mclf:
   136 173.7187500000 MiB   0.0078125000 MiB           1           Comp_start = time.time();y_pred = clf.predict(X);clf_a = accuracy_score(y, y_pred);clf.partial_fit(X, y,[1,0]);Time.append(time.time() - Comp_start);Acc.append(clf_a)


Filename: meta.py

Line #    Mem usage    Increment  Occurrences   Line Contents
=============================================================
   133 173.7187500000 MiB 173.7187500000 MiB           1   @profile(precision=10,stream=open("LED_AEE.log", "w+"))
   134                                         def test_train(ep,Mclf,X,y):
   135 173.7656250000 MiB   0.0000000000 MiB           2       for clf,clf_label in Mclf:
   136 173.7656250000 MiB   0.0468750000 MiB           1           Comp_start = time.time();y_pred = clf.predict(X);clf_a = accuracy_score(y, y_pred);clf.partial_fit(X, y,[1,0]);Time.append(time.time() - Comp_start);Acc.append(clf_a)


Filename: meta.py

Line #    Mem usage    Increment  Occurrences   Line Contents
=============================================================
   133 173.7656250000 MiB 173.7656250000 MiB           1   @profile(precision=10,stream=open("LED_AEE.log", "w+"))
   134                                         def test_train(ep,Mclf,X,y):
   135 173.7734375000 MiB   0.0000000000 MiB           2       for clf,clf_label in Mclf:
   136 173.7734375000 MiB   0.0078125000 MiB           1           Comp_start = time.time();y_pred = clf.predict(X);clf_a = accuracy_score(y, y_pred);clf.partial_fit(X, y,[1,0]);Time.append(time.time() - Comp_start);Acc.append(clf_a)


Filename: meta.py

Line #    Mem usage    Increment  Occurrences   Line Contents
=============================================================
   133 173.7734375000 MiB 173.7734375000 MiB           1   @profile(precision=10,stream=open("LED_AEE.log", "w+"))
   134                                         def test_train(ep,Mclf,X,y):
   135 173.8359375000 MiB   0.0000000000 MiB           2       for clf,clf_label in Mclf:
   136 173.8359375000 MiB   0.0625000000 MiB           1           Comp_start = time.time();y_pred = clf.predict(X);clf_a = accuracy_score(y, y_pred);clf.partial_fit(X, y,[1,0]);Time.append(time.time() - Comp_start);Acc.append(clf_a)


Filename: meta.py

Line #    Mem usage    Increment  Occurrences   Line Contents
=============================================================
   133 173.8359375000 MiB 173.8359375000 MiB           1   @profile(precision=10,stream=open("LED_AEE.log", "w+"))
   134                                         def test_train(ep,Mclf,X,y):
   135 173.8359375000 MiB   0.0000000000 MiB           2       for clf,clf_label in Mclf:
   136 173.8359375000 MiB   0.0000000000 MiB           1           Comp_start = time.time();y_pred = clf.predict(X);clf_a = accuracy_score(y, y_pred);clf.partial_fit(X, y,[1,0]);Time.append(time.time() - Comp_start);Acc.append(clf_a)


Filename: meta.py

Line #    Mem usage    Increment  Occurrences   Line Contents
=============================================================
   133 173.8359375000 MiB 173.8359375000 MiB           1   @profile(precision=10,stream=open("LED_AEE.log", "w+"))
   134                                         def test_train(ep,Mclf,X,y):
   135 173.8359375000 MiB   0.0000000000 MiB           2       for clf,clf_label in Mclf:
   136 173.8359375000 MiB   0.0000000000 MiB           1           Comp_start = time.time();y_pred = clf.predict(X);clf_a = accuracy_score(y, y_pred);clf.partial_fit(X, y,[1,0]);Time.append(time.time() - Comp_start);Acc.append(clf_a)


Filename: meta.py

Line #    Mem usage    Increment  Occurrences   Line Contents
=============================================================
   133 173.8359375000 MiB 173.8359375000 MiB           1   @profile(precision=10,stream=open("LED_AEE.log", "w+"))
   134                                         def test_train(ep,Mclf,X,y):
   135 173.8359375000 MiB   0.0000000000 MiB           2       for clf,clf_label in Mclf:
   136 173.7851562500 MiB  -0.0507812500 MiB           1           Comp_start = time.time();y_pred = clf.predict(X);clf_a = accuracy_score(y, y_pred);clf.partial_fit(X, y,[1,0]);Time.append(time.time() - Comp_start);Acc.append(clf_a)


