Filename: meta.py

Line #    Mem usage    Increment  Occurrences   Line Contents
=============================================================
   133 172.9179687500 MiB 172.9179687500 MiB           1   @profile(precision=10,stream=open("LED_BAI.log", "w+"))
   134                                         def test_train(ep,Mclf,X,y):
   135 173.2304687500 MiB   0.0000000000 MiB           2       for clf,clf_label in Mclf:
   136 173.2304687500 MiB   0.3125000000 MiB           1           Comp_start = time.time();y_pred = clf.predict(X);clf_a = accuracy_score(y, y_pred);clf.partial_fit(X, y,[1,0]);Time.append(time.time() - Comp_start);Acc.append(clf_a)


Filename: meta.py

Line #    Mem usage    Increment  Occurrences   Line Contents
=============================================================
   133 173.3281250000 MiB 173.3281250000 MiB           1   @profile(precision=10,stream=open("LED_BAI.log", "w+"))
   134                                         def test_train(ep,Mclf,X,y):
   135 173.4335937500 MiB   0.0000000000 MiB           2       for clf,clf_label in Mclf:
   136 173.4335937500 MiB   0.1054687500 MiB           1           Comp_start = time.time();y_pred = clf.predict(X);clf_a = accuracy_score(y, y_pred);clf.partial_fit(X, y,[1,0]);Time.append(time.time() - Comp_start);Acc.append(clf_a)


Filename: meta.py

Line #    Mem usage    Increment  Occurrences   Line Contents
=============================================================
   133 173.4335937500 MiB 173.4335937500 MiB           1   @profile(precision=10,stream=open("LED_BAI.log", "w+"))
   134                                         def test_train(ep,Mclf,X,y):
   135 173.4335937500 MiB   0.0000000000 MiB           2       for clf,clf_label in Mclf:
   136 173.4335937500 MiB   0.0000000000 MiB           1           Comp_start = time.time();y_pred = clf.predict(X);clf_a = accuracy_score(y, y_pred);clf.partial_fit(X, y,[1,0]);Time.append(time.time() - Comp_start);Acc.append(clf_a)


Filename: meta.py

Line #    Mem usage    Increment  Occurrences   Line Contents
=============================================================
   133 173.4335937500 MiB 173.4335937500 MiB           1   @profile(precision=10,stream=open("LED_BAI.log", "w+"))
   134                                         def test_train(ep,Mclf,X,y):
   135 173.4335937500 MiB   0.0000000000 MiB           2       for clf,clf_label in Mclf:
   136 173.4335937500 MiB   0.0000000000 MiB           1           Comp_start = time.time();y_pred = clf.predict(X);clf_a = accuracy_score(y, y_pred);clf.partial_fit(X, y,[1,0]);Time.append(time.time() - Comp_start);Acc.append(clf_a)


Filename: meta.py

Line #    Mem usage    Increment  Occurrences   Line Contents
=============================================================
   133 173.4335937500 MiB 173.4335937500 MiB           1   @profile(precision=10,stream=open("LED_BAI.log", "w+"))
   134                                         def test_train(ep,Mclf,X,y):
   135 173.4335937500 MiB   0.0000000000 MiB           2       for clf,clf_label in Mclf:
   136 173.4335937500 MiB   0.0000000000 MiB           1           Comp_start = time.time();y_pred = clf.predict(X);clf_a = accuracy_score(y, y_pred);clf.partial_fit(X, y,[1,0]);Time.append(time.time() - Comp_start);Acc.append(clf_a)


Filename: meta.py

Line #    Mem usage    Increment  Occurrences   Line Contents
=============================================================
   133 173.4335937500 MiB 173.4335937500 MiB           1   @profile(precision=10,stream=open("LED_BAI.log", "w+"))
   134                                         def test_train(ep,Mclf,X,y):
   135 173.4765625000 MiB   0.0000000000 MiB           2       for clf,clf_label in Mclf:
   136 173.4765625000 MiB   0.0429687500 MiB           1           Comp_start = time.time();y_pred = clf.predict(X);clf_a = accuracy_score(y, y_pred);clf.partial_fit(X, y,[1,0]);Time.append(time.time() - Comp_start);Acc.append(clf_a)


Filename: meta.py

Line #    Mem usage    Increment  Occurrences   Line Contents
=============================================================
   133 173.4765625000 MiB 173.4765625000 MiB           1   @profile(precision=10,stream=open("LED_BAI.log", "w+"))
   134                                         def test_train(ep,Mclf,X,y):
   135 173.4804687500 MiB   0.0000000000 MiB           2       for clf,clf_label in Mclf:
   136 173.4804687500 MiB   0.0039062500 MiB           1           Comp_start = time.time();y_pred = clf.predict(X);clf_a = accuracy_score(y, y_pred);clf.partial_fit(X, y,[1,0]);Time.append(time.time() - Comp_start);Acc.append(clf_a)


Filename: meta.py

Line #    Mem usage    Increment  Occurrences   Line Contents
=============================================================
   133 173.4804687500 MiB 173.4804687500 MiB           1   @profile(precision=10,stream=open("LED_BAI.log", "w+"))
   134                                         def test_train(ep,Mclf,X,y):
   135 173.4960937500 MiB   0.0000000000 MiB           2       for clf,clf_label in Mclf:
   136 173.4960937500 MiB   0.0156250000 MiB           1           Comp_start = time.time();y_pred = clf.predict(X);clf_a = accuracy_score(y, y_pred);clf.partial_fit(X, y,[1,0]);Time.append(time.time() - Comp_start);Acc.append(clf_a)


Filename: meta.py

Line #    Mem usage    Increment  Occurrences   Line Contents
=============================================================
   133 173.5351562500 MiB 173.5351562500 MiB           1   @profile(precision=10,stream=open("LED_BAI.log", "w+"))
   134                                         def test_train(ep,Mclf,X,y):
   135 173.5976562500 MiB   0.0000000000 MiB           2       for clf,clf_label in Mclf:
   136 173.5976562500 MiB   0.0625000000 MiB           1           Comp_start = time.time();y_pred = clf.predict(X);clf_a = accuracy_score(y, y_pred);clf.partial_fit(X, y,[1,0]);Time.append(time.time() - Comp_start);Acc.append(clf_a)


Filename: meta.py

Line #    Mem usage    Increment  Occurrences   Line Contents
=============================================================
   133 173.5976562500 MiB 173.5976562500 MiB           1   @profile(precision=10,stream=open("LED_BAI.log", "w+"))
   134                                         def test_train(ep,Mclf,X,y):
   135 173.6445312500 MiB   0.0000000000 MiB           2       for clf,clf_label in Mclf:
   136 173.6445312500 MiB   0.0468750000 MiB           1           Comp_start = time.time();y_pred = clf.predict(X);clf_a = accuracy_score(y, y_pred);clf.partial_fit(X, y,[1,0]);Time.append(time.time() - Comp_start);Acc.append(clf_a)


