Filename: meta.py

Line #    Mem usage    Increment  Occurrences   Line Contents
=============================================================
   133 172.8085937500 MiB 172.8085937500 MiB           1   @profile(precision=10,stream=open("LED_OzaBagg.log", "w+"))
   134                                         def test_train(ep,Mclf,X,y):
   135 175.6718750000 MiB   0.0000000000 MiB           2       for clf,clf_label in Mclf:
   136 175.6718750000 MiB   2.8632812500 MiB           1           Comp_start = time.time();y_pred = clf.predict(X);clf_a = accuracy_score(y, y_pred);clf.partial_fit(X, y,[1,0]);Time.append(time.time() - Comp_start);Acc.append(clf_a)


Filename: meta.py

Line #    Mem usage    Increment  Occurrences   Line Contents
=============================================================
   133 175.6718750000 MiB 175.6718750000 MiB           1   @profile(precision=10,stream=open("LED_OzaBagg.log", "w+"))
   134                                         def test_train(ep,Mclf,X,y):
   135 177.7460937500 MiB   0.0000000000 MiB           2       for clf,clf_label in Mclf:
   136 177.7460937500 MiB   2.0742187500 MiB           1           Comp_start = time.time();y_pred = clf.predict(X);clf_a = accuracy_score(y, y_pred);clf.partial_fit(X, y,[1,0]);Time.append(time.time() - Comp_start);Acc.append(clf_a)


Filename: meta.py

Line #    Mem usage    Increment  Occurrences   Line Contents
=============================================================
   133 177.7460937500 MiB 177.7460937500 MiB           1   @profile(precision=10,stream=open("LED_OzaBagg.log", "w+"))
   134                                         def test_train(ep,Mclf,X,y):
   135 177.9414062500 MiB   0.0000000000 MiB           2       for clf,clf_label in Mclf:
   136 177.9414062500 MiB   0.1953125000 MiB           1           Comp_start = time.time();y_pred = clf.predict(X);clf_a = accuracy_score(y, y_pred);clf.partial_fit(X, y,[1,0]);Time.append(time.time() - Comp_start);Acc.append(clf_a)


Filename: meta.py

Line #    Mem usage    Increment  Occurrences   Line Contents
=============================================================
   133 177.9414062500 MiB 177.9414062500 MiB           1   @profile(precision=10,stream=open("LED_OzaBagg.log", "w+"))
   134                                         def test_train(ep,Mclf,X,y):
   135 177.9609375000 MiB   0.0000000000 MiB           2       for clf,clf_label in Mclf:
   136 177.9609375000 MiB   0.0195312500 MiB           1           Comp_start = time.time();y_pred = clf.predict(X);clf_a = accuracy_score(y, y_pred);clf.partial_fit(X, y,[1,0]);Time.append(time.time() - Comp_start);Acc.append(clf_a)


Filename: meta.py

Line #    Mem usage    Increment  Occurrences   Line Contents
=============================================================
   133 177.9609375000 MiB 177.9609375000 MiB           1   @profile(precision=10,stream=open("LED_OzaBagg.log", "w+"))
   134                                         def test_train(ep,Mclf,X,y):
   135 177.9609375000 MiB   0.0000000000 MiB           2       for clf,clf_label in Mclf:
   136 177.9140625000 MiB  -0.0468750000 MiB           1           Comp_start = time.time();y_pred = clf.predict(X);clf_a = accuracy_score(y, y_pred);clf.partial_fit(X, y,[1,0]);Time.append(time.time() - Comp_start);Acc.append(clf_a)


Filename: meta.py

Line #    Mem usage    Increment  Occurrences   Line Contents
=============================================================
   133 177.9140625000 MiB 177.9140625000 MiB           1   @profile(precision=10,stream=open("LED_OzaBagg.log", "w+"))
   134                                         def test_train(ep,Mclf,X,y):
   135 177.9140625000 MiB   0.0000000000 MiB           2       for clf,clf_label in Mclf:
   136 177.9140625000 MiB   0.0000000000 MiB           1           Comp_start = time.time();y_pred = clf.predict(X);clf_a = accuracy_score(y, y_pred);clf.partial_fit(X, y,[1,0]);Time.append(time.time() - Comp_start);Acc.append(clf_a)


Filename: meta.py

Line #    Mem usage    Increment  Occurrences   Line Contents
=============================================================
   133 177.9140625000 MiB 177.9140625000 MiB           1   @profile(precision=10,stream=open("LED_OzaBagg.log", "w+"))
   134                                         def test_train(ep,Mclf,X,y):
   135 177.9140625000 MiB   0.0000000000 MiB           2       for clf,clf_label in Mclf:
   136 177.9140625000 MiB   0.0000000000 MiB           1           Comp_start = time.time();y_pred = clf.predict(X);clf_a = accuracy_score(y, y_pred);clf.partial_fit(X, y,[1,0]);Time.append(time.time() - Comp_start);Acc.append(clf_a)


Filename: meta.py

Line #    Mem usage    Increment  Occurrences   Line Contents
=============================================================
   133 177.9140625000 MiB 177.9140625000 MiB           1   @profile(precision=10,stream=open("LED_OzaBagg.log", "w+"))
   134                                         def test_train(ep,Mclf,X,y):
   135 177.9140625000 MiB   0.0000000000 MiB           2       for clf,clf_label in Mclf:
   136 177.8867187500 MiB  -0.0273437500 MiB           1           Comp_start = time.time();y_pred = clf.predict(X);clf_a = accuracy_score(y, y_pred);clf.partial_fit(X, y,[1,0]);Time.append(time.time() - Comp_start);Acc.append(clf_a)


Filename: meta.py

Line #    Mem usage    Increment  Occurrences   Line Contents
=============================================================
   133 177.8867187500 MiB 177.8867187500 MiB           1   @profile(precision=10,stream=open("LED_OzaBagg.log", "w+"))
   134                                         def test_train(ep,Mclf,X,y):
   135 177.8867187500 MiB   0.0000000000 MiB           2       for clf,clf_label in Mclf:
   136 177.8867187500 MiB   0.0000000000 MiB           1           Comp_start = time.time();y_pred = clf.predict(X);clf_a = accuracy_score(y, y_pred);clf.partial_fit(X, y,[1,0]);Time.append(time.time() - Comp_start);Acc.append(clf_a)


Filename: meta.py

Line #    Mem usage    Increment  Occurrences   Line Contents
=============================================================
   133 177.8867187500 MiB 177.8867187500 MiB           1   @profile(precision=10,stream=open("LED_OzaBagg.log", "w+"))
   134                                         def test_train(ep,Mclf,X,y):
   135 177.8867187500 MiB   0.0000000000 MiB           2       for clf,clf_label in Mclf:
   136 177.8867187500 MiB   0.0000000000 MiB           1           Comp_start = time.time();y_pred = clf.predict(X);clf_a = accuracy_score(y, y_pred);clf.partial_fit(X, y,[1,0]);Time.append(time.time() - Comp_start);Acc.append(clf_a)


