Filename: meta.py

Line #    Mem usage    Increment  Occurrences   Line Contents
=============================================================
   133 173.1835937500 MiB 173.1835937500 MiB           1   @profile(precision=10,stream=open("LED_oBoost.log", "w+"))
   134                                         def test_train(ep,Mclf,X,y):
   135 173.2929687500 MiB   0.0000000000 MiB           2       for clf,clf_label in Mclf:
   136 173.2929687500 MiB   0.1093750000 MiB           1           Comp_start = time.time();y_pred = clf.predict(X);clf_a = accuracy_score(y, y_pred);clf.partial_fit(X, y,[1,0]);Time.append(time.time() - Comp_start);Acc.append(clf_a)


Filename: meta.py

Line #    Mem usage    Increment  Occurrences   Line Contents
=============================================================
   133 173.3750000000 MiB 173.3750000000 MiB           1   @profile(precision=10,stream=open("LED_oBoost.log", "w+"))
   134                                         def test_train(ep,Mclf,X,y):
   135 173.5429687500 MiB   0.0000000000 MiB           2       for clf,clf_label in Mclf:
   136 173.5429687500 MiB   0.1679687500 MiB           1           Comp_start = time.time();y_pred = clf.predict(X);clf_a = accuracy_score(y, y_pred);clf.partial_fit(X, y,[1,0]);Time.append(time.time() - Comp_start);Acc.append(clf_a)


Filename: meta.py

Line #    Mem usage    Increment  Occurrences   Line Contents
=============================================================
   133 173.5429687500 MiB 173.5429687500 MiB           1   @profile(precision=10,stream=open("LED_oBoost.log", "w+"))
   134                                         def test_train(ep,Mclf,X,y):
   135 173.5585937500 MiB   0.0000000000 MiB           2       for clf,clf_label in Mclf:
   136 173.5585937500 MiB   0.0156250000 MiB           1           Comp_start = time.time();y_pred = clf.predict(X);clf_a = accuracy_score(y, y_pred);clf.partial_fit(X, y,[1,0]);Time.append(time.time() - Comp_start);Acc.append(clf_a)


Filename: meta.py

Line #    Mem usage    Increment  Occurrences   Line Contents
=============================================================
   133 173.5585937500 MiB 173.5585937500 MiB           1   @profile(precision=10,stream=open("LED_oBoost.log", "w+"))
   134                                         def test_train(ep,Mclf,X,y):
   135 173.5703125000 MiB   0.0000000000 MiB           2       for clf,clf_label in Mclf:
   136 173.5703125000 MiB   0.0117187500 MiB           1           Comp_start = time.time();y_pred = clf.predict(X);clf_a = accuracy_score(y, y_pred);clf.partial_fit(X, y,[1,0]);Time.append(time.time() - Comp_start);Acc.append(clf_a)


Filename: meta.py

Line #    Mem usage    Increment  Occurrences   Line Contents
=============================================================
   133 173.5703125000 MiB 173.5703125000 MiB           1   @profile(precision=10,stream=open("LED_oBoost.log", "w+"))
   134                                         def test_train(ep,Mclf,X,y):
   135 173.5703125000 MiB   0.0000000000 MiB           2       for clf,clf_label in Mclf:
   136 173.5703125000 MiB   0.0000000000 MiB           1           Comp_start = time.time();y_pred = clf.predict(X);clf_a = accuracy_score(y, y_pred);clf.partial_fit(X, y,[1,0]);Time.append(time.time() - Comp_start);Acc.append(clf_a)


Filename: meta.py

Line #    Mem usage    Increment  Occurrences   Line Contents
=============================================================
   133 173.5703125000 MiB 173.5703125000 MiB           1   @profile(precision=10,stream=open("LED_oBoost.log", "w+"))
   134                                         def test_train(ep,Mclf,X,y):
   135 173.5703125000 MiB   0.0000000000 MiB           2       for clf,clf_label in Mclf:
   136 173.5703125000 MiB   0.0000000000 MiB           1           Comp_start = time.time();y_pred = clf.predict(X);clf_a = accuracy_score(y, y_pred);clf.partial_fit(X, y,[1,0]);Time.append(time.time() - Comp_start);Acc.append(clf_a)


Filename: meta.py

Line #    Mem usage    Increment  Occurrences   Line Contents
=============================================================
   133 173.5703125000 MiB 173.5703125000 MiB           1   @profile(precision=10,stream=open("LED_oBoost.log", "w+"))
   134                                         def test_train(ep,Mclf,X,y):
   135 173.6054687500 MiB   0.0000000000 MiB           2       for clf,clf_label in Mclf:
   136 173.6054687500 MiB   0.0351562500 MiB           1           Comp_start = time.time();y_pred = clf.predict(X);clf_a = accuracy_score(y, y_pred);clf.partial_fit(X, y,[1,0]);Time.append(time.time() - Comp_start);Acc.append(clf_a)


Filename: meta.py

Line #    Mem usage    Increment  Occurrences   Line Contents
=============================================================
   133 173.6054687500 MiB 173.6054687500 MiB           1   @profile(precision=10,stream=open("LED_oBoost.log", "w+"))
   134                                         def test_train(ep,Mclf,X,y):
   135 173.6289062500 MiB   0.0000000000 MiB           2       for clf,clf_label in Mclf:
   136 173.6289062500 MiB   0.0234375000 MiB           1           Comp_start = time.time();y_pred = clf.predict(X);clf_a = accuracy_score(y, y_pred);clf.partial_fit(X, y,[1,0]);Time.append(time.time() - Comp_start);Acc.append(clf_a)


Filename: meta.py

Line #    Mem usage    Increment  Occurrences   Line Contents
=============================================================
   133 173.6289062500 MiB 173.6289062500 MiB           1   @profile(precision=10,stream=open("LED_oBoost.log", "w+"))
   134                                         def test_train(ep,Mclf,X,y):
   135 173.6328125000 MiB   0.0000000000 MiB           2       for clf,clf_label in Mclf:
   136 173.6328125000 MiB   0.0039062500 MiB           1           Comp_start = time.time();y_pred = clf.predict(X);clf_a = accuracy_score(y, y_pred);clf.partial_fit(X, y,[1,0]);Time.append(time.time() - Comp_start);Acc.append(clf_a)


Filename: meta.py

Line #    Mem usage    Increment  Occurrences   Line Contents
=============================================================
   133 173.6328125000 MiB 173.6328125000 MiB           1   @profile(precision=10,stream=open("LED_oBoost.log", "w+"))
   134                                         def test_train(ep,Mclf,X,y):
   135 173.6601562500 MiB   0.0000000000 MiB           2       for clf,clf_label in Mclf:
   136 173.6601562500 MiB   0.0273437500 MiB           1           Comp_start = time.time();y_pred = clf.predict(X);clf_a = accuracy_score(y, y_pred);clf.partial_fit(X, y,[1,0]);Time.append(time.time() - Comp_start);Acc.append(clf_a)


