Filename: meta.py

Line #    Mem usage    Increment  Occurrences   Line Contents
=============================================================
   133 172.8554687500 MiB 172.8554687500 MiB           1   @profile(precision=10,stream=open("LED_DWM.log", "w+"))
   134                                         def test_train(ep,Mclf,X,y):
   135 173.0156250000 MiB   0.0000000000 MiB           2       for clf,clf_label in Mclf:
   136 173.0156250000 MiB   0.1601562500 MiB           1           Comp_start = time.time();y_pred = clf.predict(X);clf_a = accuracy_score(y, y_pred);clf.partial_fit(X, y,[1,0]);Time.append(time.time() - Comp_start);Acc.append(clf_a)


Filename: meta.py

Line #    Mem usage    Increment  Occurrences   Line Contents
=============================================================
   133 173.1171875000 MiB 173.1171875000 MiB           1   @profile(precision=10,stream=open("LED_DWM.log", "w+"))
   134                                         def test_train(ep,Mclf,X,y):
   135 173.1679687500 MiB   0.0000000000 MiB           2       for clf,clf_label in Mclf:
   136 173.1679687500 MiB   0.0507812500 MiB           1           Comp_start = time.time();y_pred = clf.predict(X);clf_a = accuracy_score(y, y_pred);clf.partial_fit(X, y,[1,0]);Time.append(time.time() - Comp_start);Acc.append(clf_a)


Filename: meta.py

Line #    Mem usage    Increment  Occurrences   Line Contents
=============================================================
   133 173.1679687500 MiB 173.1679687500 MiB           1   @profile(precision=10,stream=open("LED_DWM.log", "w+"))
   134                                         def test_train(ep,Mclf,X,y):
   135 173.1718750000 MiB   0.0000000000 MiB           2       for clf,clf_label in Mclf:
   136 173.1718750000 MiB   0.0039062500 MiB           1           Comp_start = time.time();y_pred = clf.predict(X);clf_a = accuracy_score(y, y_pred);clf.partial_fit(X, y,[1,0]);Time.append(time.time() - Comp_start);Acc.append(clf_a)


Filename: meta.py

Line #    Mem usage    Increment  Occurrences   Line Contents
=============================================================
   133 173.1718750000 MiB 173.1718750000 MiB           1   @profile(precision=10,stream=open("LED_DWM.log", "w+"))
   134                                         def test_train(ep,Mclf,X,y):
   135 173.1718750000 MiB   0.0000000000 MiB           2       for clf,clf_label in Mclf:
   136 173.1718750000 MiB   0.0000000000 MiB           1           Comp_start = time.time();y_pred = clf.predict(X);clf_a = accuracy_score(y, y_pred);clf.partial_fit(X, y,[1,0]);Time.append(time.time() - Comp_start);Acc.append(clf_a)


Filename: meta.py

Line #    Mem usage    Increment  Occurrences   Line Contents
=============================================================
   133 173.1718750000 MiB 173.1718750000 MiB           1   @profile(precision=10,stream=open("LED_DWM.log", "w+"))
   134                                         def test_train(ep,Mclf,X,y):
   135 173.1718750000 MiB   0.0000000000 MiB           2       for clf,clf_label in Mclf:
   136 173.1718750000 MiB   0.0000000000 MiB           1           Comp_start = time.time();y_pred = clf.predict(X);clf_a = accuracy_score(y, y_pred);clf.partial_fit(X, y,[1,0]);Time.append(time.time() - Comp_start);Acc.append(clf_a)


Filename: meta.py

Line #    Mem usage    Increment  Occurrences   Line Contents
=============================================================
   133 173.1718750000 MiB 173.1718750000 MiB           1   @profile(precision=10,stream=open("LED_DWM.log", "w+"))
   134                                         def test_train(ep,Mclf,X,y):
   135 173.2109375000 MiB   0.0000000000 MiB           2       for clf,clf_label in Mclf:
   136 173.2109375000 MiB   0.0390625000 MiB           1           Comp_start = time.time();y_pred = clf.predict(X);clf_a = accuracy_score(y, y_pred);clf.partial_fit(X, y,[1,0]);Time.append(time.time() - Comp_start);Acc.append(clf_a)


Filename: meta.py

Line #    Mem usage    Increment  Occurrences   Line Contents
=============================================================
   133 173.2109375000 MiB 173.2109375000 MiB           1   @profile(precision=10,stream=open("LED_DWM.log", "w+"))
   134                                         def test_train(ep,Mclf,X,y):
   135 173.2109375000 MiB   0.0000000000 MiB           2       for clf,clf_label in Mclf:
   136 173.2109375000 MiB   0.0000000000 MiB           1           Comp_start = time.time();y_pred = clf.predict(X);clf_a = accuracy_score(y, y_pred);clf.partial_fit(X, y,[1,0]);Time.append(time.time() - Comp_start);Acc.append(clf_a)


Filename: meta.py

Line #    Mem usage    Increment  Occurrences   Line Contents
=============================================================
   133 173.2109375000 MiB 173.2109375000 MiB           1   @profile(precision=10,stream=open("LED_DWM.log", "w+"))
   134                                         def test_train(ep,Mclf,X,y):
   135 173.2109375000 MiB   0.0000000000 MiB           2       for clf,clf_label in Mclf:
   136 173.2109375000 MiB   0.0000000000 MiB           1           Comp_start = time.time();y_pred = clf.predict(X);clf_a = accuracy_score(y, y_pred);clf.partial_fit(X, y,[1,0]);Time.append(time.time() - Comp_start);Acc.append(clf_a)


Filename: meta.py

Line #    Mem usage    Increment  Occurrences   Line Contents
=============================================================
   133 173.2109375000 MiB 173.2109375000 MiB           1   @profile(precision=10,stream=open("LED_DWM.log", "w+"))
   134                                         def test_train(ep,Mclf,X,y):
   135 173.2109375000 MiB   0.0000000000 MiB           2       for clf,clf_label in Mclf:
   136 173.2109375000 MiB   0.0000000000 MiB           1           Comp_start = time.time();y_pred = clf.predict(X);clf_a = accuracy_score(y, y_pred);clf.partial_fit(X, y,[1,0]);Time.append(time.time() - Comp_start);Acc.append(clf_a)


Filename: meta.py

Line #    Mem usage    Increment  Occurrences   Line Contents
=============================================================
   133 173.2109375000 MiB 173.2109375000 MiB           1   @profile(precision=10,stream=open("LED_DWM.log", "w+"))
   134                                         def test_train(ep,Mclf,X,y):
   135 173.2109375000 MiB   0.0000000000 MiB           2       for clf,clf_label in Mclf:
   136 173.2109375000 MiB   0.0000000000 MiB           1           Comp_start = time.time();y_pred = clf.predict(X);clf_a = accuracy_score(y, y_pred);clf.partial_fit(X, y,[1,0]);Time.append(time.time() - Comp_start);Acc.append(clf_a)


