Filename: meta.py

Line #    Mem usage    Increment  Occurrences   Line Contents
=============================================================
   133 173.1640625000 MiB 173.1640625000 MiB           1   @profile(precision=10,stream=open("MIXED_LevBagg.log", "w+"))
   134                                         def test_train(ep,Mclf,X,y):
   135 175.6250000000 MiB   0.0000000000 MiB           2       for clf,clf_label in Mclf:
   136 175.6250000000 MiB   2.4609375000 MiB           1           Comp_start = time.time();y_pred = clf.predict(X);clf_a = accuracy_score(y, y_pred);clf.partial_fit(X, y,[1,0]);Time.append(time.time() - Comp_start);Acc.append(clf_a)


Filename: meta.py

Line #    Mem usage    Increment  Occurrences   Line Contents
=============================================================
   133 175.6250000000 MiB 175.6250000000 MiB           1   @profile(precision=10,stream=open("MIXED_LevBagg.log", "w+"))
   134                                         def test_train(ep,Mclf,X,y):
   135 175.7500000000 MiB   0.0000000000 MiB           2       for clf,clf_label in Mclf:
   136 175.7500000000 MiB   0.1250000000 MiB           1           Comp_start = time.time();y_pred = clf.predict(X);clf_a = accuracy_score(y, y_pred);clf.partial_fit(X, y,[1,0]);Time.append(time.time() - Comp_start);Acc.append(clf_a)


Filename: meta.py

Line #    Mem usage    Increment  Occurrences   Line Contents
=============================================================
   133 175.7500000000 MiB 175.7500000000 MiB           1   @profile(precision=10,stream=open("MIXED_LevBagg.log", "w+"))
   134                                         def test_train(ep,Mclf,X,y):
   135 175.7968750000 MiB   0.0000000000 MiB           2       for clf,clf_label in Mclf:
   136 175.7968750000 MiB   0.0468750000 MiB           1           Comp_start = time.time();y_pred = clf.predict(X);clf_a = accuracy_score(y, y_pred);clf.partial_fit(X, y,[1,0]);Time.append(time.time() - Comp_start);Acc.append(clf_a)


Filename: meta.py

Line #    Mem usage    Increment  Occurrences   Line Contents
=============================================================
   133 175.7968750000 MiB 175.7968750000 MiB           1   @profile(precision=10,stream=open("MIXED_LevBagg.log", "w+"))
   134                                         def test_train(ep,Mclf,X,y):
   135 175.8007812500 MiB   0.0000000000 MiB           2       for clf,clf_label in Mclf:
   136 175.8007812500 MiB   0.0039062500 MiB           1           Comp_start = time.time();y_pred = clf.predict(X);clf_a = accuracy_score(y, y_pred);clf.partial_fit(X, y,[1,0]);Time.append(time.time() - Comp_start);Acc.append(clf_a)


Filename: meta.py

Line #    Mem usage    Increment  Occurrences   Line Contents
=============================================================
   133 175.8007812500 MiB 175.8007812500 MiB           1   @profile(precision=10,stream=open("MIXED_LevBagg.log", "w+"))
   134                                         def test_train(ep,Mclf,X,y):
   135 175.8007812500 MiB   0.0000000000 MiB           2       for clf,clf_label in Mclf:
   136 175.7421875000 MiB  -0.0585937500 MiB           1           Comp_start = time.time();y_pred = clf.predict(X);clf_a = accuracy_score(y, y_pred);clf.partial_fit(X, y,[1,0]);Time.append(time.time() - Comp_start);Acc.append(clf_a)


Filename: meta.py

Line #    Mem usage    Increment  Occurrences   Line Contents
=============================================================
   133 175.7421875000 MiB 175.7421875000 MiB           1   @profile(precision=10,stream=open("MIXED_LevBagg.log", "w+"))
   134                                         def test_train(ep,Mclf,X,y):
   135 175.7421875000 MiB   0.0000000000 MiB           2       for clf,clf_label in Mclf:
   136 175.7421875000 MiB   0.0000000000 MiB           1           Comp_start = time.time();y_pred = clf.predict(X);clf_a = accuracy_score(y, y_pred);clf.partial_fit(X, y,[1,0]);Time.append(time.time() - Comp_start);Acc.append(clf_a)


Filename: meta.py

Line #    Mem usage    Increment  Occurrences   Line Contents
=============================================================
   133 175.7421875000 MiB 175.7421875000 MiB           1   @profile(precision=10,stream=open("MIXED_LevBagg.log", "w+"))
   134                                         def test_train(ep,Mclf,X,y):
   135 175.7460937500 MiB   0.0000000000 MiB           2       for clf,clf_label in Mclf:
   136 175.7460937500 MiB   0.0039062500 MiB           1           Comp_start = time.time();y_pred = clf.predict(X);clf_a = accuracy_score(y, y_pred);clf.partial_fit(X, y,[1,0]);Time.append(time.time() - Comp_start);Acc.append(clf_a)


Filename: meta.py

Line #    Mem usage    Increment  Occurrences   Line Contents
=============================================================
   133 175.7460937500 MiB 175.7460937500 MiB           1   @profile(precision=10,stream=open("MIXED_LevBagg.log", "w+"))
   134                                         def test_train(ep,Mclf,X,y):
   135 175.7460937500 MiB   0.0000000000 MiB           2       for clf,clf_label in Mclf:
   136 175.7460937500 MiB   0.0000000000 MiB           1           Comp_start = time.time();y_pred = clf.predict(X);clf_a = accuracy_score(y, y_pred);clf.partial_fit(X, y,[1,0]);Time.append(time.time() - Comp_start);Acc.append(clf_a)


Filename: meta.py

Line #    Mem usage    Increment  Occurrences   Line Contents
=============================================================
   133 175.7460937500 MiB 175.7460937500 MiB           1   @profile(precision=10,stream=open("MIXED_LevBagg.log", "w+"))
   134                                         def test_train(ep,Mclf,X,y):
   135 175.7500000000 MiB   0.0000000000 MiB           2       for clf,clf_label in Mclf:
   136 175.7500000000 MiB   0.0039062500 MiB           1           Comp_start = time.time();y_pred = clf.predict(X);clf_a = accuracy_score(y, y_pred);clf.partial_fit(X, y,[1,0]);Time.append(time.time() - Comp_start);Acc.append(clf_a)


Filename: meta.py

Line #    Mem usage    Increment  Occurrences   Line Contents
=============================================================
   133 175.7500000000 MiB 175.7500000000 MiB           1   @profile(precision=10,stream=open("MIXED_LevBagg.log", "w+"))
   134                                         def test_train(ep,Mclf,X,y):
   135 175.7500000000 MiB   0.0000000000 MiB           2       for clf,clf_label in Mclf:
   136 175.7226562500 MiB  -0.0273437500 MiB           1           Comp_start = time.time();y_pred = clf.predict(X);clf_a = accuracy_score(y, y_pred);clf.partial_fit(X, y,[1,0]);Time.append(time.time() - Comp_start);Acc.append(clf_a)


