Filename: meta.py

Line #    Mem usage    Increment  Occurrences   Line Contents
=============================================================
   133 172.8984375000 MiB 172.8984375000 MiB           1   @profile(precision=10,stream=open("MIXED_SRP.log", "w+"))
   134                                         def test_train(ep,Mclf,X,y):
   135 173.9882812500 MiB   0.0000000000 MiB           2       for clf,clf_label in Mclf:
   136 173.9882812500 MiB   1.0898437500 MiB           1           Comp_start = time.time();y_pred = clf.predict(X);clf_a = accuracy_score(y, y_pred);clf.partial_fit(X, y,[1,0]);Time.append(time.time() - Comp_start);Acc.append(clf_a)


Filename: meta.py

Line #    Mem usage    Increment  Occurrences   Line Contents
=============================================================
   133 173.9960937500 MiB 173.9960937500 MiB           1   @profile(precision=10,stream=open("MIXED_SRP.log", "w+"))
   134                                         def test_train(ep,Mclf,X,y):
   135 175.1484375000 MiB   0.0000000000 MiB           2       for clf,clf_label in Mclf:
   136 175.1484375000 MiB   1.1523437500 MiB           1           Comp_start = time.time();y_pred = clf.predict(X);clf_a = accuracy_score(y, y_pred);clf.partial_fit(X, y,[1,0]);Time.append(time.time() - Comp_start);Acc.append(clf_a)


Filename: meta.py

Line #    Mem usage    Increment  Occurrences   Line Contents
=============================================================
   133 175.1484375000 MiB 175.1484375000 MiB           1   @profile(precision=10,stream=open("MIXED_SRP.log", "w+"))
   134                                         def test_train(ep,Mclf,X,y):
   135 175.3085937500 MiB   0.0000000000 MiB           2       for clf,clf_label in Mclf:
   136 175.3085937500 MiB   0.1601562500 MiB           1           Comp_start = time.time();y_pred = clf.predict(X);clf_a = accuracy_score(y, y_pred);clf.partial_fit(X, y,[1,0]);Time.append(time.time() - Comp_start);Acc.append(clf_a)


Filename: meta.py

Line #    Mem usage    Increment  Occurrences   Line Contents
=============================================================
   133 175.3085937500 MiB 175.3085937500 MiB           1   @profile(precision=10,stream=open("MIXED_SRP.log", "w+"))
   134                                         def test_train(ep,Mclf,X,y):
   135 175.3437500000 MiB   0.0000000000 MiB           2       for clf,clf_label in Mclf:
   136 175.3437500000 MiB   0.0351562500 MiB           1           Comp_start = time.time();y_pred = clf.predict(X);clf_a = accuracy_score(y, y_pred);clf.partial_fit(X, y,[1,0]);Time.append(time.time() - Comp_start);Acc.append(clf_a)


Filename: meta.py

Line #    Mem usage    Increment  Occurrences   Line Contents
=============================================================
   133 175.3437500000 MiB 175.3437500000 MiB           1   @profile(precision=10,stream=open("MIXED_SRP.log", "w+"))
   134                                         def test_train(ep,Mclf,X,y):
   135 175.3437500000 MiB   0.0000000000 MiB           2       for clf,clf_label in Mclf:
   136 175.3437500000 MiB   0.0000000000 MiB           1           Comp_start = time.time();y_pred = clf.predict(X);clf_a = accuracy_score(y, y_pred);clf.partial_fit(X, y,[1,0]);Time.append(time.time() - Comp_start);Acc.append(clf_a)


Filename: meta.py

Line #    Mem usage    Increment  Occurrences   Line Contents
=============================================================
   133 175.3437500000 MiB 175.3437500000 MiB           1   @profile(precision=10,stream=open("MIXED_SRP.log", "w+"))
   134                                         def test_train(ep,Mclf,X,y):
   135 175.3828125000 MiB   0.0000000000 MiB           2       for clf,clf_label in Mclf:
   136 175.3828125000 MiB   0.0390625000 MiB           1           Comp_start = time.time();y_pred = clf.predict(X);clf_a = accuracy_score(y, y_pred);clf.partial_fit(X, y,[1,0]);Time.append(time.time() - Comp_start);Acc.append(clf_a)


Filename: meta.py

Line #    Mem usage    Increment  Occurrences   Line Contents
=============================================================
   133 175.3828125000 MiB 175.3828125000 MiB           1   @profile(precision=10,stream=open("MIXED_SRP.log", "w+"))
   134                                         def test_train(ep,Mclf,X,y):
   135 175.3828125000 MiB   0.0000000000 MiB           2       for clf,clf_label in Mclf:
   136 175.3828125000 MiB   0.0000000000 MiB           1           Comp_start = time.time();y_pred = clf.predict(X);clf_a = accuracy_score(y, y_pred);clf.partial_fit(X, y,[1,0]);Time.append(time.time() - Comp_start);Acc.append(clf_a)


Filename: meta.py

Line #    Mem usage    Increment  Occurrences   Line Contents
=============================================================
   133 175.3828125000 MiB 175.3828125000 MiB           1   @profile(precision=10,stream=open("MIXED_SRP.log", "w+"))
   134                                         def test_train(ep,Mclf,X,y):
   135 175.3828125000 MiB   0.0000000000 MiB           2       for clf,clf_label in Mclf:
   136 175.3828125000 MiB   0.0000000000 MiB           1           Comp_start = time.time();y_pred = clf.predict(X);clf_a = accuracy_score(y, y_pred);clf.partial_fit(X, y,[1,0]);Time.append(time.time() - Comp_start);Acc.append(clf_a)


Filename: meta.py

Line #    Mem usage    Increment  Occurrences   Line Contents
=============================================================
   133 175.3828125000 MiB 175.3828125000 MiB           1   @profile(precision=10,stream=open("MIXED_SRP.log", "w+"))
   134                                         def test_train(ep,Mclf,X,y):
   135 175.3828125000 MiB   0.0000000000 MiB           2       for clf,clf_label in Mclf:
   136 175.3828125000 MiB   0.0000000000 MiB           1           Comp_start = time.time();y_pred = clf.predict(X);clf_a = accuracy_score(y, y_pred);clf.partial_fit(X, y,[1,0]);Time.append(time.time() - Comp_start);Acc.append(clf_a)


Filename: meta.py

Line #    Mem usage    Increment  Occurrences   Line Contents
=============================================================
   133 175.3828125000 MiB 175.3828125000 MiB           1   @profile(precision=10,stream=open("MIXED_SRP.log", "w+"))
   134                                         def test_train(ep,Mclf,X,y):
   135 175.3828125000 MiB   0.0000000000 MiB           2       for clf,clf_label in Mclf:
   136 175.3828125000 MiB   0.0000000000 MiB           1           Comp_start = time.time();y_pred = clf.predict(X);clf_a = accuracy_score(y, y_pred);clf.partial_fit(X, y,[1,0]);Time.append(time.time() - Comp_start);Acc.append(clf_a)


