Filename: meta.py

Line #    Mem usage    Increment  Occurrences   Line Contents
=============================================================
   133 173.0820312500 MiB 173.0820312500 MiB           1   @profile(precision=10,stream=open("MIXED_oBoost.log", "w+"))
   134                                         def test_train(ep,Mclf,X,y):
   135 173.3281250000 MiB   0.0000000000 MiB           2       for clf,clf_label in Mclf:
   136 173.3281250000 MiB   0.2460937500 MiB           1           Comp_start = time.time();y_pred = clf.predict(X);clf_a = accuracy_score(y, y_pred);clf.partial_fit(X, y,[1,0]);Time.append(time.time() - Comp_start);Acc.append(clf_a)


Filename: meta.py

Line #    Mem usage    Increment  Occurrences   Line Contents
=============================================================
   133 173.3281250000 MiB 173.3281250000 MiB           1   @profile(precision=10,stream=open("MIXED_oBoost.log", "w+"))
   134                                         def test_train(ep,Mclf,X,y):
   135 173.3281250000 MiB   0.0000000000 MiB           2       for clf,clf_label in Mclf:
   136 173.1835937500 MiB  -0.1445312500 MiB           1           Comp_start = time.time();y_pred = clf.predict(X);clf_a = accuracy_score(y, y_pred);clf.partial_fit(X, y,[1,0]);Time.append(time.time() - Comp_start);Acc.append(clf_a)


Filename: meta.py

Line #    Mem usage    Increment  Occurrences   Line Contents
=============================================================
   133 173.1835937500 MiB 173.1835937500 MiB           1   @profile(precision=10,stream=open("MIXED_oBoost.log", "w+"))
   134                                         def test_train(ep,Mclf,X,y):
   135 173.1835937500 MiB   0.0000000000 MiB           2       for clf,clf_label in Mclf:
   136 173.1835937500 MiB   0.0000000000 MiB           1           Comp_start = time.time();y_pred = clf.predict(X);clf_a = accuracy_score(y, y_pred);clf.partial_fit(X, y,[1,0]);Time.append(time.time() - Comp_start);Acc.append(clf_a)


Filename: meta.py

Line #    Mem usage    Increment  Occurrences   Line Contents
=============================================================
   133 173.1835937500 MiB 173.1835937500 MiB           1   @profile(precision=10,stream=open("MIXED_oBoost.log", "w+"))
   134                                         def test_train(ep,Mclf,X,y):
   135 173.1835937500 MiB   0.0000000000 MiB           2       for clf,clf_label in Mclf:
   136 173.1835937500 MiB   0.0000000000 MiB           1           Comp_start = time.time();y_pred = clf.predict(X);clf_a = accuracy_score(y, y_pred);clf.partial_fit(X, y,[1,0]);Time.append(time.time() - Comp_start);Acc.append(clf_a)


Filename: meta.py

Line #    Mem usage    Increment  Occurrences   Line Contents
=============================================================
   133 173.1835937500 MiB 173.1835937500 MiB           1   @profile(precision=10,stream=open("MIXED_oBoost.log", "w+"))
   134                                         def test_train(ep,Mclf,X,y):
   135 173.2109375000 MiB   0.0000000000 MiB           2       for clf,clf_label in Mclf:
   136 173.2109375000 MiB   0.0273437500 MiB           1           Comp_start = time.time();y_pred = clf.predict(X);clf_a = accuracy_score(y, y_pred);clf.partial_fit(X, y,[1,0]);Time.append(time.time() - Comp_start);Acc.append(clf_a)


Filename: meta.py

Line #    Mem usage    Increment  Occurrences   Line Contents
=============================================================
   133 173.2226562500 MiB 173.2226562500 MiB           1   @profile(precision=10,stream=open("MIXED_oBoost.log", "w+"))
   134                                         def test_train(ep,Mclf,X,y):
   135 173.2265625000 MiB   0.0000000000 MiB           2       for clf,clf_label in Mclf:
   136 173.2265625000 MiB   0.0039062500 MiB           1           Comp_start = time.time();y_pred = clf.predict(X);clf_a = accuracy_score(y, y_pred);clf.partial_fit(X, y,[1,0]);Time.append(time.time() - Comp_start);Acc.append(clf_a)


Filename: meta.py

Line #    Mem usage    Increment  Occurrences   Line Contents
=============================================================
   133 173.2265625000 MiB 173.2265625000 MiB           1   @profile(precision=10,stream=open("MIXED_oBoost.log", "w+"))
   134                                         def test_train(ep,Mclf,X,y):
   135 173.2265625000 MiB   0.0000000000 MiB           2       for clf,clf_label in Mclf:
   136 173.2265625000 MiB   0.0000000000 MiB           1           Comp_start = time.time();y_pred = clf.predict(X);clf_a = accuracy_score(y, y_pred);clf.partial_fit(X, y,[1,0]);Time.append(time.time() - Comp_start);Acc.append(clf_a)


Filename: meta.py

Line #    Mem usage    Increment  Occurrences   Line Contents
=============================================================
   133 173.2265625000 MiB 173.2265625000 MiB           1   @profile(precision=10,stream=open("MIXED_oBoost.log", "w+"))
   134                                         def test_train(ep,Mclf,X,y):
   135 173.2265625000 MiB   0.0000000000 MiB           2       for clf,clf_label in Mclf:
   136 173.2265625000 MiB   0.0000000000 MiB           1           Comp_start = time.time();y_pred = clf.predict(X);clf_a = accuracy_score(y, y_pred);clf.partial_fit(X, y,[1,0]);Time.append(time.time() - Comp_start);Acc.append(clf_a)


Filename: meta.py

Line #    Mem usage    Increment  Occurrences   Line Contents
=============================================================
   133 173.2265625000 MiB 173.2265625000 MiB           1   @profile(precision=10,stream=open("MIXED_oBoost.log", "w+"))
   134                                         def test_train(ep,Mclf,X,y):
   135 173.2265625000 MiB   0.0000000000 MiB           2       for clf,clf_label in Mclf:
   136 173.2265625000 MiB   0.0000000000 MiB           1           Comp_start = time.time();y_pred = clf.predict(X);clf_a = accuracy_score(y, y_pred);clf.partial_fit(X, y,[1,0]);Time.append(time.time() - Comp_start);Acc.append(clf_a)


Filename: meta.py

Line #    Mem usage    Increment  Occurrences   Line Contents
=============================================================
   133 173.2265625000 MiB 173.2265625000 MiB           1   @profile(precision=10,stream=open("MIXED_oBoost.log", "w+"))
   134                                         def test_train(ep,Mclf,X,y):
   135 173.2265625000 MiB   0.0000000000 MiB           2       for clf,clf_label in Mclf:
   136 173.2265625000 MiB   0.0000000000 MiB           1           Comp_start = time.time();y_pred = clf.predict(X);clf_a = accuracy_score(y, y_pred);clf.partial_fit(X, y,[1,0]);Time.append(time.time() - Comp_start);Acc.append(clf_a)


