Filename: meta.py

Line #    Mem usage    Increment  Occurrences   Line Contents
=============================================================
   133 172.9023437500 MiB 172.9023437500 MiB           1   @profile(precision=10,stream=open("MIXED_BAI.log", "w+"))
   134                                         def test_train(ep,Mclf,X,y):
   135 173.2343750000 MiB   0.0000000000 MiB           2       for clf,clf_label in Mclf:
   136 173.2343750000 MiB   0.3320312500 MiB           1           Comp_start = time.time();y_pred = clf.predict(X);clf_a = accuracy_score(y, y_pred);clf.partial_fit(X, y,[1,0]);Time.append(time.time() - Comp_start);Acc.append(clf_a)


Filename: meta.py

Line #    Mem usage    Increment  Occurrences   Line Contents
=============================================================
   133 173.2343750000 MiB 173.2343750000 MiB           1   @profile(precision=10,stream=open("MIXED_BAI.log", "w+"))
   134                                         def test_train(ep,Mclf,X,y):
   135 173.2734375000 MiB   0.0000000000 MiB           2       for clf,clf_label in Mclf:
   136 173.2734375000 MiB   0.0390625000 MiB           1           Comp_start = time.time();y_pred = clf.predict(X);clf_a = accuracy_score(y, y_pred);clf.partial_fit(X, y,[1,0]);Time.append(time.time() - Comp_start);Acc.append(clf_a)


Filename: meta.py

Line #    Mem usage    Increment  Occurrences   Line Contents
=============================================================
   133 173.2734375000 MiB 173.2734375000 MiB           1   @profile(precision=10,stream=open("MIXED_BAI.log", "w+"))
   134                                         def test_train(ep,Mclf,X,y):
   135 173.2734375000 MiB   0.0000000000 MiB           2       for clf,clf_label in Mclf:
   136 173.2734375000 MiB   0.0000000000 MiB           1           Comp_start = time.time();y_pred = clf.predict(X);clf_a = accuracy_score(y, y_pred);clf.partial_fit(X, y,[1,0]);Time.append(time.time() - Comp_start);Acc.append(clf_a)


Filename: meta.py

Line #    Mem usage    Increment  Occurrences   Line Contents
=============================================================
   133 173.2734375000 MiB 173.2734375000 MiB           1   @profile(precision=10,stream=open("MIXED_BAI.log", "w+"))
   134                                         def test_train(ep,Mclf,X,y):
   135 173.2734375000 MiB   0.0000000000 MiB           2       for clf,clf_label in Mclf:
   136 173.2734375000 MiB   0.0000000000 MiB           1           Comp_start = time.time();y_pred = clf.predict(X);clf_a = accuracy_score(y, y_pred);clf.partial_fit(X, y,[1,0]);Time.append(time.time() - Comp_start);Acc.append(clf_a)


Filename: meta.py

Line #    Mem usage    Increment  Occurrences   Line Contents
=============================================================
   133 173.2734375000 MiB 173.2734375000 MiB           1   @profile(precision=10,stream=open("MIXED_BAI.log", "w+"))
   134                                         def test_train(ep,Mclf,X,y):
   135 173.2734375000 MiB   0.0000000000 MiB           2       for clf,clf_label in Mclf:
   136 173.2734375000 MiB   0.0000000000 MiB           1           Comp_start = time.time();y_pred = clf.predict(X);clf_a = accuracy_score(y, y_pred);clf.partial_fit(X, y,[1,0]);Time.append(time.time() - Comp_start);Acc.append(clf_a)


Filename: meta.py

Line #    Mem usage    Increment  Occurrences   Line Contents
=============================================================
   133 173.2734375000 MiB 173.2734375000 MiB           1   @profile(precision=10,stream=open("MIXED_BAI.log", "w+"))
   134                                         def test_train(ep,Mclf,X,y):
   135 173.2734375000 MiB   0.0000000000 MiB           2       for clf,clf_label in Mclf:
   136 173.2734375000 MiB   0.0000000000 MiB           1           Comp_start = time.time();y_pred = clf.predict(X);clf_a = accuracy_score(y, y_pred);clf.partial_fit(X, y,[1,0]);Time.append(time.time() - Comp_start);Acc.append(clf_a)


Filename: meta.py

Line #    Mem usage    Increment  Occurrences   Line Contents
=============================================================
   133 173.2734375000 MiB 173.2734375000 MiB           1   @profile(precision=10,stream=open("MIXED_BAI.log", "w+"))
   134                                         def test_train(ep,Mclf,X,y):
   135 173.2773437500 MiB   0.0000000000 MiB           2       for clf,clf_label in Mclf:
   136 173.2773437500 MiB   0.0039062500 MiB           1           Comp_start = time.time();y_pred = clf.predict(X);clf_a = accuracy_score(y, y_pred);clf.partial_fit(X, y,[1,0]);Time.append(time.time() - Comp_start);Acc.append(clf_a)


Filename: meta.py

Line #    Mem usage    Increment  Occurrences   Line Contents
=============================================================
   133 173.2773437500 MiB 173.2773437500 MiB           1   @profile(precision=10,stream=open("MIXED_BAI.log", "w+"))
   134                                         def test_train(ep,Mclf,X,y):
   135 173.2773437500 MiB   0.0000000000 MiB           2       for clf,clf_label in Mclf:
   136 173.2773437500 MiB   0.0000000000 MiB           1           Comp_start = time.time();y_pred = clf.predict(X);clf_a = accuracy_score(y, y_pred);clf.partial_fit(X, y,[1,0]);Time.append(time.time() - Comp_start);Acc.append(clf_a)


Filename: meta.py

Line #    Mem usage    Increment  Occurrences   Line Contents
=============================================================
   133 173.2773437500 MiB 173.2773437500 MiB           1   @profile(precision=10,stream=open("MIXED_BAI.log", "w+"))
   134                                         def test_train(ep,Mclf,X,y):
   135 173.2773437500 MiB   0.0000000000 MiB           2       for clf,clf_label in Mclf:
   136 173.2773437500 MiB   0.0000000000 MiB           1           Comp_start = time.time();y_pred = clf.predict(X);clf_a = accuracy_score(y, y_pred);clf.partial_fit(X, y,[1,0]);Time.append(time.time() - Comp_start);Acc.append(clf_a)


Filename: meta.py

Line #    Mem usage    Increment  Occurrences   Line Contents
=============================================================
   133 173.2773437500 MiB 173.2773437500 MiB           1   @profile(precision=10,stream=open("MIXED_BAI.log", "w+"))
   134                                         def test_train(ep,Mclf,X,y):
   135 173.2773437500 MiB   0.0000000000 MiB           2       for clf,clf_label in Mclf:
   136 173.2773437500 MiB   0.0000000000 MiB           1           Comp_start = time.time();y_pred = clf.predict(X);clf_a = accuracy_score(y, y_pred);clf.partial_fit(X, y,[1,0]);Time.append(time.time() - Comp_start);Acc.append(clf_a)


