Filename: meta.py

Line #    Mem usage    Increment  Occurrences   Line Contents
=============================================================
   133 179.2265625000 MiB 179.2265625000 MiB           1   @profile(precision=10,stream=open("mv_DWM.log", "w+"))
   134                                         def test_train(ep,Mclf,X,y):
   135 179.3242187500 MiB   0.0000000000 MiB           2       for clf,clf_label in Mclf:
   136 179.3242187500 MiB   0.0976562500 MiB           1           Comp_start = time.time();y_pred = clf.predict(X);clf_a = accuracy_score(y, y_pred);clf.partial_fit(X, y,[1,0]);Time.append(time.time() - Comp_start);Acc.append(clf_a)


Filename: meta.py

Line #    Mem usage    Increment  Occurrences   Line Contents
=============================================================
   133 179.3242187500 MiB 179.3242187500 MiB           1   @profile(precision=10,stream=open("mv_DWM.log", "w+"))
   134                                         def test_train(ep,Mclf,X,y):
   135 179.4023437500 MiB   0.0000000000 MiB           2       for clf,clf_label in Mclf:
   136 179.4023437500 MiB   0.0781250000 MiB           1           Comp_start = time.time();y_pred = clf.predict(X);clf_a = accuracy_score(y, y_pred);clf.partial_fit(X, y,[1,0]);Time.append(time.time() - Comp_start);Acc.append(clf_a)


Filename: meta.py

Line #    Mem usage    Increment  Occurrences   Line Contents
=============================================================
   133 179.4023437500 MiB 179.4023437500 MiB           1   @profile(precision=10,stream=open("mv_DWM.log", "w+"))
   134                                         def test_train(ep,Mclf,X,y):
   135 179.4023437500 MiB   0.0000000000 MiB           2       for clf,clf_label in Mclf:
   136 179.4023437500 MiB   0.0000000000 MiB           1           Comp_start = time.time();y_pred = clf.predict(X);clf_a = accuracy_score(y, y_pred);clf.partial_fit(X, y,[1,0]);Time.append(time.time() - Comp_start);Acc.append(clf_a)


Filename: meta.py

Line #    Mem usage    Increment  Occurrences   Line Contents
=============================================================
   133 179.4023437500 MiB 179.4023437500 MiB           1   @profile(precision=10,stream=open("mv_DWM.log", "w+"))
   134                                         def test_train(ep,Mclf,X,y):
   135 179.4023437500 MiB   0.0000000000 MiB           2       for clf,clf_label in Mclf:
   136 179.4023437500 MiB   0.0000000000 MiB           1           Comp_start = time.time();y_pred = clf.predict(X);clf_a = accuracy_score(y, y_pred);clf.partial_fit(X, y,[1,0]);Time.append(time.time() - Comp_start);Acc.append(clf_a)


Filename: meta.py

Line #    Mem usage    Increment  Occurrences   Line Contents
=============================================================
   133 179.4023437500 MiB 179.4023437500 MiB           1   @profile(precision=10,stream=open("mv_DWM.log", "w+"))
   134                                         def test_train(ep,Mclf,X,y):
   135 179.4023437500 MiB   0.0000000000 MiB           2       for clf,clf_label in Mclf:
   136 179.4023437500 MiB   0.0000000000 MiB           1           Comp_start = time.time();y_pred = clf.predict(X);clf_a = accuracy_score(y, y_pred);clf.partial_fit(X, y,[1,0]);Time.append(time.time() - Comp_start);Acc.append(clf_a)


Filename: meta.py

Line #    Mem usage    Increment  Occurrences   Line Contents
=============================================================
   133 179.4023437500 MiB 179.4023437500 MiB           1   @profile(precision=10,stream=open("mv_DWM.log", "w+"))
   134                                         def test_train(ep,Mclf,X,y):
   135 179.4023437500 MiB   0.0000000000 MiB           2       for clf,clf_label in Mclf:
   136 179.4023437500 MiB   0.0000000000 MiB           1           Comp_start = time.time();y_pred = clf.predict(X);clf_a = accuracy_score(y, y_pred);clf.partial_fit(X, y,[1,0]);Time.append(time.time() - Comp_start);Acc.append(clf_a)


Filename: meta.py

Line #    Mem usage    Increment  Occurrences   Line Contents
=============================================================
   133 179.4023437500 MiB 179.4023437500 MiB           1   @profile(precision=10,stream=open("mv_DWM.log", "w+"))
   134                                         def test_train(ep,Mclf,X,y):
   135 179.4023437500 MiB   0.0000000000 MiB           2       for clf,clf_label in Mclf:
   136 179.4023437500 MiB   0.0000000000 MiB           1           Comp_start = time.time();y_pred = clf.predict(X);clf_a = accuracy_score(y, y_pred);clf.partial_fit(X, y,[1,0]);Time.append(time.time() - Comp_start);Acc.append(clf_a)


Filename: meta.py

Line #    Mem usage    Increment  Occurrences   Line Contents
=============================================================
   133 179.4023437500 MiB 179.4023437500 MiB           1   @profile(precision=10,stream=open("mv_DWM.log", "w+"))
   134                                         def test_train(ep,Mclf,X,y):
   135 179.4023437500 MiB   0.0000000000 MiB           2       for clf,clf_label in Mclf:
   136 179.4023437500 MiB   0.0000000000 MiB           1           Comp_start = time.time();y_pred = clf.predict(X);clf_a = accuracy_score(y, y_pred);clf.partial_fit(X, y,[1,0]);Time.append(time.time() - Comp_start);Acc.append(clf_a)


Filename: meta.py

Line #    Mem usage    Increment  Occurrences   Line Contents
=============================================================
   133 179.4023437500 MiB 179.4023437500 MiB           1   @profile(precision=10,stream=open("mv_DWM.log", "w+"))
   134                                         def test_train(ep,Mclf,X,y):
   135 179.4023437500 MiB   0.0000000000 MiB           2       for clf,clf_label in Mclf:
   136 179.4023437500 MiB   0.0000000000 MiB           1           Comp_start = time.time();y_pred = clf.predict(X);clf_a = accuracy_score(y, y_pred);clf.partial_fit(X, y,[1,0]);Time.append(time.time() - Comp_start);Acc.append(clf_a)


Filename: meta.py

Line #    Mem usage    Increment  Occurrences   Line Contents
=============================================================
   133 179.4023437500 MiB 179.4023437500 MiB           1   @profile(precision=10,stream=open("mv_DWM.log", "w+"))
   134                                         def test_train(ep,Mclf,X,y):
   135 179.4023437500 MiB   0.0000000000 MiB           2       for clf,clf_label in Mclf:
   136 179.4023437500 MiB   0.0000000000 MiB           1           Comp_start = time.time();y_pred = clf.predict(X);clf_a = accuracy_score(y, y_pred);clf.partial_fit(X, y,[1,0]);Time.append(time.time() - Comp_start);Acc.append(clf_a)


