Filename: meta.py

Line #    Mem usage    Increment  Occurrences   Line Contents
=============================================================
   133 179.1367187500 MiB 179.1367187500 MiB           1   @profile(precision=10,stream=open("mv_SRP.log", "w+"))
   134                                         def test_train(ep,Mclf,X,y):
   135 179.7265625000 MiB   0.0000000000 MiB           2       for clf,clf_label in Mclf:
   136 179.7265625000 MiB   0.5898437500 MiB           1           Comp_start = time.time();y_pred = clf.predict(X);clf_a = accuracy_score(y, y_pred);clf.partial_fit(X, y,[1,0]);Time.append(time.time() - Comp_start);Acc.append(clf_a)


Filename: meta.py

Line #    Mem usage    Increment  Occurrences   Line Contents
=============================================================
   133 179.7265625000 MiB 179.7265625000 MiB           1   @profile(precision=10,stream=open("mv_SRP.log", "w+"))
   134                                         def test_train(ep,Mclf,X,y):
   135 180.6367187500 MiB   0.0000000000 MiB           2       for clf,clf_label in Mclf:
   136 180.6367187500 MiB   0.9101562500 MiB           1           Comp_start = time.time();y_pred = clf.predict(X);clf_a = accuracy_score(y, y_pred);clf.partial_fit(X, y,[1,0]);Time.append(time.time() - Comp_start);Acc.append(clf_a)


Filename: meta.py

Line #    Mem usage    Increment  Occurrences   Line Contents
=============================================================
   133 180.6367187500 MiB 180.6367187500 MiB           1   @profile(precision=10,stream=open("mv_SRP.log", "w+"))
   134                                         def test_train(ep,Mclf,X,y):
   135 180.6367187500 MiB   0.0000000000 MiB           2       for clf,clf_label in Mclf:
   136 180.6367187500 MiB   0.0000000000 MiB           1           Comp_start = time.time();y_pred = clf.predict(X);clf_a = accuracy_score(y, y_pred);clf.partial_fit(X, y,[1,0]);Time.append(time.time() - Comp_start);Acc.append(clf_a)


Filename: meta.py

Line #    Mem usage    Increment  Occurrences   Line Contents
=============================================================
   133 180.6367187500 MiB 180.6367187500 MiB           1   @profile(precision=10,stream=open("mv_SRP.log", "w+"))
   134                                         def test_train(ep,Mclf,X,y):
   135 180.6367187500 MiB   0.0000000000 MiB           2       for clf,clf_label in Mclf:
   136 180.6367187500 MiB   0.0000000000 MiB           1           Comp_start = time.time();y_pred = clf.predict(X);clf_a = accuracy_score(y, y_pred);clf.partial_fit(X, y,[1,0]);Time.append(time.time() - Comp_start);Acc.append(clf_a)


Filename: meta.py

Line #    Mem usage    Increment  Occurrences   Line Contents
=============================================================
   133 180.6367187500 MiB 180.6367187500 MiB           1   @profile(precision=10,stream=open("mv_SRP.log", "w+"))
   134                                         def test_train(ep,Mclf,X,y):
   135 180.6757812500 MiB   0.0000000000 MiB           2       for clf,clf_label in Mclf:
   136 180.6757812500 MiB   0.0390625000 MiB           1           Comp_start = time.time();y_pred = clf.predict(X);clf_a = accuracy_score(y, y_pred);clf.partial_fit(X, y,[1,0]);Time.append(time.time() - Comp_start);Acc.append(clf_a)


Filename: meta.py

Line #    Mem usage    Increment  Occurrences   Line Contents
=============================================================
   133 180.6757812500 MiB 180.6757812500 MiB           1   @profile(precision=10,stream=open("mv_SRP.log", "w+"))
   134                                         def test_train(ep,Mclf,X,y):
   135 180.6757812500 MiB   0.0000000000 MiB           2       for clf,clf_label in Mclf:
   136 180.6757812500 MiB   0.0000000000 MiB           1           Comp_start = time.time();y_pred = clf.predict(X);clf_a = accuracy_score(y, y_pred);clf.partial_fit(X, y,[1,0]);Time.append(time.time() - Comp_start);Acc.append(clf_a)


Filename: meta.py

Line #    Mem usage    Increment  Occurrences   Line Contents
=============================================================
   133 180.6757812500 MiB 180.6757812500 MiB           1   @profile(precision=10,stream=open("mv_SRP.log", "w+"))
   134                                         def test_train(ep,Mclf,X,y):
   135 180.6757812500 MiB   0.0000000000 MiB           2       for clf,clf_label in Mclf:
   136 180.6757812500 MiB   0.0000000000 MiB           1           Comp_start = time.time();y_pred = clf.predict(X);clf_a = accuracy_score(y, y_pred);clf.partial_fit(X, y,[1,0]);Time.append(time.time() - Comp_start);Acc.append(clf_a)


Filename: meta.py

Line #    Mem usage    Increment  Occurrences   Line Contents
=============================================================
   133 180.6757812500 MiB 180.6757812500 MiB           1   @profile(precision=10,stream=open("mv_SRP.log", "w+"))
   134                                         def test_train(ep,Mclf,X,y):
   135 180.6757812500 MiB   0.0000000000 MiB           2       for clf,clf_label in Mclf:
   136 180.6757812500 MiB   0.0000000000 MiB           1           Comp_start = time.time();y_pred = clf.predict(X);clf_a = accuracy_score(y, y_pred);clf.partial_fit(X, y,[1,0]);Time.append(time.time() - Comp_start);Acc.append(clf_a)


Filename: meta.py

Line #    Mem usage    Increment  Occurrences   Line Contents
=============================================================
   133 180.6757812500 MiB 180.6757812500 MiB           1   @profile(precision=10,stream=open("mv_SRP.log", "w+"))
   134                                         def test_train(ep,Mclf,X,y):
   135 180.6757812500 MiB   0.0000000000 MiB           2       for clf,clf_label in Mclf:
   136 180.6171875000 MiB  -0.0585937500 MiB           1           Comp_start = time.time();y_pred = clf.predict(X);clf_a = accuracy_score(y, y_pred);clf.partial_fit(X, y,[1,0]);Time.append(time.time() - Comp_start);Acc.append(clf_a)


Filename: meta.py

Line #    Mem usage    Increment  Occurrences   Line Contents
=============================================================
   133 180.6171875000 MiB 180.6171875000 MiB           1   @profile(precision=10,stream=open("mv_SRP.log", "w+"))
   134                                         def test_train(ep,Mclf,X,y):
   135 180.6171875000 MiB   0.0000000000 MiB           2       for clf,clf_label in Mclf:
   136 180.6171875000 MiB   0.0000000000 MiB           1           Comp_start = time.time();y_pred = clf.predict(X);clf_a = accuracy_score(y, y_pred);clf.partial_fit(X, y,[1,0]);Time.append(time.time() - Comp_start);Acc.append(clf_a)


