Filename: meta.py

Line #    Mem usage    Increment  Occurrences   Line Contents
=============================================================
   133 188.0859375000 MiB 188.0859375000 MiB           1   @profile(precision=10,stream=open("NonSkin_BAI.log", "w+"))
   134                                         def test_train(ep,Mclf,X,y):
   135 188.3437500000 MiB   0.0000000000 MiB           2       for clf,clf_label in Mclf:
   136 188.3437500000 MiB   0.2578125000 MiB           1           Comp_start = time.time();y_pred = clf.predict(X);clf_a = accuracy_score(y, y_pred);clf.partial_fit(X, y,[1,0]);Time.append(time.time() - Comp_start);Acc.append(clf_a)


Filename: meta.py

Line #    Mem usage    Increment  Occurrences   Line Contents
=============================================================
   133 188.3476562500 MiB 188.3476562500 MiB           1   @profile(precision=10,stream=open("NonSkin_BAI.log", "w+"))
   134                                         def test_train(ep,Mclf,X,y):
   135 188.3867187500 MiB   0.0000000000 MiB           2       for clf,clf_label in Mclf:
   136 188.3867187500 MiB   0.0390625000 MiB           1           Comp_start = time.time();y_pred = clf.predict(X);clf_a = accuracy_score(y, y_pred);clf.partial_fit(X, y,[1,0]);Time.append(time.time() - Comp_start);Acc.append(clf_a)


Filename: meta.py

Line #    Mem usage    Increment  Occurrences   Line Contents
=============================================================
   133 188.3906250000 MiB 188.3906250000 MiB           1   @profile(precision=10,stream=open("NonSkin_BAI.log", "w+"))
   134                                         def test_train(ep,Mclf,X,y):
   135 188.3906250000 MiB   0.0000000000 MiB           2       for clf,clf_label in Mclf:
   136 188.3906250000 MiB   0.0000000000 MiB           1           Comp_start = time.time();y_pred = clf.predict(X);clf_a = accuracy_score(y, y_pred);clf.partial_fit(X, y,[1,0]);Time.append(time.time() - Comp_start);Acc.append(clf_a)


Filename: meta.py

Line #    Mem usage    Increment  Occurrences   Line Contents
=============================================================
   133 188.3906250000 MiB 188.3906250000 MiB           1   @profile(precision=10,stream=open("NonSkin_BAI.log", "w+"))
   134                                         def test_train(ep,Mclf,X,y):
   135 188.3984375000 MiB   0.0000000000 MiB           2       for clf,clf_label in Mclf:
   136 188.3984375000 MiB   0.0078125000 MiB           1           Comp_start = time.time();y_pred = clf.predict(X);clf_a = accuracy_score(y, y_pred);clf.partial_fit(X, y,[1,0]);Time.append(time.time() - Comp_start);Acc.append(clf_a)


Filename: meta.py

Line #    Mem usage    Increment  Occurrences   Line Contents
=============================================================
   133 188.3984375000 MiB 188.3984375000 MiB           1   @profile(precision=10,stream=open("NonSkin_BAI.log", "w+"))
   134                                         def test_train(ep,Mclf,X,y):
   135 188.4023437500 MiB   0.0000000000 MiB           2       for clf,clf_label in Mclf:
   136 188.4023437500 MiB   0.0039062500 MiB           1           Comp_start = time.time();y_pred = clf.predict(X);clf_a = accuracy_score(y, y_pred);clf.partial_fit(X, y,[1,0]);Time.append(time.time() - Comp_start);Acc.append(clf_a)


Filename: meta.py

Line #    Mem usage    Increment  Occurrences   Line Contents
=============================================================
   133 188.4062500000 MiB 188.4062500000 MiB           1   @profile(precision=10,stream=open("NonSkin_BAI.log", "w+"))
   134                                         def test_train(ep,Mclf,X,y):
   135 188.4062500000 MiB   0.0000000000 MiB           2       for clf,clf_label in Mclf:
   136 188.4062500000 MiB   0.0000000000 MiB           1           Comp_start = time.time();y_pred = clf.predict(X);clf_a = accuracy_score(y, y_pred);clf.partial_fit(X, y,[1,0]);Time.append(time.time() - Comp_start);Acc.append(clf_a)


Filename: meta.py

Line #    Mem usage    Increment  Occurrences   Line Contents
=============================================================
   133 188.4062500000 MiB 188.4062500000 MiB           1   @profile(precision=10,stream=open("NonSkin_BAI.log", "w+"))
   134                                         def test_train(ep,Mclf,X,y):
   135 188.4062500000 MiB   0.0000000000 MiB           2       for clf,clf_label in Mclf:
   136 188.4062500000 MiB   0.0000000000 MiB           1           Comp_start = time.time();y_pred = clf.predict(X);clf_a = accuracy_score(y, y_pred);clf.partial_fit(X, y,[1,0]);Time.append(time.time() - Comp_start);Acc.append(clf_a)


Filename: meta.py

Line #    Mem usage    Increment  Occurrences   Line Contents
=============================================================
   133 188.4101562500 MiB 188.4101562500 MiB           1   @profile(precision=10,stream=open("NonSkin_BAI.log", "w+"))
   134                                         def test_train(ep,Mclf,X,y):
   135 188.4101562500 MiB   0.0000000000 MiB           2       for clf,clf_label in Mclf:
   136 188.4101562500 MiB   0.0000000000 MiB           1           Comp_start = time.time();y_pred = clf.predict(X);clf_a = accuracy_score(y, y_pred);clf.partial_fit(X, y,[1,0]);Time.append(time.time() - Comp_start);Acc.append(clf_a)


Filename: meta.py

Line #    Mem usage    Increment  Occurrences   Line Contents
=============================================================
   133 188.4101562500 MiB 188.4101562500 MiB           1   @profile(precision=10,stream=open("NonSkin_BAI.log", "w+"))
   134                                         def test_train(ep,Mclf,X,y):
   135 188.4101562500 MiB   0.0000000000 MiB           2       for clf,clf_label in Mclf:
   136 188.4101562500 MiB   0.0000000000 MiB           1           Comp_start = time.time();y_pred = clf.predict(X);clf_a = accuracy_score(y, y_pred);clf.partial_fit(X, y,[1,0]);Time.append(time.time() - Comp_start);Acc.append(clf_a)


Filename: meta.py

Line #    Mem usage    Increment  Occurrences   Line Contents
=============================================================
   133 188.4101562500 MiB 188.4101562500 MiB           1   @profile(precision=10,stream=open("NonSkin_BAI.log", "w+"))
   134                                         def test_train(ep,Mclf,X,y):
   135 188.4140625000 MiB   0.0000000000 MiB           2       for clf,clf_label in Mclf:
   136 188.4140625000 MiB   0.0039062500 MiB           1           Comp_start = time.time();y_pred = clf.predict(X);clf_a = accuracy_score(y, y_pred);clf.partial_fit(X, y,[1,0]);Time.append(time.time() - Comp_start);Acc.append(clf_a)


