Filename: meta.py

Line #    Mem usage    Increment  Occurrences   Line Contents
=============================================================
   133 188.0507812500 MiB 188.0507812500 MiB           1   @profile(precision=10,stream=open("NonSkin_AEE.log", "w+"))
   134                                         def test_train(ep,Mclf,X,y):
   135 188.1289062500 MiB   0.0000000000 MiB           2       for clf,clf_label in Mclf:
   136 188.1289062500 MiB   0.0781250000 MiB           1           Comp_start = time.time();y_pred = clf.predict(X);clf_a = accuracy_score(y, y_pred);clf.partial_fit(X, y,[1,0]);Time.append(time.time() - Comp_start);Acc.append(clf_a)


Filename: meta.py

Line #    Mem usage    Increment  Occurrences   Line Contents
=============================================================
   133 188.1289062500 MiB 188.1289062500 MiB           1   @profile(precision=10,stream=open("NonSkin_AEE.log", "w+"))
   134                                         def test_train(ep,Mclf,X,y):
   135 188.2226562500 MiB   0.0000000000 MiB           2       for clf,clf_label in Mclf:
   136 188.2226562500 MiB   0.0937500000 MiB           1           Comp_start = time.time();y_pred = clf.predict(X);clf_a = accuracy_score(y, y_pred);clf.partial_fit(X, y,[1,0]);Time.append(time.time() - Comp_start);Acc.append(clf_a)


Filename: meta.py

Line #    Mem usage    Increment  Occurrences   Line Contents
=============================================================
   133 188.2226562500 MiB 188.2226562500 MiB           1   @profile(precision=10,stream=open("NonSkin_AEE.log", "w+"))
   134                                         def test_train(ep,Mclf,X,y):
   135 188.2226562500 MiB   0.0000000000 MiB           2       for clf,clf_label in Mclf:
   136 188.2226562500 MiB   0.0000000000 MiB           1           Comp_start = time.time();y_pred = clf.predict(X);clf_a = accuracy_score(y, y_pred);clf.partial_fit(X, y,[1,0]);Time.append(time.time() - Comp_start);Acc.append(clf_a)


Filename: meta.py

Line #    Mem usage    Increment  Occurrences   Line Contents
=============================================================
   133 188.2226562500 MiB 188.2226562500 MiB           1   @profile(precision=10,stream=open("NonSkin_AEE.log", "w+"))
   134                                         def test_train(ep,Mclf,X,y):
   135 188.2265625000 MiB   0.0000000000 MiB           2       for clf,clf_label in Mclf:
   136 188.2265625000 MiB   0.0039062500 MiB           1           Comp_start = time.time();y_pred = clf.predict(X);clf_a = accuracy_score(y, y_pred);clf.partial_fit(X, y,[1,0]);Time.append(time.time() - Comp_start);Acc.append(clf_a)


Filename: meta.py

Line #    Mem usage    Increment  Occurrences   Line Contents
=============================================================
   133 188.2265625000 MiB 188.2265625000 MiB           1   @profile(precision=10,stream=open("NonSkin_AEE.log", "w+"))
   134                                         def test_train(ep,Mclf,X,y):
   135 188.2265625000 MiB   0.0000000000 MiB           2       for clf,clf_label in Mclf:
   136 188.2265625000 MiB   0.0000000000 MiB           1           Comp_start = time.time();y_pred = clf.predict(X);clf_a = accuracy_score(y, y_pred);clf.partial_fit(X, y,[1,0]);Time.append(time.time() - Comp_start);Acc.append(clf_a)


Filename: meta.py

Line #    Mem usage    Increment  Occurrences   Line Contents
=============================================================
   133 188.2265625000 MiB 188.2265625000 MiB           1   @profile(precision=10,stream=open("NonSkin_AEE.log", "w+"))
   134                                         def test_train(ep,Mclf,X,y):
   135 188.2265625000 MiB   0.0000000000 MiB           2       for clf,clf_label in Mclf:
   136 188.2265625000 MiB   0.0000000000 MiB           1           Comp_start = time.time();y_pred = clf.predict(X);clf_a = accuracy_score(y, y_pred);clf.partial_fit(X, y,[1,0]);Time.append(time.time() - Comp_start);Acc.append(clf_a)


Filename: meta.py

Line #    Mem usage    Increment  Occurrences   Line Contents
=============================================================
   133 188.2265625000 MiB 188.2265625000 MiB           1   @profile(precision=10,stream=open("NonSkin_AEE.log", "w+"))
   134                                         def test_train(ep,Mclf,X,y):
   135 188.2265625000 MiB   0.0000000000 MiB           2       for clf,clf_label in Mclf:
   136 188.2265625000 MiB   0.0000000000 MiB           1           Comp_start = time.time();y_pred = clf.predict(X);clf_a = accuracy_score(y, y_pred);clf.partial_fit(X, y,[1,0]);Time.append(time.time() - Comp_start);Acc.append(clf_a)


Filename: meta.py

Line #    Mem usage    Increment  Occurrences   Line Contents
=============================================================
   133 188.2265625000 MiB 188.2265625000 MiB           1   @profile(precision=10,stream=open("NonSkin_AEE.log", "w+"))
   134                                         def test_train(ep,Mclf,X,y):
   135 188.2265625000 MiB   0.0000000000 MiB           2       for clf,clf_label in Mclf:
   136 188.2265625000 MiB   0.0000000000 MiB           1           Comp_start = time.time();y_pred = clf.predict(X);clf_a = accuracy_score(y, y_pred);clf.partial_fit(X, y,[1,0]);Time.append(time.time() - Comp_start);Acc.append(clf_a)


Filename: meta.py

Line #    Mem usage    Increment  Occurrences   Line Contents
=============================================================
   133 188.2265625000 MiB 188.2265625000 MiB           1   @profile(precision=10,stream=open("NonSkin_AEE.log", "w+"))
   134                                         def test_train(ep,Mclf,X,y):
   135 188.2265625000 MiB   0.0000000000 MiB           2       for clf,clf_label in Mclf:
   136 188.2265625000 MiB   0.0000000000 MiB           1           Comp_start = time.time();y_pred = clf.predict(X);clf_a = accuracy_score(y, y_pred);clf.partial_fit(X, y,[1,0]);Time.append(time.time() - Comp_start);Acc.append(clf_a)


Filename: meta.py

Line #    Mem usage    Increment  Occurrences   Line Contents
=============================================================
   133 188.2265625000 MiB 188.2265625000 MiB           1   @profile(precision=10,stream=open("NonSkin_AEE.log", "w+"))
   134                                         def test_train(ep,Mclf,X,y):
   135 188.2265625000 MiB   0.0000000000 MiB           2       for clf,clf_label in Mclf:
   136 188.2265625000 MiB   0.0000000000 MiB           1           Comp_start = time.time();y_pred = clf.predict(X);clf_a = accuracy_score(y, y_pred);clf.partial_fit(X, y,[1,0]);Time.append(time.time() - Comp_start);Acc.append(clf_a)


