Filename: meta.py

Line #    Mem usage    Increment  Occurrences   Line Contents
=============================================================
   133 188.3828125000 MiB 188.3828125000 MiB           1   @profile(precision=10,stream=open("NonSkin_OzaBagg.log", "w+"))
   134                                         def test_train(ep,Mclf,X,y):
   135 188.8320312500 MiB   0.0000000000 MiB           2       for clf,clf_label in Mclf:
   136 188.8320312500 MiB   0.4492187500 MiB           1           Comp_start = time.time();y_pred = clf.predict(X);clf_a = accuracy_score(y, y_pred);clf.partial_fit(X, y,[1,0]);Time.append(time.time() - Comp_start);Acc.append(clf_a)


Filename: meta.py

Line #    Mem usage    Increment  Occurrences   Line Contents
=============================================================
   133 188.8320312500 MiB 188.8320312500 MiB           1   @profile(precision=10,stream=open("NonSkin_OzaBagg.log", "w+"))
   134                                         def test_train(ep,Mclf,X,y):
   135 189.9453125000 MiB   0.0000000000 MiB           2       for clf,clf_label in Mclf:
   136 189.9453125000 MiB   1.1132812500 MiB           1           Comp_start = time.time();y_pred = clf.predict(X);clf_a = accuracy_score(y, y_pred);clf.partial_fit(X, y,[1,0]);Time.append(time.time() - Comp_start);Acc.append(clf_a)


Filename: meta.py

Line #    Mem usage    Increment  Occurrences   Line Contents
=============================================================
   133 189.9453125000 MiB 189.9453125000 MiB           1   @profile(precision=10,stream=open("NonSkin_OzaBagg.log", "w+"))
   134                                         def test_train(ep,Mclf,X,y):
   135 190.0078125000 MiB   0.0000000000 MiB           2       for clf,clf_label in Mclf:
   136 190.0078125000 MiB   0.0625000000 MiB           1           Comp_start = time.time();y_pred = clf.predict(X);clf_a = accuracy_score(y, y_pred);clf.partial_fit(X, y,[1,0]);Time.append(time.time() - Comp_start);Acc.append(clf_a)


Filename: meta.py

Line #    Mem usage    Increment  Occurrences   Line Contents
=============================================================
   133 190.0078125000 MiB 190.0078125000 MiB           1   @profile(precision=10,stream=open("NonSkin_OzaBagg.log", "w+"))
   134                                         def test_train(ep,Mclf,X,y):
   135 190.0117187500 MiB   0.0000000000 MiB           2       for clf,clf_label in Mclf:
   136 190.0117187500 MiB   0.0039062500 MiB           1           Comp_start = time.time();y_pred = clf.predict(X);clf_a = accuracy_score(y, y_pred);clf.partial_fit(X, y,[1,0]);Time.append(time.time() - Comp_start);Acc.append(clf_a)


Filename: meta.py

Line #    Mem usage    Increment  Occurrences   Line Contents
=============================================================
   133 190.0117187500 MiB 190.0117187500 MiB           1   @profile(precision=10,stream=open("NonSkin_OzaBagg.log", "w+"))
   134                                         def test_train(ep,Mclf,X,y):
   135 190.0546875000 MiB   0.0000000000 MiB           2       for clf,clf_label in Mclf:
   136 190.0546875000 MiB   0.0429687500 MiB           1           Comp_start = time.time();y_pred = clf.predict(X);clf_a = accuracy_score(y, y_pred);clf.partial_fit(X, y,[1,0]);Time.append(time.time() - Comp_start);Acc.append(clf_a)


Filename: meta.py

Line #    Mem usage    Increment  Occurrences   Line Contents
=============================================================
   133 190.0546875000 MiB 190.0546875000 MiB           1   @profile(precision=10,stream=open("NonSkin_OzaBagg.log", "w+"))
   134                                         def test_train(ep,Mclf,X,y):
   135 190.0546875000 MiB   0.0000000000 MiB           2       for clf,clf_label in Mclf:
   136 190.0546875000 MiB   0.0000000000 MiB           1           Comp_start = time.time();y_pred = clf.predict(X);clf_a = accuracy_score(y, y_pred);clf.partial_fit(X, y,[1,0]);Time.append(time.time() - Comp_start);Acc.append(clf_a)


Filename: meta.py

Line #    Mem usage    Increment  Occurrences   Line Contents
=============================================================
   133 190.0546875000 MiB 190.0546875000 MiB           1   @profile(precision=10,stream=open("NonSkin_OzaBagg.log", "w+"))
   134                                         def test_train(ep,Mclf,X,y):
   135 190.0546875000 MiB   0.0000000000 MiB           2       for clf,clf_label in Mclf:
   136 190.0546875000 MiB   0.0000000000 MiB           1           Comp_start = time.time();y_pred = clf.predict(X);clf_a = accuracy_score(y, y_pred);clf.partial_fit(X, y,[1,0]);Time.append(time.time() - Comp_start);Acc.append(clf_a)


Filename: meta.py

Line #    Mem usage    Increment  Occurrences   Line Contents
=============================================================
   133 190.0546875000 MiB 190.0546875000 MiB           1   @profile(precision=10,stream=open("NonSkin_OzaBagg.log", "w+"))
   134                                         def test_train(ep,Mclf,X,y):
   135 190.0546875000 MiB   0.0000000000 MiB           2       for clf,clf_label in Mclf:
   136 190.0000000000 MiB  -0.0546875000 MiB           1           Comp_start = time.time();y_pred = clf.predict(X);clf_a = accuracy_score(y, y_pred);clf.partial_fit(X, y,[1,0]);Time.append(time.time() - Comp_start);Acc.append(clf_a)


Filename: meta.py

Line #    Mem usage    Increment  Occurrences   Line Contents
=============================================================
   133 190.0000000000 MiB 190.0000000000 MiB           1   @profile(precision=10,stream=open("NonSkin_OzaBagg.log", "w+"))
   134                                         def test_train(ep,Mclf,X,y):
   135 190.1445312500 MiB   0.0000000000 MiB           2       for clf,clf_label in Mclf:
   136 190.1445312500 MiB   0.1445312500 MiB           1           Comp_start = time.time();y_pred = clf.predict(X);clf_a = accuracy_score(y, y_pred);clf.partial_fit(X, y,[1,0]);Time.append(time.time() - Comp_start);Acc.append(clf_a)


Filename: meta.py

Line #    Mem usage    Increment  Occurrences   Line Contents
=============================================================
   133 190.1445312500 MiB 190.1445312500 MiB           1   @profile(precision=10,stream=open("NonSkin_OzaBagg.log", "w+"))
   134                                         def test_train(ep,Mclf,X,y):
   135 190.1445312500 MiB   0.0000000000 MiB           2       for clf,clf_label in Mclf:
   136 190.1445312500 MiB   0.0000000000 MiB           1           Comp_start = time.time();y_pred = clf.predict(X);clf_a = accuracy_score(y, y_pred);clf.partial_fit(X, y,[1,0]);Time.append(time.time() - Comp_start);Acc.append(clf_a)


