Filename: meta.py

Line #    Mem usage    Increment  Occurrences   Line Contents
=============================================================
   133 188.3359375000 MiB 188.3359375000 MiB           1   @profile(precision=10,stream=open("NonSkin_LevBagg.log", "w+"))
   134                                         def test_train(ep,Mclf,X,y):
   135 189.6132812500 MiB   0.0000000000 MiB           2       for clf,clf_label in Mclf:
   136 189.6132812500 MiB   1.2773437500 MiB           1           Comp_start = time.time();y_pred = clf.predict(X);clf_a = accuracy_score(y, y_pred);clf.partial_fit(X, y,[1,0]);Time.append(time.time() - Comp_start);Acc.append(clf_a)


Filename: meta.py

Line #    Mem usage    Increment  Occurrences   Line Contents
=============================================================
   133 189.6132812500 MiB 189.6132812500 MiB           1   @profile(precision=10,stream=open("NonSkin_LevBagg.log", "w+"))
   134                                         def test_train(ep,Mclf,X,y):
   135 189.7539062500 MiB   0.0000000000 MiB           2       for clf,clf_label in Mclf:
   136 189.7539062500 MiB   0.1406250000 MiB           1           Comp_start = time.time();y_pred = clf.predict(X);clf_a = accuracy_score(y, y_pred);clf.partial_fit(X, y,[1,0]);Time.append(time.time() - Comp_start);Acc.append(clf_a)


Filename: meta.py

Line #    Mem usage    Increment  Occurrences   Line Contents
=============================================================
   133 189.7539062500 MiB 189.7539062500 MiB           1   @profile(precision=10,stream=open("NonSkin_LevBagg.log", "w+"))
   134                                         def test_train(ep,Mclf,X,y):
   135 189.8554687500 MiB   0.0000000000 MiB           2       for clf,clf_label in Mclf:
   136 189.8554687500 MiB   0.1015625000 MiB           1           Comp_start = time.time();y_pred = clf.predict(X);clf_a = accuracy_score(y, y_pred);clf.partial_fit(X, y,[1,0]);Time.append(time.time() - Comp_start);Acc.append(clf_a)


Filename: meta.py

Line #    Mem usage    Increment  Occurrences   Line Contents
=============================================================
   133 189.8554687500 MiB 189.8554687500 MiB           1   @profile(precision=10,stream=open("NonSkin_LevBagg.log", "w+"))
   134                                         def test_train(ep,Mclf,X,y):
   135 189.8554687500 MiB   0.0000000000 MiB           2       for clf,clf_label in Mclf:
   136 189.8007812500 MiB  -0.0546875000 MiB           1           Comp_start = time.time();y_pred = clf.predict(X);clf_a = accuracy_score(y, y_pred);clf.partial_fit(X, y,[1,0]);Time.append(time.time() - Comp_start);Acc.append(clf_a)


Filename: meta.py

Line #    Mem usage    Increment  Occurrences   Line Contents
=============================================================
   133 189.8007812500 MiB 189.8007812500 MiB           1   @profile(precision=10,stream=open("NonSkin_LevBagg.log", "w+"))
   134                                         def test_train(ep,Mclf,X,y):
   135 189.8007812500 MiB   0.0000000000 MiB           2       for clf,clf_label in Mclf:
   136 189.8007812500 MiB   0.0000000000 MiB           1           Comp_start = time.time();y_pred = clf.predict(X);clf_a = accuracy_score(y, y_pred);clf.partial_fit(X, y,[1,0]);Time.append(time.time() - Comp_start);Acc.append(clf_a)


Filename: meta.py

Line #    Mem usage    Increment  Occurrences   Line Contents
=============================================================
   133 189.8007812500 MiB 189.8007812500 MiB           1   @profile(precision=10,stream=open("NonSkin_LevBagg.log", "w+"))
   134                                         def test_train(ep,Mclf,X,y):
   135 189.8007812500 MiB   0.0000000000 MiB           2       for clf,clf_label in Mclf:
   136 189.8007812500 MiB   0.0000000000 MiB           1           Comp_start = time.time();y_pred = clf.predict(X);clf_a = accuracy_score(y, y_pred);clf.partial_fit(X, y,[1,0]);Time.append(time.time() - Comp_start);Acc.append(clf_a)


Filename: meta.py

Line #    Mem usage    Increment  Occurrences   Line Contents
=============================================================
   133 189.8007812500 MiB 189.8007812500 MiB           1   @profile(precision=10,stream=open("NonSkin_LevBagg.log", "w+"))
   134                                         def test_train(ep,Mclf,X,y):
   135 189.8007812500 MiB   0.0000000000 MiB           2       for clf,clf_label in Mclf:
   136 189.8007812500 MiB   0.0000000000 MiB           1           Comp_start = time.time();y_pred = clf.predict(X);clf_a = accuracy_score(y, y_pred);clf.partial_fit(X, y,[1,0]);Time.append(time.time() - Comp_start);Acc.append(clf_a)


Filename: meta.py

Line #    Mem usage    Increment  Occurrences   Line Contents
=============================================================
   133 189.8007812500 MiB 189.8007812500 MiB           1   @profile(precision=10,stream=open("NonSkin_LevBagg.log", "w+"))
   134                                         def test_train(ep,Mclf,X,y):
   135 189.8007812500 MiB   0.0000000000 MiB           2       for clf,clf_label in Mclf:
   136 189.8007812500 MiB   0.0000000000 MiB           1           Comp_start = time.time();y_pred = clf.predict(X);clf_a = accuracy_score(y, y_pred);clf.partial_fit(X, y,[1,0]);Time.append(time.time() - Comp_start);Acc.append(clf_a)


Filename: meta.py

Line #    Mem usage    Increment  Occurrences   Line Contents
=============================================================
   133 189.8007812500 MiB 189.8007812500 MiB           1   @profile(precision=10,stream=open("NonSkin_LevBagg.log", "w+"))
   134                                         def test_train(ep,Mclf,X,y):
   135 189.8007812500 MiB   0.0000000000 MiB           2       for clf,clf_label in Mclf:
   136 189.7734375000 MiB  -0.0273437500 MiB           1           Comp_start = time.time();y_pred = clf.predict(X);clf_a = accuracy_score(y, y_pred);clf.partial_fit(X, y,[1,0]);Time.append(time.time() - Comp_start);Acc.append(clf_a)


Filename: meta.py

Line #    Mem usage    Increment  Occurrences   Line Contents
=============================================================
   133 189.7734375000 MiB 189.7734375000 MiB           1   @profile(precision=10,stream=open("NonSkin_LevBagg.log", "w+"))
   134                                         def test_train(ep,Mclf,X,y):
   135 189.7734375000 MiB   0.0000000000 MiB           2       for clf,clf_label in Mclf:
   136 189.7734375000 MiB   0.0000000000 MiB           1           Comp_start = time.time();y_pred = clf.predict(X);clf_a = accuracy_score(y, y_pred);clf.partial_fit(X, y,[1,0]);Time.append(time.time() - Comp_start);Acc.append(clf_a)


