Filename: meta.py

Line #    Mem usage    Increment  Occurrences   Line Contents
=============================================================
   133 172.6757812500 MiB 172.6757812500 MiB           1   @profile(precision=10,stream=open("SEA_AEE.log", "w+"))
   134                                         def test_train(ep,Mclf,X,y):
   135 172.8242187500 MiB   0.0000000000 MiB           2       for clf,clf_label in Mclf:
   136 172.8242187500 MiB   0.1484375000 MiB           1           Comp_start = time.time();y_pred = clf.predict(X);clf_a = accuracy_score(y, y_pred);clf.partial_fit(X, y,[1,0]);Time.append(time.time() - Comp_start);Acc.append(clf_a)


Filename: meta.py

Line #    Mem usage    Increment  Occurrences   Line Contents
=============================================================
   133 172.8242187500 MiB 172.8242187500 MiB           1   @profile(precision=10,stream=open("SEA_AEE.log", "w+"))
   134                                         def test_train(ep,Mclf,X,y):
   135 172.8671875000 MiB   0.0000000000 MiB           2       for clf,clf_label in Mclf:
   136 172.8671875000 MiB   0.0429687500 MiB           1           Comp_start = time.time();y_pred = clf.predict(X);clf_a = accuracy_score(y, y_pred);clf.partial_fit(X, y,[1,0]);Time.append(time.time() - Comp_start);Acc.append(clf_a)


Filename: meta.py

Line #    Mem usage    Increment  Occurrences   Line Contents
=============================================================
   133 172.8671875000 MiB 172.8671875000 MiB           1   @profile(precision=10,stream=open("SEA_AEE.log", "w+"))
   134                                         def test_train(ep,Mclf,X,y):
   135 172.8671875000 MiB   0.0000000000 MiB           2       for clf,clf_label in Mclf:
   136 172.8671875000 MiB   0.0000000000 MiB           1           Comp_start = time.time();y_pred = clf.predict(X);clf_a = accuracy_score(y, y_pred);clf.partial_fit(X, y,[1,0]);Time.append(time.time() - Comp_start);Acc.append(clf_a)


Filename: meta.py

Line #    Mem usage    Increment  Occurrences   Line Contents
=============================================================
   133 172.8671875000 MiB 172.8671875000 MiB           1   @profile(precision=10,stream=open("SEA_AEE.log", "w+"))
   134                                         def test_train(ep,Mclf,X,y):
   135 172.8710937500 MiB   0.0000000000 MiB           2       for clf,clf_label in Mclf:
   136 172.8710937500 MiB   0.0039062500 MiB           1           Comp_start = time.time();y_pred = clf.predict(X);clf_a = accuracy_score(y, y_pred);clf.partial_fit(X, y,[1,0]);Time.append(time.time() - Comp_start);Acc.append(clf_a)


Filename: meta.py

Line #    Mem usage    Increment  Occurrences   Line Contents
=============================================================
   133 172.8710937500 MiB 172.8710937500 MiB           1   @profile(precision=10,stream=open("SEA_AEE.log", "w+"))
   134                                         def test_train(ep,Mclf,X,y):
   135 172.8710937500 MiB   0.0000000000 MiB           2       for clf,clf_label in Mclf:
   136 172.8710937500 MiB   0.0000000000 MiB           1           Comp_start = time.time();y_pred = clf.predict(X);clf_a = accuracy_score(y, y_pred);clf.partial_fit(X, y,[1,0]);Time.append(time.time() - Comp_start);Acc.append(clf_a)


Filename: meta.py

Line #    Mem usage    Increment  Occurrences   Line Contents
=============================================================
   133 172.8710937500 MiB 172.8710937500 MiB           1   @profile(precision=10,stream=open("SEA_AEE.log", "w+"))
   134                                         def test_train(ep,Mclf,X,y):
   135 172.8710937500 MiB   0.0000000000 MiB           2       for clf,clf_label in Mclf:
   136 172.8710937500 MiB   0.0000000000 MiB           1           Comp_start = time.time();y_pred = clf.predict(X);clf_a = accuracy_score(y, y_pred);clf.partial_fit(X, y,[1,0]);Time.append(time.time() - Comp_start);Acc.append(clf_a)


Filename: meta.py

Line #    Mem usage    Increment  Occurrences   Line Contents
=============================================================
   133 172.8710937500 MiB 172.8710937500 MiB           1   @profile(precision=10,stream=open("SEA_AEE.log", "w+"))
   134                                         def test_train(ep,Mclf,X,y):
   135 172.8710937500 MiB   0.0000000000 MiB           2       for clf,clf_label in Mclf:
   136 172.8710937500 MiB   0.0000000000 MiB           1           Comp_start = time.time();y_pred = clf.predict(X);clf_a = accuracy_score(y, y_pred);clf.partial_fit(X, y,[1,0]);Time.append(time.time() - Comp_start);Acc.append(clf_a)


Filename: meta.py

Line #    Mem usage    Increment  Occurrences   Line Contents
=============================================================
   133 172.8710937500 MiB 172.8710937500 MiB           1   @profile(precision=10,stream=open("SEA_AEE.log", "w+"))
   134                                         def test_train(ep,Mclf,X,y):
   135 172.8710937500 MiB   0.0000000000 MiB           2       for clf,clf_label in Mclf:
   136 172.8710937500 MiB   0.0000000000 MiB           1           Comp_start = time.time();y_pred = clf.predict(X);clf_a = accuracy_score(y, y_pred);clf.partial_fit(X, y,[1,0]);Time.append(time.time() - Comp_start);Acc.append(clf_a)


Filename: meta.py

Line #    Mem usage    Increment  Occurrences   Line Contents
=============================================================
   133 172.8710937500 MiB 172.8710937500 MiB           1   @profile(precision=10,stream=open("SEA_AEE.log", "w+"))
   134                                         def test_train(ep,Mclf,X,y):
   135 172.8710937500 MiB   0.0000000000 MiB           2       for clf,clf_label in Mclf:
   136 172.8710937500 MiB   0.0000000000 MiB           1           Comp_start = time.time();y_pred = clf.predict(X);clf_a = accuracy_score(y, y_pred);clf.partial_fit(X, y,[1,0]);Time.append(time.time() - Comp_start);Acc.append(clf_a)


Filename: meta.py

Line #    Mem usage    Increment  Occurrences   Line Contents
=============================================================
   133 172.8710937500 MiB 172.8710937500 MiB           1   @profile(precision=10,stream=open("SEA_AEE.log", "w+"))
   134                                         def test_train(ep,Mclf,X,y):
   135 172.8710937500 MiB   0.0000000000 MiB           2       for clf,clf_label in Mclf:
   136 172.8710937500 MiB   0.0000000000 MiB           1           Comp_start = time.time();y_pred = clf.predict(X);clf_a = accuracy_score(y, y_pred);clf.partial_fit(X, y,[1,0]);Time.append(time.time() - Comp_start);Acc.append(clf_a)


