Filename: meta.py

Line #    Mem usage    Increment  Occurrences   Line Contents
=============================================================
   133 173.2265625000 MiB 173.2265625000 MiB           1   @profile(precision=10,stream=open("SEA_SRP.log", "w+"))
   134                                         def test_train(ep,Mclf,X,y):
   135 174.2851562500 MiB   0.0000000000 MiB           2       for clf,clf_label in Mclf:
   136 174.2851562500 MiB   1.0585937500 MiB           1           Comp_start = time.time();y_pred = clf.predict(X);clf_a = accuracy_score(y, y_pred);clf.partial_fit(X, y,[1,0]);Time.append(time.time() - Comp_start);Acc.append(clf_a)


Filename: meta.py

Line #    Mem usage    Increment  Occurrences   Line Contents
=============================================================
   133 174.3007812500 MiB 174.3007812500 MiB           1   @profile(precision=10,stream=open("SEA_SRP.log", "w+"))
   134                                         def test_train(ep,Mclf,X,y):
   135 175.4804687500 MiB   0.0000000000 MiB           2       for clf,clf_label in Mclf:
   136 175.4804687500 MiB   1.1796875000 MiB           1           Comp_start = time.time();y_pred = clf.predict(X);clf_a = accuracy_score(y, y_pred);clf.partial_fit(X, y,[1,0]);Time.append(time.time() - Comp_start);Acc.append(clf_a)


Filename: meta.py

Line #    Mem usage    Increment  Occurrences   Line Contents
=============================================================
   133 175.4804687500 MiB 175.4804687500 MiB           1   @profile(precision=10,stream=open("SEA_SRP.log", "w+"))
   134                                         def test_train(ep,Mclf,X,y):
   135 175.4804687500 MiB   0.0000000000 MiB           2       for clf,clf_label in Mclf:
   136 175.4804687500 MiB   0.0000000000 MiB           1           Comp_start = time.time();y_pred = clf.predict(X);clf_a = accuracy_score(y, y_pred);clf.partial_fit(X, y,[1,0]);Time.append(time.time() - Comp_start);Acc.append(clf_a)


Filename: meta.py

Line #    Mem usage    Increment  Occurrences   Line Contents
=============================================================
   133 175.4804687500 MiB 175.4804687500 MiB           1   @profile(precision=10,stream=open("SEA_SRP.log", "w+"))
   134                                         def test_train(ep,Mclf,X,y):
   135 175.4804687500 MiB   0.0000000000 MiB           2       for clf,clf_label in Mclf:
   136 175.4804687500 MiB   0.0000000000 MiB           1           Comp_start = time.time();y_pred = clf.predict(X);clf_a = accuracy_score(y, y_pred);clf.partial_fit(X, y,[1,0]);Time.append(time.time() - Comp_start);Acc.append(clf_a)


Filename: meta.py

Line #    Mem usage    Increment  Occurrences   Line Contents
=============================================================
   133 175.4804687500 MiB 175.4804687500 MiB           1   @profile(precision=10,stream=open("SEA_SRP.log", "w+"))
   134                                         def test_train(ep,Mclf,X,y):
   135 175.4804687500 MiB   0.0000000000 MiB           2       for clf,clf_label in Mclf:
   136 175.4804687500 MiB   0.0000000000 MiB           1           Comp_start = time.time();y_pred = clf.predict(X);clf_a = accuracy_score(y, y_pred);clf.partial_fit(X, y,[1,0]);Time.append(time.time() - Comp_start);Acc.append(clf_a)


Filename: meta.py

Line #    Mem usage    Increment  Occurrences   Line Contents
=============================================================
   133 175.4804687500 MiB 175.4804687500 MiB           1   @profile(precision=10,stream=open("SEA_SRP.log", "w+"))
   134                                         def test_train(ep,Mclf,X,y):
   135 175.5195312500 MiB   0.0000000000 MiB           2       for clf,clf_label in Mclf:
   136 175.5195312500 MiB   0.0390625000 MiB           1           Comp_start = time.time();y_pred = clf.predict(X);clf_a = accuracy_score(y, y_pred);clf.partial_fit(X, y,[1,0]);Time.append(time.time() - Comp_start);Acc.append(clf_a)


Filename: meta.py

Line #    Mem usage    Increment  Occurrences   Line Contents
=============================================================
   133 175.5195312500 MiB 175.5195312500 MiB           1   @profile(precision=10,stream=open("SEA_SRP.log", "w+"))
   134                                         def test_train(ep,Mclf,X,y):
   135 175.5195312500 MiB   0.0000000000 MiB           2       for clf,clf_label in Mclf:
   136 175.5195312500 MiB   0.0000000000 MiB           1           Comp_start = time.time();y_pred = clf.predict(X);clf_a = accuracy_score(y, y_pred);clf.partial_fit(X, y,[1,0]);Time.append(time.time() - Comp_start);Acc.append(clf_a)


Filename: meta.py

Line #    Mem usage    Increment  Occurrences   Line Contents
=============================================================
   133 175.5195312500 MiB 175.5195312500 MiB           1   @profile(precision=10,stream=open("SEA_SRP.log", "w+"))
   134                                         def test_train(ep,Mclf,X,y):
   135 175.5195312500 MiB   0.0000000000 MiB           2       for clf,clf_label in Mclf:
   136 175.5195312500 MiB   0.0000000000 MiB           1           Comp_start = time.time();y_pred = clf.predict(X);clf_a = accuracy_score(y, y_pred);clf.partial_fit(X, y,[1,0]);Time.append(time.time() - Comp_start);Acc.append(clf_a)


Filename: meta.py

Line #    Mem usage    Increment  Occurrences   Line Contents
=============================================================
   133 175.5195312500 MiB 175.5195312500 MiB           1   @profile(precision=10,stream=open("SEA_SRP.log", "w+"))
   134                                         def test_train(ep,Mclf,X,y):
   135 175.7773437500 MiB   0.0000000000 MiB           2       for clf,clf_label in Mclf:
   136 175.7773437500 MiB   0.2578125000 MiB           1           Comp_start = time.time();y_pred = clf.predict(X);clf_a = accuracy_score(y, y_pred);clf.partial_fit(X, y,[1,0]);Time.append(time.time() - Comp_start);Acc.append(clf_a)


Filename: meta.py

Line #    Mem usage    Increment  Occurrences   Line Contents
=============================================================
   133 175.7773437500 MiB 175.7773437500 MiB           1   @profile(precision=10,stream=open("SEA_SRP.log", "w+"))
   134                                         def test_train(ep,Mclf,X,y):
   135 175.7773437500 MiB   0.0000000000 MiB           2       for clf,clf_label in Mclf:
   136 175.7773437500 MiB   0.0000000000 MiB           1           Comp_start = time.time();y_pred = clf.predict(X);clf_a = accuracy_score(y, y_pred);clf.partial_fit(X, y,[1,0]);Time.append(time.time() - Comp_start);Acc.append(clf_a)


