Filename: meta.py

Line #    Mem usage    Increment  Occurrences   Line Contents
=============================================================
   133 172.9101562500 MiB 172.9101562500 MiB           1   @profile(precision=10,stream=open("SEA_BAI.log", "w+"))
   134                                         def test_train(ep,Mclf,X,y):
   135 173.3125000000 MiB   0.0000000000 MiB           2       for clf,clf_label in Mclf:
   136 173.3125000000 MiB   0.4023437500 MiB           1           Comp_start = time.time();y_pred = clf.predict(X);clf_a = accuracy_score(y, y_pred);clf.partial_fit(X, y,[1,0]);Time.append(time.time() - Comp_start);Acc.append(clf_a)


Filename: meta.py

Line #    Mem usage    Increment  Occurrences   Line Contents
=============================================================
   133 173.3125000000 MiB 173.3125000000 MiB           1   @profile(precision=10,stream=open("SEA_BAI.log", "w+"))
   134                                         def test_train(ep,Mclf,X,y):
   135 173.3515625000 MiB   0.0000000000 MiB           2       for clf,clf_label in Mclf:
   136 173.3515625000 MiB   0.0390625000 MiB           1           Comp_start = time.time();y_pred = clf.predict(X);clf_a = accuracy_score(y, y_pred);clf.partial_fit(X, y,[1,0]);Time.append(time.time() - Comp_start);Acc.append(clf_a)


Filename: meta.py

Line #    Mem usage    Increment  Occurrences   Line Contents
=============================================================
   133 173.3515625000 MiB 173.3515625000 MiB           1   @profile(precision=10,stream=open("SEA_BAI.log", "w+"))
   134                                         def test_train(ep,Mclf,X,y):
   135 173.3632812500 MiB   0.0000000000 MiB           2       for clf,clf_label in Mclf:
   136 173.3632812500 MiB   0.0117187500 MiB           1           Comp_start = time.time();y_pred = clf.predict(X);clf_a = accuracy_score(y, y_pred);clf.partial_fit(X, y,[1,0]);Time.append(time.time() - Comp_start);Acc.append(clf_a)


Filename: meta.py

Line #    Mem usage    Increment  Occurrences   Line Contents
=============================================================
   133 173.3632812500 MiB 173.3632812500 MiB           1   @profile(precision=10,stream=open("SEA_BAI.log", "w+"))
   134                                         def test_train(ep,Mclf,X,y):
   135 173.3710937500 MiB   0.0000000000 MiB           2       for clf,clf_label in Mclf:
   136 173.3710937500 MiB   0.0078125000 MiB           1           Comp_start = time.time();y_pred = clf.predict(X);clf_a = accuracy_score(y, y_pred);clf.partial_fit(X, y,[1,0]);Time.append(time.time() - Comp_start);Acc.append(clf_a)


Filename: meta.py

Line #    Mem usage    Increment  Occurrences   Line Contents
=============================================================
   133 173.3710937500 MiB 173.3710937500 MiB           1   @profile(precision=10,stream=open("SEA_BAI.log", "w+"))
   134                                         def test_train(ep,Mclf,X,y):
   135 173.3710937500 MiB   0.0000000000 MiB           2       for clf,clf_label in Mclf:
   136 173.3710937500 MiB   0.0000000000 MiB           1           Comp_start = time.time();y_pred = clf.predict(X);clf_a = accuracy_score(y, y_pred);clf.partial_fit(X, y,[1,0]);Time.append(time.time() - Comp_start);Acc.append(clf_a)


Filename: meta.py

Line #    Mem usage    Increment  Occurrences   Line Contents
=============================================================
   133 173.3710937500 MiB 173.3710937500 MiB           1   @profile(precision=10,stream=open("SEA_BAI.log", "w+"))
   134                                         def test_train(ep,Mclf,X,y):
   135 173.3710937500 MiB   0.0000000000 MiB           2       for clf,clf_label in Mclf:
   136 173.3710937500 MiB   0.0000000000 MiB           1           Comp_start = time.time();y_pred = clf.predict(X);clf_a = accuracy_score(y, y_pred);clf.partial_fit(X, y,[1,0]);Time.append(time.time() - Comp_start);Acc.append(clf_a)


Filename: meta.py

Line #    Mem usage    Increment  Occurrences   Line Contents
=============================================================
   133 173.3710937500 MiB 173.3710937500 MiB           1   @profile(precision=10,stream=open("SEA_BAI.log", "w+"))
   134                                         def test_train(ep,Mclf,X,y):
   135 173.3710937500 MiB   0.0000000000 MiB           2       for clf,clf_label in Mclf:
   136 173.3710937500 MiB   0.0000000000 MiB           1           Comp_start = time.time();y_pred = clf.predict(X);clf_a = accuracy_score(y, y_pred);clf.partial_fit(X, y,[1,0]);Time.append(time.time() - Comp_start);Acc.append(clf_a)


Filename: meta.py

Line #    Mem usage    Increment  Occurrences   Line Contents
=============================================================
   133 173.3710937500 MiB 173.3710937500 MiB           1   @profile(precision=10,stream=open("SEA_BAI.log", "w+"))
   134                                         def test_train(ep,Mclf,X,y):
   135 173.3710937500 MiB   0.0000000000 MiB           2       for clf,clf_label in Mclf:
   136 173.3710937500 MiB   0.0000000000 MiB           1           Comp_start = time.time();y_pred = clf.predict(X);clf_a = accuracy_score(y, y_pred);clf.partial_fit(X, y,[1,0]);Time.append(time.time() - Comp_start);Acc.append(clf_a)


Filename: meta.py

Line #    Mem usage    Increment  Occurrences   Line Contents
=============================================================
   133 173.3710937500 MiB 173.3710937500 MiB           1   @profile(precision=10,stream=open("SEA_BAI.log", "w+"))
   134                                         def test_train(ep,Mclf,X,y):
   135 173.3710937500 MiB   0.0000000000 MiB           2       for clf,clf_label in Mclf:
   136 173.3710937500 MiB   0.0000000000 MiB           1           Comp_start = time.time();y_pred = clf.predict(X);clf_a = accuracy_score(y, y_pred);clf.partial_fit(X, y,[1,0]);Time.append(time.time() - Comp_start);Acc.append(clf_a)


Filename: meta.py

Line #    Mem usage    Increment  Occurrences   Line Contents
=============================================================
   133 173.3710937500 MiB 173.3710937500 MiB           1   @profile(precision=10,stream=open("SEA_BAI.log", "w+"))
   134                                         def test_train(ep,Mclf,X,y):
   135 173.3710937500 MiB   0.0000000000 MiB           2       for clf,clf_label in Mclf:
   136 173.3710937500 MiB   0.0000000000 MiB           1           Comp_start = time.time();y_pred = clf.predict(X);clf_a = accuracy_score(y, y_pred);clf.partial_fit(X, y,[1,0]);Time.append(time.time() - Comp_start);Acc.append(clf_a)


