Filename: meta.py

Line #    Mem usage    Increment  Occurrences   Line Contents
=============================================================
   133 173.3476562500 MiB 173.3476562500 MiB           1   @profile(precision=10,stream=open("SEA_OzaBagg.log", "w+"))
   134                                         def test_train(ep,Mclf,X,y):
   135 174.6367187500 MiB   0.0000000000 MiB           2       for clf,clf_label in Mclf:
   136 174.6367187500 MiB   1.2890625000 MiB           1           Comp_start = time.time();y_pred = clf.predict(X);clf_a = accuracy_score(y, y_pred);clf.partial_fit(X, y,[1,0]);Time.append(time.time() - Comp_start);Acc.append(clf_a)


Filename: meta.py

Line #    Mem usage    Increment  Occurrences   Line Contents
=============================================================
   133 174.6367187500 MiB 174.6367187500 MiB           1   @profile(precision=10,stream=open("SEA_OzaBagg.log", "w+"))
   134                                         def test_train(ep,Mclf,X,y):
   135 176.1914062500 MiB   0.0000000000 MiB           2       for clf,clf_label in Mclf:
   136 176.1914062500 MiB   1.5546875000 MiB           1           Comp_start = time.time();y_pred = clf.predict(X);clf_a = accuracy_score(y, y_pred);clf.partial_fit(X, y,[1,0]);Time.append(time.time() - Comp_start);Acc.append(clf_a)


Filename: meta.py

Line #    Mem usage    Increment  Occurrences   Line Contents
=============================================================
   133 176.1914062500 MiB 176.1914062500 MiB           1   @profile(precision=10,stream=open("SEA_OzaBagg.log", "w+"))
   134                                         def test_train(ep,Mclf,X,y):
   135 176.2343750000 MiB   0.0000000000 MiB           2       for clf,clf_label in Mclf:
   136 176.2343750000 MiB   0.0429687500 MiB           1           Comp_start = time.time();y_pred = clf.predict(X);clf_a = accuracy_score(y, y_pred);clf.partial_fit(X, y,[1,0]);Time.append(time.time() - Comp_start);Acc.append(clf_a)


Filename: meta.py

Line #    Mem usage    Increment  Occurrences   Line Contents
=============================================================
   133 176.2343750000 MiB 176.2343750000 MiB           1   @profile(precision=10,stream=open("SEA_OzaBagg.log", "w+"))
   134                                         def test_train(ep,Mclf,X,y):
   135 176.2343750000 MiB   0.0000000000 MiB           2       for clf,clf_label in Mclf:
   136 176.2343750000 MiB   0.0000000000 MiB           1           Comp_start = time.time();y_pred = clf.predict(X);clf_a = accuracy_score(y, y_pred);clf.partial_fit(X, y,[1,0]);Time.append(time.time() - Comp_start);Acc.append(clf_a)


Filename: meta.py

Line #    Mem usage    Increment  Occurrences   Line Contents
=============================================================
   133 176.2343750000 MiB 176.2343750000 MiB           1   @profile(precision=10,stream=open("SEA_OzaBagg.log", "w+"))
   134                                         def test_train(ep,Mclf,X,y):
   135 176.2734375000 MiB   0.0000000000 MiB           2       for clf,clf_label in Mclf:
   136 176.2734375000 MiB   0.0390625000 MiB           1           Comp_start = time.time();y_pred = clf.predict(X);clf_a = accuracy_score(y, y_pred);clf.partial_fit(X, y,[1,0]);Time.append(time.time() - Comp_start);Acc.append(clf_a)


Filename: meta.py

Line #    Mem usage    Increment  Occurrences   Line Contents
=============================================================
   133 176.2734375000 MiB 176.2734375000 MiB           1   @profile(precision=10,stream=open("SEA_OzaBagg.log", "w+"))
   134                                         def test_train(ep,Mclf,X,y):
   135 176.2734375000 MiB   0.0000000000 MiB           2       for clf,clf_label in Mclf:
   136 176.2734375000 MiB   0.0000000000 MiB           1           Comp_start = time.time();y_pred = clf.predict(X);clf_a = accuracy_score(y, y_pred);clf.partial_fit(X, y,[1,0]);Time.append(time.time() - Comp_start);Acc.append(clf_a)


Filename: meta.py

Line #    Mem usage    Increment  Occurrences   Line Contents
=============================================================
   133 176.2734375000 MiB 176.2734375000 MiB           1   @profile(precision=10,stream=open("SEA_OzaBagg.log", "w+"))
   134                                         def test_train(ep,Mclf,X,y):
   135 176.2734375000 MiB   0.0000000000 MiB           2       for clf,clf_label in Mclf:
   136 176.2734375000 MiB   0.0000000000 MiB           1           Comp_start = time.time();y_pred = clf.predict(X);clf_a = accuracy_score(y, y_pred);clf.partial_fit(X, y,[1,0]);Time.append(time.time() - Comp_start);Acc.append(clf_a)


Filename: meta.py

Line #    Mem usage    Increment  Occurrences   Line Contents
=============================================================
   133 176.2734375000 MiB 176.2734375000 MiB           1   @profile(precision=10,stream=open("SEA_OzaBagg.log", "w+"))
   134                                         def test_train(ep,Mclf,X,y):
   135 176.2734375000 MiB   0.0000000000 MiB           2       for clf,clf_label in Mclf:
   136 176.2734375000 MiB   0.0000000000 MiB           1           Comp_start = time.time();y_pred = clf.predict(X);clf_a = accuracy_score(y, y_pred);clf.partial_fit(X, y,[1,0]);Time.append(time.time() - Comp_start);Acc.append(clf_a)


Filename: meta.py

Line #    Mem usage    Increment  Occurrences   Line Contents
=============================================================
   133 176.2734375000 MiB 176.2734375000 MiB           1   @profile(precision=10,stream=open("SEA_OzaBagg.log", "w+"))
   134                                         def test_train(ep,Mclf,X,y):
   135 176.2734375000 MiB   0.0000000000 MiB           2       for clf,clf_label in Mclf:
   136 176.2187500000 MiB  -0.0546875000 MiB           1           Comp_start = time.time();y_pred = clf.predict(X);clf_a = accuracy_score(y, y_pred);clf.partial_fit(X, y,[1,0]);Time.append(time.time() - Comp_start);Acc.append(clf_a)


Filename: meta.py

Line #    Mem usage    Increment  Occurrences   Line Contents
=============================================================
   133 176.2187500000 MiB 176.2187500000 MiB           1   @profile(precision=10,stream=open("SEA_OzaBagg.log", "w+"))
   134                                         def test_train(ep,Mclf,X,y):
   135 176.2187500000 MiB   0.0000000000 MiB           2       for clf,clf_label in Mclf:
   136 176.2187500000 MiB   0.0000000000 MiB           1           Comp_start = time.time();y_pred = clf.predict(X);clf_a = accuracy_score(y, y_pred);clf.partial_fit(X, y,[1,0]);Time.append(time.time() - Comp_start);Acc.append(clf_a)


