Filename: meta.py

Line #    Mem usage    Increment  Occurrences   Line Contents
=============================================================
   133 173.2109375000 MiB 173.2109375000 MiB           1   @profile(precision=10,stream=open("SEA_LevBagg.log", "w+"))
   134                                         def test_train(ep,Mclf,X,y):
   135 175.9687500000 MiB   0.0000000000 MiB           2       for clf,clf_label in Mclf:
   136 175.9687500000 MiB   2.7578125000 MiB           1           Comp_start = time.time();y_pred = clf.predict(X);clf_a = accuracy_score(y, y_pred);clf.partial_fit(X, y,[1,0]);Time.append(time.time() - Comp_start);Acc.append(clf_a)


Filename: meta.py

Line #    Mem usage    Increment  Occurrences   Line Contents
=============================================================
   133 175.9687500000 MiB 175.9687500000 MiB           1   @profile(precision=10,stream=open("SEA_LevBagg.log", "w+"))
   134                                         def test_train(ep,Mclf,X,y):
   135 176.0937500000 MiB   0.0000000000 MiB           2       for clf,clf_label in Mclf:
   136 176.0937500000 MiB   0.1250000000 MiB           1           Comp_start = time.time();y_pred = clf.predict(X);clf_a = accuracy_score(y, y_pred);clf.partial_fit(X, y,[1,0]);Time.append(time.time() - Comp_start);Acc.append(clf_a)


Filename: meta.py

Line #    Mem usage    Increment  Occurrences   Line Contents
=============================================================
   133 176.0937500000 MiB 176.0937500000 MiB           1   @profile(precision=10,stream=open("SEA_LevBagg.log", "w+"))
   134                                         def test_train(ep,Mclf,X,y):
   135 176.1367187500 MiB   0.0000000000 MiB           2       for clf,clf_label in Mclf:
   136 176.1367187500 MiB   0.0429687500 MiB           1           Comp_start = time.time();y_pred = clf.predict(X);clf_a = accuracy_score(y, y_pred);clf.partial_fit(X, y,[1,0]);Time.append(time.time() - Comp_start);Acc.append(clf_a)


Filename: meta.py

Line #    Mem usage    Increment  Occurrences   Line Contents
=============================================================
   133 176.1367187500 MiB 176.1367187500 MiB           1   @profile(precision=10,stream=open("SEA_LevBagg.log", "w+"))
   134                                         def test_train(ep,Mclf,X,y):
   135 176.1406250000 MiB   0.0000000000 MiB           2       for clf,clf_label in Mclf:
   136 176.1406250000 MiB   0.0039062500 MiB           1           Comp_start = time.time();y_pred = clf.predict(X);clf_a = accuracy_score(y, y_pred);clf.partial_fit(X, y,[1,0]);Time.append(time.time() - Comp_start);Acc.append(clf_a)


Filename: meta.py

Line #    Mem usage    Increment  Occurrences   Line Contents
=============================================================
   133 176.1406250000 MiB 176.1406250000 MiB           1   @profile(precision=10,stream=open("SEA_LevBagg.log", "w+"))
   134                                         def test_train(ep,Mclf,X,y):
   135 176.1406250000 MiB   0.0000000000 MiB           2       for clf,clf_label in Mclf:
   136 176.0820312500 MiB  -0.0585937500 MiB           1           Comp_start = time.time();y_pred = clf.predict(X);clf_a = accuracy_score(y, y_pred);clf.partial_fit(X, y,[1,0]);Time.append(time.time() - Comp_start);Acc.append(clf_a)


Filename: meta.py

Line #    Mem usage    Increment  Occurrences   Line Contents
=============================================================
   133 176.0820312500 MiB 176.0820312500 MiB           1   @profile(precision=10,stream=open("SEA_LevBagg.log", "w+"))
   134                                         def test_train(ep,Mclf,X,y):
   135 176.0820312500 MiB   0.0000000000 MiB           2       for clf,clf_label in Mclf:
   136 176.0820312500 MiB   0.0000000000 MiB           1           Comp_start = time.time();y_pred = clf.predict(X);clf_a = accuracy_score(y, y_pred);clf.partial_fit(X, y,[1,0]);Time.append(time.time() - Comp_start);Acc.append(clf_a)


Filename: meta.py

Line #    Mem usage    Increment  Occurrences   Line Contents
=============================================================
   133 176.0820312500 MiB 176.0820312500 MiB           1   @profile(precision=10,stream=open("SEA_LevBagg.log", "w+"))
   134                                         def test_train(ep,Mclf,X,y):
   135 176.0859375000 MiB   0.0000000000 MiB           2       for clf,clf_label in Mclf:
   136 176.0859375000 MiB   0.0039062500 MiB           1           Comp_start = time.time();y_pred = clf.predict(X);clf_a = accuracy_score(y, y_pred);clf.partial_fit(X, y,[1,0]);Time.append(time.time() - Comp_start);Acc.append(clf_a)


Filename: meta.py

Line #    Mem usage    Increment  Occurrences   Line Contents
=============================================================
   133 176.0859375000 MiB 176.0859375000 MiB           1   @profile(precision=10,stream=open("SEA_LevBagg.log", "w+"))
   134                                         def test_train(ep,Mclf,X,y):
   135 176.0898437500 MiB   0.0000000000 MiB           2       for clf,clf_label in Mclf:
   136 176.0898437500 MiB   0.0039062500 MiB           1           Comp_start = time.time();y_pred = clf.predict(X);clf_a = accuracy_score(y, y_pred);clf.partial_fit(X, y,[1,0]);Time.append(time.time() - Comp_start);Acc.append(clf_a)


Filename: meta.py

Line #    Mem usage    Increment  Occurrences   Line Contents
=============================================================
   133 176.0898437500 MiB 176.0898437500 MiB           1   @profile(precision=10,stream=open("SEA_LevBagg.log", "w+"))
   134                                         def test_train(ep,Mclf,X,y):
   135 176.0898437500 MiB   0.0000000000 MiB           2       for clf,clf_label in Mclf:
   136 176.0898437500 MiB   0.0000000000 MiB           1           Comp_start = time.time();y_pred = clf.predict(X);clf_a = accuracy_score(y, y_pred);clf.partial_fit(X, y,[1,0]);Time.append(time.time() - Comp_start);Acc.append(clf_a)


Filename: meta.py

Line #    Mem usage    Increment  Occurrences   Line Contents
=============================================================
   133 176.0898437500 MiB 176.0898437500 MiB           1   @profile(precision=10,stream=open("SEA_LevBagg.log", "w+"))
   134                                         def test_train(ep,Mclf,X,y):
   135 176.0898437500 MiB   0.0000000000 MiB           2       for clf,clf_label in Mclf:
   136 176.0625000000 MiB  -0.0273437500 MiB           1           Comp_start = time.time();y_pred = clf.predict(X);clf_a = accuracy_score(y, y_pred);clf.partial_fit(X, y,[1,0]);Time.append(time.time() - Comp_start);Acc.append(clf_a)


