Filename: meta.py

Line #    Mem usage    Increment  Occurrences   Line Contents
=============================================================
   133 200.3398437500 MiB 200.3398437500 MiB           1   @profile(precision=10,stream=open("Stream2G_oBoost.log", "w+"))
   134                                         def test_train(ep,Mclf,X,y):
   135 200.3398437500 MiB   0.0000000000 MiB           2       for clf,clf_label in Mclf:
   136 200.0937500000 MiB  -0.2460937500 MiB           1           Comp_start = time.time();y_pred = clf.predict(X);clf_a = accuracy_score(y, y_pred);clf.partial_fit(X, y,[1,0]);Time.append(time.time() - Comp_start);Acc.append(clf_a)


Filename: meta.py

Line #    Mem usage    Increment  Occurrences   Line Contents
=============================================================
   133 200.0937500000 MiB 200.0937500000 MiB           1   @profile(precision=10,stream=open("Stream2G_oBoost.log", "w+"))
   134                                         def test_train(ep,Mclf,X,y):
   135 200.2187500000 MiB   0.0000000000 MiB           2       for clf,clf_label in Mclf:
   136 200.2187500000 MiB   0.1250000000 MiB           1           Comp_start = time.time();y_pred = clf.predict(X);clf_a = accuracy_score(y, y_pred);clf.partial_fit(X, y,[1,0]);Time.append(time.time() - Comp_start);Acc.append(clf_a)


Filename: meta.py

Line #    Mem usage    Increment  Occurrences   Line Contents
=============================================================
   133 200.2187500000 MiB 200.2187500000 MiB           1   @profile(precision=10,stream=open("Stream2G_oBoost.log", "w+"))
   134                                         def test_train(ep,Mclf,X,y):
   135 200.2382812500 MiB   0.0000000000 MiB           2       for clf,clf_label in Mclf:
   136 200.2382812500 MiB   0.0195312500 MiB           1           Comp_start = time.time();y_pred = clf.predict(X);clf_a = accuracy_score(y, y_pred);clf.partial_fit(X, y,[1,0]);Time.append(time.time() - Comp_start);Acc.append(clf_a)


Filename: meta.py

Line #    Mem usage    Increment  Occurrences   Line Contents
=============================================================
   133 200.2382812500 MiB 200.2382812500 MiB           1   @profile(precision=10,stream=open("Stream2G_oBoost.log", "w+"))
   134                                         def test_train(ep,Mclf,X,y):
   135 200.2578125000 MiB   0.0000000000 MiB           2       for clf,clf_label in Mclf:
   136 200.2578125000 MiB   0.0195312500 MiB           1           Comp_start = time.time();y_pred = clf.predict(X);clf_a = accuracy_score(y, y_pred);clf.partial_fit(X, y,[1,0]);Time.append(time.time() - Comp_start);Acc.append(clf_a)


Filename: meta.py

Line #    Mem usage    Increment  Occurrences   Line Contents
=============================================================
   133 200.2578125000 MiB 200.2578125000 MiB           1   @profile(precision=10,stream=open("Stream2G_oBoost.log", "w+"))
   134                                         def test_train(ep,Mclf,X,y):
   135 200.2656250000 MiB   0.0000000000 MiB           2       for clf,clf_label in Mclf:
   136 200.2656250000 MiB   0.0078125000 MiB           1           Comp_start = time.time();y_pred = clf.predict(X);clf_a = accuracy_score(y, y_pred);clf.partial_fit(X, y,[1,0]);Time.append(time.time() - Comp_start);Acc.append(clf_a)


Filename: meta.py

Line #    Mem usage    Increment  Occurrences   Line Contents
=============================================================
   133 200.2656250000 MiB 200.2656250000 MiB           1   @profile(precision=10,stream=open("Stream2G_oBoost.log", "w+"))
   134                                         def test_train(ep,Mclf,X,y):
   135 200.2656250000 MiB   0.0000000000 MiB           2       for clf,clf_label in Mclf:
   136 200.2617187500 MiB  -0.0039062500 MiB           1           Comp_start = time.time();y_pred = clf.predict(X);clf_a = accuracy_score(y, y_pred);clf.partial_fit(X, y,[1,0]);Time.append(time.time() - Comp_start);Acc.append(clf_a)


Filename: meta.py

Line #    Mem usage    Increment  Occurrences   Line Contents
=============================================================
   133 200.2617187500 MiB 200.2617187500 MiB           1   @profile(precision=10,stream=open("Stream2G_oBoost.log", "w+"))
   134                                         def test_train(ep,Mclf,X,y):
   135 200.2617187500 MiB   0.0000000000 MiB           2       for clf,clf_label in Mclf:
   136 200.2617187500 MiB   0.0000000000 MiB           1           Comp_start = time.time();y_pred = clf.predict(X);clf_a = accuracy_score(y, y_pred);clf.partial_fit(X, y,[1,0]);Time.append(time.time() - Comp_start);Acc.append(clf_a)


Filename: meta.py

Line #    Mem usage    Increment  Occurrences   Line Contents
=============================================================
   133 200.2617187500 MiB 200.2617187500 MiB           1   @profile(precision=10,stream=open("Stream2G_oBoost.log", "w+"))
   134                                         def test_train(ep,Mclf,X,y):
   135 200.2695312500 MiB   0.0000000000 MiB           2       for clf,clf_label in Mclf:
   136 200.2695312500 MiB   0.0078125000 MiB           1           Comp_start = time.time();y_pred = clf.predict(X);clf_a = accuracy_score(y, y_pred);clf.partial_fit(X, y,[1,0]);Time.append(time.time() - Comp_start);Acc.append(clf_a)


Filename: meta.py

Line #    Mem usage    Increment  Occurrences   Line Contents
=============================================================
   133 200.2695312500 MiB 200.2695312500 MiB           1   @profile(precision=10,stream=open("Stream2G_oBoost.log", "w+"))
   134                                         def test_train(ep,Mclf,X,y):
   135 200.2695312500 MiB   0.0000000000 MiB           2       for clf,clf_label in Mclf:
   136 200.2695312500 MiB   0.0000000000 MiB           1           Comp_start = time.time();y_pred = clf.predict(X);clf_a = accuracy_score(y, y_pred);clf.partial_fit(X, y,[1,0]);Time.append(time.time() - Comp_start);Acc.append(clf_a)


Filename: meta.py

Line #    Mem usage    Increment  Occurrences   Line Contents
=============================================================
   133 200.2695312500 MiB 200.2695312500 MiB           1   @profile(precision=10,stream=open("Stream2G_oBoost.log", "w+"))
   134                                         def test_train(ep,Mclf,X,y):
   135 200.3085937500 MiB   0.0000000000 MiB           2       for clf,clf_label in Mclf:
   136 200.3085937500 MiB   0.0390625000 MiB           1           Comp_start = time.time();y_pred = clf.predict(X);clf_a = accuracy_score(y, y_pred);clf.partial_fit(X, y,[1,0]);Time.append(time.time() - Comp_start);Acc.append(clf_a)


