Filename: meta.py

Line #    Mem usage    Increment  Occurrences   Line Contents
=============================================================
   133 200.4023437500 MiB 200.4023437500 MiB           1   @profile(precision=10,stream=open("Stream2G_SRP.log", "w+"))
   134                                         def test_train(ep,Mclf,X,y):
   135 208.3437500000 MiB   0.0000000000 MiB           2       for clf,clf_label in Mclf:
   136 208.3437500000 MiB   7.9414062500 MiB           1           Comp_start = time.time();y_pred = clf.predict(X);clf_a = accuracy_score(y, y_pred);clf.partial_fit(X, y,[1,0]);Time.append(time.time() - Comp_start);Acc.append(clf_a)


Filename: meta.py

Line #    Mem usage    Increment  Occurrences   Line Contents
=============================================================
   133 208.3437500000 MiB 208.3437500000 MiB           1   @profile(precision=10,stream=open("Stream2G_SRP.log", "w+"))
   134                                         def test_train(ep,Mclf,X,y):
   135 209.2617187500 MiB   0.0000000000 MiB           2       for clf,clf_label in Mclf:
   136 209.2617187500 MiB   0.9179687500 MiB           1           Comp_start = time.time();y_pred = clf.predict(X);clf_a = accuracy_score(y, y_pred);clf.partial_fit(X, y,[1,0]);Time.append(time.time() - Comp_start);Acc.append(clf_a)


Filename: meta.py

Line #    Mem usage    Increment  Occurrences   Line Contents
=============================================================
   133 209.2617187500 MiB 209.2617187500 MiB           1   @profile(precision=10,stream=open("Stream2G_SRP.log", "w+"))
   134                                         def test_train(ep,Mclf,X,y):
   135 209.3203125000 MiB   0.0000000000 MiB           2       for clf,clf_label in Mclf:
   136 209.3203125000 MiB   0.0585937500 MiB           1           Comp_start = time.time();y_pred = clf.predict(X);clf_a = accuracy_score(y, y_pred);clf.partial_fit(X, y,[1,0]);Time.append(time.time() - Comp_start);Acc.append(clf_a)


Filename: meta.py

Line #    Mem usage    Increment  Occurrences   Line Contents
=============================================================
   133 209.3203125000 MiB 209.3203125000 MiB           1   @profile(precision=10,stream=open("Stream2G_SRP.log", "w+"))
   134                                         def test_train(ep,Mclf,X,y):
   135 209.3437500000 MiB   0.0000000000 MiB           2       for clf,clf_label in Mclf:
   136 209.3437500000 MiB   0.0234375000 MiB           1           Comp_start = time.time();y_pred = clf.predict(X);clf_a = accuracy_score(y, y_pred);clf.partial_fit(X, y,[1,0]);Time.append(time.time() - Comp_start);Acc.append(clf_a)


Filename: meta.py

Line #    Mem usage    Increment  Occurrences   Line Contents
=============================================================
   133 209.3437500000 MiB 209.3437500000 MiB           1   @profile(precision=10,stream=open("Stream2G_SRP.log", "w+"))
   134                                         def test_train(ep,Mclf,X,y):
   135 209.3437500000 MiB   0.0000000000 MiB           2       for clf,clf_label in Mclf:
   136 209.2851562500 MiB  -0.0585937500 MiB           1           Comp_start = time.time();y_pred = clf.predict(X);clf_a = accuracy_score(y, y_pred);clf.partial_fit(X, y,[1,0]);Time.append(time.time() - Comp_start);Acc.append(clf_a)


Filename: meta.py

Line #    Mem usage    Increment  Occurrences   Line Contents
=============================================================
   133 209.2851562500 MiB 209.2851562500 MiB           1   @profile(precision=10,stream=open("Stream2G_SRP.log", "w+"))
   134                                         def test_train(ep,Mclf,X,y):
   135 209.2851562500 MiB   0.0000000000 MiB           2       for clf,clf_label in Mclf:
   136 209.2851562500 MiB   0.0000000000 MiB           1           Comp_start = time.time();y_pred = clf.predict(X);clf_a = accuracy_score(y, y_pred);clf.partial_fit(X, y,[1,0]);Time.append(time.time() - Comp_start);Acc.append(clf_a)


Filename: meta.py

Line #    Mem usage    Increment  Occurrences   Line Contents
=============================================================
   133 209.2851562500 MiB 209.2851562500 MiB           1   @profile(precision=10,stream=open("Stream2G_SRP.log", "w+"))
   134                                         def test_train(ep,Mclf,X,y):
   135 209.2851562500 MiB   0.0000000000 MiB           2       for clf,clf_label in Mclf:
   136 209.2851562500 MiB   0.0000000000 MiB           1           Comp_start = time.time();y_pred = clf.predict(X);clf_a = accuracy_score(y, y_pred);clf.partial_fit(X, y,[1,0]);Time.append(time.time() - Comp_start);Acc.append(clf_a)


Filename: meta.py

Line #    Mem usage    Increment  Occurrences   Line Contents
=============================================================
   133 209.2851562500 MiB 209.2851562500 MiB           1   @profile(precision=10,stream=open("Stream2G_SRP.log", "w+"))
   134                                         def test_train(ep,Mclf,X,y):
   135 209.2851562500 MiB   0.0000000000 MiB           2       for clf,clf_label in Mclf:
   136 209.2851562500 MiB   0.0000000000 MiB           1           Comp_start = time.time();y_pred = clf.predict(X);clf_a = accuracy_score(y, y_pred);clf.partial_fit(X, y,[1,0]);Time.append(time.time() - Comp_start);Acc.append(clf_a)


Filename: meta.py

Line #    Mem usage    Increment  Occurrences   Line Contents
=============================================================
   133 209.2851562500 MiB 209.2851562500 MiB           1   @profile(precision=10,stream=open("Stream2G_SRP.log", "w+"))
   134                                         def test_train(ep,Mclf,X,y):
   135 209.2851562500 MiB   0.0000000000 MiB           2       for clf,clf_label in Mclf:
   136 209.2851562500 MiB   0.0000000000 MiB           1           Comp_start = time.time();y_pred = clf.predict(X);clf_a = accuracy_score(y, y_pred);clf.partial_fit(X, y,[1,0]);Time.append(time.time() - Comp_start);Acc.append(clf_a)


Filename: meta.py

Line #    Mem usage    Increment  Occurrences   Line Contents
=============================================================
   133 209.2851562500 MiB 209.2851562500 MiB           1   @profile(precision=10,stream=open("Stream2G_SRP.log", "w+"))
   134                                         def test_train(ep,Mclf,X,y):
   135 209.2851562500 MiB   0.0000000000 MiB           2       for clf,clf_label in Mclf:
   136 209.2851562500 MiB   0.0000000000 MiB           1           Comp_start = time.time();y_pred = clf.predict(X);clf_a = accuracy_score(y, y_pred);clf.partial_fit(X, y,[1,0]);Time.append(time.time() - Comp_start);Acc.append(clf_a)


