Filename: meta.py

Line #    Mem usage    Increment  Occurrences   Line Contents
=============================================================
   133 200.5390625000 MiB 200.5390625000 MiB           1   @profile(precision=10,stream=open("Stream2A_oBoost.log", "w+"))
   134                                         def test_train(ep,Mclf,X,y):
   135 200.5390625000 MiB   0.0000000000 MiB           2       for clf,clf_label in Mclf:
   136 200.1757812500 MiB  -0.3632812500 MiB           1           Comp_start = time.time();y_pred = clf.predict(X);clf_a = accuracy_score(y, y_pred);clf.partial_fit(X, y,[1,0]);Time.append(time.time() - Comp_start);Acc.append(clf_a)


Filename: meta.py

Line #    Mem usage    Increment  Occurrences   Line Contents
=============================================================
   133 200.1757812500 MiB 200.1757812500 MiB           1   @profile(precision=10,stream=open("Stream2A_oBoost.log", "w+"))
   134                                         def test_train(ep,Mclf,X,y):
   135 200.3671875000 MiB   0.0000000000 MiB           2       for clf,clf_label in Mclf:
   136 200.3671875000 MiB   0.1914062500 MiB           1           Comp_start = time.time();y_pred = clf.predict(X);clf_a = accuracy_score(y, y_pred);clf.partial_fit(X, y,[1,0]);Time.append(time.time() - Comp_start);Acc.append(clf_a)


Filename: meta.py

Line #    Mem usage    Increment  Occurrences   Line Contents
=============================================================
   133 200.3671875000 MiB 200.3671875000 MiB           1   @profile(precision=10,stream=open("Stream2A_oBoost.log", "w+"))
   134                                         def test_train(ep,Mclf,X,y):
   135 200.3671875000 MiB   0.0000000000 MiB           2       for clf,clf_label in Mclf:
   136 200.3437500000 MiB  -0.0234375000 MiB           1           Comp_start = time.time();y_pred = clf.predict(X);clf_a = accuracy_score(y, y_pred);clf.partial_fit(X, y,[1,0]);Time.append(time.time() - Comp_start);Acc.append(clf_a)


Filename: meta.py

Line #    Mem usage    Increment  Occurrences   Line Contents
=============================================================
   133 200.3437500000 MiB 200.3437500000 MiB           1   @profile(precision=10,stream=open("Stream2A_oBoost.log", "w+"))
   134                                         def test_train(ep,Mclf,X,y):
   135 200.3671875000 MiB   0.0000000000 MiB           2       for clf,clf_label in Mclf:
   136 200.3671875000 MiB   0.0234375000 MiB           1           Comp_start = time.time();y_pred = clf.predict(X);clf_a = accuracy_score(y, y_pred);clf.partial_fit(X, y,[1,0]);Time.append(time.time() - Comp_start);Acc.append(clf_a)


Filename: meta.py

Line #    Mem usage    Increment  Occurrences   Line Contents
=============================================================
   133 200.3671875000 MiB 200.3671875000 MiB           1   @profile(precision=10,stream=open("Stream2A_oBoost.log", "w+"))
   134                                         def test_train(ep,Mclf,X,y):
   135 200.3710937500 MiB   0.0000000000 MiB           2       for clf,clf_label in Mclf:
   136 200.3710937500 MiB   0.0039062500 MiB           1           Comp_start = time.time();y_pred = clf.predict(X);clf_a = accuracy_score(y, y_pred);clf.partial_fit(X, y,[1,0]);Time.append(time.time() - Comp_start);Acc.append(clf_a)


Filename: meta.py

Line #    Mem usage    Increment  Occurrences   Line Contents
=============================================================
   133 200.3710937500 MiB 200.3710937500 MiB           1   @profile(precision=10,stream=open("Stream2A_oBoost.log", "w+"))
   134                                         def test_train(ep,Mclf,X,y):
   135 200.3710937500 MiB   0.0000000000 MiB           2       for clf,clf_label in Mclf:
   136 200.3710937500 MiB   0.0000000000 MiB           1           Comp_start = time.time();y_pred = clf.predict(X);clf_a = accuracy_score(y, y_pred);clf.partial_fit(X, y,[1,0]);Time.append(time.time() - Comp_start);Acc.append(clf_a)


Filename: meta.py

Line #    Mem usage    Increment  Occurrences   Line Contents
=============================================================
   133 200.3710937500 MiB 200.3710937500 MiB           1   @profile(precision=10,stream=open("Stream2A_oBoost.log", "w+"))
   134                                         def test_train(ep,Mclf,X,y):
   135 200.3710937500 MiB   0.0000000000 MiB           2       for clf,clf_label in Mclf:
   136 200.3710937500 MiB   0.0000000000 MiB           1           Comp_start = time.time();y_pred = clf.predict(X);clf_a = accuracy_score(y, y_pred);clf.partial_fit(X, y,[1,0]);Time.append(time.time() - Comp_start);Acc.append(clf_a)


Filename: meta.py

Line #    Mem usage    Increment  Occurrences   Line Contents
=============================================================
   133 200.3710937500 MiB 200.3710937500 MiB           1   @profile(precision=10,stream=open("Stream2A_oBoost.log", "w+"))
   134                                         def test_train(ep,Mclf,X,y):
   135 200.3710937500 MiB   0.0000000000 MiB           2       for clf,clf_label in Mclf:
   136 200.3710937500 MiB   0.0000000000 MiB           1           Comp_start = time.time();y_pred = clf.predict(X);clf_a = accuracy_score(y, y_pred);clf.partial_fit(X, y,[1,0]);Time.append(time.time() - Comp_start);Acc.append(clf_a)


Filename: meta.py

Line #    Mem usage    Increment  Occurrences   Line Contents
=============================================================
   133 200.3710937500 MiB 200.3710937500 MiB           1   @profile(precision=10,stream=open("Stream2A_oBoost.log", "w+"))
   134                                         def test_train(ep,Mclf,X,y):
   135 200.3710937500 MiB   0.0000000000 MiB           2       for clf,clf_label in Mclf:
   136 200.3710937500 MiB   0.0000000000 MiB           1           Comp_start = time.time();y_pred = clf.predict(X);clf_a = accuracy_score(y, y_pred);clf.partial_fit(X, y,[1,0]);Time.append(time.time() - Comp_start);Acc.append(clf_a)


Filename: meta.py

Line #    Mem usage    Increment  Occurrences   Line Contents
=============================================================
   133 200.3710937500 MiB 200.3710937500 MiB           1   @profile(precision=10,stream=open("Stream2A_oBoost.log", "w+"))
   134                                         def test_train(ep,Mclf,X,y):
   135 200.3867187500 MiB   0.0000000000 MiB           2       for clf,clf_label in Mclf:
   136 200.3867187500 MiB   0.0156250000 MiB           1           Comp_start = time.time();y_pred = clf.predict(X);clf_a = accuracy_score(y, y_pred);clf.partial_fit(X, y,[1,0]);Time.append(time.time() - Comp_start);Acc.append(clf_a)


