Filename: meta.py

Line #    Mem usage    Increment  Occurrences   Line Contents
=============================================================
   133 200.7109375000 MiB 200.7109375000 MiB           1   @profile(precision=10,stream=open("Stream5A_OzaBagg.log", "w+"))
   134                                         def test_train(ep,Mclf,X,y):
   135 202.4687500000 MiB   0.0000000000 MiB           2       for clf,clf_label in Mclf:
   136 202.4687500000 MiB   1.7578125000 MiB           1           Comp_start = time.time();y_pred = clf.predict(X);clf_a = accuracy_score(y, y_pred);clf.partial_fit(X, y,[1,0]);Time.append(time.time() - Comp_start);Acc.append(clf_a)


Filename: meta.py

Line #    Mem usage    Increment  Occurrences   Line Contents
=============================================================
   133 202.4687500000 MiB 202.4687500000 MiB           1   @profile(precision=10,stream=open("Stream5A_OzaBagg.log", "w+"))
   134                                         def test_train(ep,Mclf,X,y):
   135 204.6132812500 MiB   0.0000000000 MiB           2       for clf,clf_label in Mclf:
   136 204.6132812500 MiB   2.1445312500 MiB           1           Comp_start = time.time();y_pred = clf.predict(X);clf_a = accuracy_score(y, y_pred);clf.partial_fit(X, y,[1,0]);Time.append(time.time() - Comp_start);Acc.append(clf_a)


Filename: meta.py

Line #    Mem usage    Increment  Occurrences   Line Contents
=============================================================
   133 204.6132812500 MiB 204.6132812500 MiB           1   @profile(precision=10,stream=open("Stream5A_OzaBagg.log", "w+"))
   134                                         def test_train(ep,Mclf,X,y):
   135 204.7187500000 MiB   0.0000000000 MiB           2       for clf,clf_label in Mclf:
   136 204.7187500000 MiB   0.1054687500 MiB           1           Comp_start = time.time();y_pred = clf.predict(X);clf_a = accuracy_score(y, y_pred);clf.partial_fit(X, y,[1,0]);Time.append(time.time() - Comp_start);Acc.append(clf_a)


Filename: meta.py

Line #    Mem usage    Increment  Occurrences   Line Contents
=============================================================
   133 204.7187500000 MiB 204.7187500000 MiB           1   @profile(precision=10,stream=open("Stream5A_OzaBagg.log", "w+"))
   134                                         def test_train(ep,Mclf,X,y):
   135 204.7187500000 MiB   0.0000000000 MiB           2       for clf,clf_label in Mclf:
   136 204.7187500000 MiB   0.0000000000 MiB           1           Comp_start = time.time();y_pred = clf.predict(X);clf_a = accuracy_score(y, y_pred);clf.partial_fit(X, y,[1,0]);Time.append(time.time() - Comp_start);Acc.append(clf_a)


Filename: meta.py

Line #    Mem usage    Increment  Occurrences   Line Contents
=============================================================
   133 204.7187500000 MiB 204.7187500000 MiB           1   @profile(precision=10,stream=open("Stream5A_OzaBagg.log", "w+"))
   134                                         def test_train(ep,Mclf,X,y):
   135 204.7187500000 MiB   0.0000000000 MiB           2       for clf,clf_label in Mclf:
   136 204.6640625000 MiB  -0.0546875000 MiB           1           Comp_start = time.time();y_pred = clf.predict(X);clf_a = accuracy_score(y, y_pred);clf.partial_fit(X, y,[1,0]);Time.append(time.time() - Comp_start);Acc.append(clf_a)


Filename: meta.py

Line #    Mem usage    Increment  Occurrences   Line Contents
=============================================================
   133 204.6640625000 MiB 204.6640625000 MiB           1   @profile(precision=10,stream=open("Stream5A_OzaBagg.log", "w+"))
   134                                         def test_train(ep,Mclf,X,y):
   135 204.6679687500 MiB   0.0000000000 MiB           2       for clf,clf_label in Mclf:
   136 204.6679687500 MiB   0.0039062500 MiB           1           Comp_start = time.time();y_pred = clf.predict(X);clf_a = accuracy_score(y, y_pred);clf.partial_fit(X, y,[1,0]);Time.append(time.time() - Comp_start);Acc.append(clf_a)


Filename: meta.py

Line #    Mem usage    Increment  Occurrences   Line Contents
=============================================================
   133 204.6679687500 MiB 204.6679687500 MiB           1   @profile(precision=10,stream=open("Stream5A_OzaBagg.log", "w+"))
   134                                         def test_train(ep,Mclf,X,y):
   135 204.6679687500 MiB   0.0000000000 MiB           2       for clf,clf_label in Mclf:
   136 204.6679687500 MiB   0.0000000000 MiB           1           Comp_start = time.time();y_pred = clf.predict(X);clf_a = accuracy_score(y, y_pred);clf.partial_fit(X, y,[1,0]);Time.append(time.time() - Comp_start);Acc.append(clf_a)


Filename: meta.py

Line #    Mem usage    Increment  Occurrences   Line Contents
=============================================================
   133 204.6679687500 MiB 204.6679687500 MiB           1   @profile(precision=10,stream=open("Stream5A_OzaBagg.log", "w+"))
   134                                         def test_train(ep,Mclf,X,y):
   135 204.6679687500 MiB   0.0000000000 MiB           2       for clf,clf_label in Mclf:
   136 204.6679687500 MiB   0.0000000000 MiB           1           Comp_start = time.time();y_pred = clf.predict(X);clf_a = accuracy_score(y, y_pred);clf.partial_fit(X, y,[1,0]);Time.append(time.time() - Comp_start);Acc.append(clf_a)


Filename: meta.py

Line #    Mem usage    Increment  Occurrences   Line Contents
=============================================================
   133 204.6679687500 MiB 204.6679687500 MiB           1   @profile(precision=10,stream=open("Stream5A_OzaBagg.log", "w+"))
   134                                         def test_train(ep,Mclf,X,y):
   135 204.6679687500 MiB   0.0000000000 MiB           2       for clf,clf_label in Mclf:
   136 204.6679687500 MiB   0.0000000000 MiB           1           Comp_start = time.time();y_pred = clf.predict(X);clf_a = accuracy_score(y, y_pred);clf.partial_fit(X, y,[1,0]);Time.append(time.time() - Comp_start);Acc.append(clf_a)


Filename: meta.py

Line #    Mem usage    Increment  Occurrences   Line Contents
=============================================================
   133 204.6679687500 MiB 204.6679687500 MiB           1   @profile(precision=10,stream=open("Stream5A_OzaBagg.log", "w+"))
   134                                         def test_train(ep,Mclf,X,y):
   135 204.6679687500 MiB   0.0000000000 MiB           2       for clf,clf_label in Mclf:
   136 204.6406250000 MiB  -0.0273437500 MiB           1           Comp_start = time.time();y_pred = clf.predict(X);clf_a = accuracy_score(y, y_pred);clf.partial_fit(X, y,[1,0]);Time.append(time.time() - Comp_start);Acc.append(clf_a)


