Filename: meta.py

Line #    Mem usage    Increment  Occurrences   Line Contents
=============================================================
   133 200.2226562500 MiB 200.2226562500 MiB           1   @profile(precision=10,stream=open("Stream2G_DWM.log", "w+"))
   134                                         def test_train(ep,Mclf,X,y):
   135 200.3320312500 MiB   0.0000000000 MiB           2       for clf,clf_label in Mclf:
   136 200.3320312500 MiB   0.1093750000 MiB           1           Comp_start = time.time();y_pred = clf.predict(X);clf_a = accuracy_score(y, y_pred);clf.partial_fit(X, y,[1,0]);Time.append(time.time() - Comp_start);Acc.append(clf_a)


Filename: meta.py

Line #    Mem usage    Increment  Occurrences   Line Contents
=============================================================
   133 200.3320312500 MiB 200.3320312500 MiB           1   @profile(precision=10,stream=open("Stream2G_DWM.log", "w+"))
   134                                         def test_train(ep,Mclf,X,y):
   135 200.3632812500 MiB   0.0000000000 MiB           2       for clf,clf_label in Mclf:
   136 200.3632812500 MiB   0.0312500000 MiB           1           Comp_start = time.time();y_pred = clf.predict(X);clf_a = accuracy_score(y, y_pred);clf.partial_fit(X, y,[1,0]);Time.append(time.time() - Comp_start);Acc.append(clf_a)


Filename: meta.py

Line #    Mem usage    Increment  Occurrences   Line Contents
=============================================================
   133 200.3632812500 MiB 200.3632812500 MiB           1   @profile(precision=10,stream=open("Stream2G_DWM.log", "w+"))
   134                                         def test_train(ep,Mclf,X,y):
   135 200.4335937500 MiB   0.0000000000 MiB           2       for clf,clf_label in Mclf:
   136 200.4335937500 MiB   0.0703125000 MiB           1           Comp_start = time.time();y_pred = clf.predict(X);clf_a = accuracy_score(y, y_pred);clf.partial_fit(X, y,[1,0]);Time.append(time.time() - Comp_start);Acc.append(clf_a)


Filename: meta.py

Line #    Mem usage    Increment  Occurrences   Line Contents
=============================================================
   133 200.4335937500 MiB 200.4335937500 MiB           1   @profile(precision=10,stream=open("Stream2G_DWM.log", "w+"))
   134                                         def test_train(ep,Mclf,X,y):
   135 200.4335937500 MiB   0.0000000000 MiB           2       for clf,clf_label in Mclf:
   136 200.4335937500 MiB   0.0000000000 MiB           1           Comp_start = time.time();y_pred = clf.predict(X);clf_a = accuracy_score(y, y_pred);clf.partial_fit(X, y,[1,0]);Time.append(time.time() - Comp_start);Acc.append(clf_a)


Filename: meta.py

Line #    Mem usage    Increment  Occurrences   Line Contents
=============================================================
   133 200.4335937500 MiB 200.4335937500 MiB           1   @profile(precision=10,stream=open("Stream2G_DWM.log", "w+"))
   134                                         def test_train(ep,Mclf,X,y):
   135 200.4414062500 MiB   0.0000000000 MiB           2       for clf,clf_label in Mclf:
   136 200.4414062500 MiB   0.0078125000 MiB           1           Comp_start = time.time();y_pred = clf.predict(X);clf_a = accuracy_score(y, y_pred);clf.partial_fit(X, y,[1,0]);Time.append(time.time() - Comp_start);Acc.append(clf_a)


Filename: meta.py

Line #    Mem usage    Increment  Occurrences   Line Contents
=============================================================
   133 200.4414062500 MiB 200.4414062500 MiB           1   @profile(precision=10,stream=open("Stream2G_DWM.log", "w+"))
   134                                         def test_train(ep,Mclf,X,y):
   135 200.4414062500 MiB   0.0000000000 MiB           2       for clf,clf_label in Mclf:
   136 200.4414062500 MiB   0.0000000000 MiB           1           Comp_start = time.time();y_pred = clf.predict(X);clf_a = accuracy_score(y, y_pred);clf.partial_fit(X, y,[1,0]);Time.append(time.time() - Comp_start);Acc.append(clf_a)


Filename: meta.py

Line #    Mem usage    Increment  Occurrences   Line Contents
=============================================================
   133 200.4414062500 MiB 200.4414062500 MiB           1   @profile(precision=10,stream=open("Stream2G_DWM.log", "w+"))
   134                                         def test_train(ep,Mclf,X,y):
   135 200.4414062500 MiB   0.0000000000 MiB           2       for clf,clf_label in Mclf:
   136 200.4414062500 MiB   0.0000000000 MiB           1           Comp_start = time.time();y_pred = clf.predict(X);clf_a = accuracy_score(y, y_pred);clf.partial_fit(X, y,[1,0]);Time.append(time.time() - Comp_start);Acc.append(clf_a)


Filename: meta.py

Line #    Mem usage    Increment  Occurrences   Line Contents
=============================================================
   133 200.4414062500 MiB 200.4414062500 MiB           1   @profile(precision=10,stream=open("Stream2G_DWM.log", "w+"))
   134                                         def test_train(ep,Mclf,X,y):
   135 200.5039062500 MiB   0.0000000000 MiB           2       for clf,clf_label in Mclf:
   136 200.5039062500 MiB   0.0625000000 MiB           1           Comp_start = time.time();y_pred = clf.predict(X);clf_a = accuracy_score(y, y_pred);clf.partial_fit(X, y,[1,0]);Time.append(time.time() - Comp_start);Acc.append(clf_a)


Filename: meta.py

Line #    Mem usage    Increment  Occurrences   Line Contents
=============================================================
   133 200.5039062500 MiB 200.5039062500 MiB           1   @profile(precision=10,stream=open("Stream2G_DWM.log", "w+"))
   134                                         def test_train(ep,Mclf,X,y):
   135 200.5117187500 MiB   0.0000000000 MiB           2       for clf,clf_label in Mclf:
   136 200.5117187500 MiB   0.0078125000 MiB           1           Comp_start = time.time();y_pred = clf.predict(X);clf_a = accuracy_score(y, y_pred);clf.partial_fit(X, y,[1,0]);Time.append(time.time() - Comp_start);Acc.append(clf_a)


Filename: meta.py

Line #    Mem usage    Increment  Occurrences   Line Contents
=============================================================
   133 200.5117187500 MiB 200.5117187500 MiB           1   @profile(precision=10,stream=open("Stream2G_DWM.log", "w+"))
   134                                         def test_train(ep,Mclf,X,y):
   135 200.5507812500 MiB   0.0000000000 MiB           2       for clf,clf_label in Mclf:
   136 200.5507812500 MiB   0.0390625000 MiB           1           Comp_start = time.time();y_pred = clf.predict(X);clf_a = accuracy_score(y, y_pred);clf.partial_fit(X, y,[1,0]);Time.append(time.time() - Comp_start);Acc.append(clf_a)


