Filename: meta.py

Line #    Mem usage    Increment  Occurrences   Line Contents
=============================================================
   133 200.9023437500 MiB 200.9023437500 MiB           1   @profile(precision=10,stream=open("Stream5A_AEE.log", "w+"))
   134                                         def test_train(ep,Mclf,X,y):
   135 201.1328125000 MiB   0.0000000000 MiB           2       for clf,clf_label in Mclf:
   136 201.1328125000 MiB   0.2304687500 MiB           1           Comp_start = time.time();y_pred = clf.predict(X);clf_a = accuracy_score(y, y_pred);clf.partial_fit(X, y,[1,0]);Time.append(time.time() - Comp_start);Acc.append(clf_a)


Filename: meta.py

Line #    Mem usage    Increment  Occurrences   Line Contents
=============================================================
   133 201.1328125000 MiB 201.1328125000 MiB           1   @profile(precision=10,stream=open("Stream5A_AEE.log", "w+"))
   134                                         def test_train(ep,Mclf,X,y):
   135 201.1679687500 MiB   0.0000000000 MiB           2       for clf,clf_label in Mclf:
   136 201.1679687500 MiB   0.0351562500 MiB           1           Comp_start = time.time();y_pred = clf.predict(X);clf_a = accuracy_score(y, y_pred);clf.partial_fit(X, y,[1,0]);Time.append(time.time() - Comp_start);Acc.append(clf_a)


Filename: meta.py

Line #    Mem usage    Increment  Occurrences   Line Contents
=============================================================
   133 201.1679687500 MiB 201.1679687500 MiB           1   @profile(precision=10,stream=open("Stream5A_AEE.log", "w+"))
   134                                         def test_train(ep,Mclf,X,y):
   135 201.1679687500 MiB   0.0000000000 MiB           2       for clf,clf_label in Mclf:
   136 201.1679687500 MiB   0.0000000000 MiB           1           Comp_start = time.time();y_pred = clf.predict(X);clf_a = accuracy_score(y, y_pred);clf.partial_fit(X, y,[1,0]);Time.append(time.time() - Comp_start);Acc.append(clf_a)


Filename: meta.py

Line #    Mem usage    Increment  Occurrences   Line Contents
=============================================================
   133 201.1679687500 MiB 201.1679687500 MiB           1   @profile(precision=10,stream=open("Stream5A_AEE.log", "w+"))
   134                                         def test_train(ep,Mclf,X,y):
   135 201.1679687500 MiB   0.0000000000 MiB           2       for clf,clf_label in Mclf:
   136 201.1679687500 MiB   0.0000000000 MiB           1           Comp_start = time.time();y_pred = clf.predict(X);clf_a = accuracy_score(y, y_pred);clf.partial_fit(X, y,[1,0]);Time.append(time.time() - Comp_start);Acc.append(clf_a)


Filename: meta.py

Line #    Mem usage    Increment  Occurrences   Line Contents
=============================================================
   133 201.1679687500 MiB 201.1679687500 MiB           1   @profile(precision=10,stream=open("Stream5A_AEE.log", "w+"))
   134                                         def test_train(ep,Mclf,X,y):
   135 201.1679687500 MiB   0.0000000000 MiB           2       for clf,clf_label in Mclf:
   136 201.1679687500 MiB   0.0000000000 MiB           1           Comp_start = time.time();y_pred = clf.predict(X);clf_a = accuracy_score(y, y_pred);clf.partial_fit(X, y,[1,0]);Time.append(time.time() - Comp_start);Acc.append(clf_a)


Filename: meta.py

Line #    Mem usage    Increment  Occurrences   Line Contents
=============================================================
   133 201.1679687500 MiB 201.1679687500 MiB           1   @profile(precision=10,stream=open("Stream5A_AEE.log", "w+"))
   134                                         def test_train(ep,Mclf,X,y):
   135 201.2070312500 MiB   0.0000000000 MiB           2       for clf,clf_label in Mclf:
   136 201.2070312500 MiB   0.0390625000 MiB           1           Comp_start = time.time();y_pred = clf.predict(X);clf_a = accuracy_score(y, y_pred);clf.partial_fit(X, y,[1,0]);Time.append(time.time() - Comp_start);Acc.append(clf_a)


Filename: meta.py

Line #    Mem usage    Increment  Occurrences   Line Contents
=============================================================
   133 201.2070312500 MiB 201.2070312500 MiB           1   @profile(precision=10,stream=open("Stream5A_AEE.log", "w+"))
   134                                         def test_train(ep,Mclf,X,y):
   135 201.2070312500 MiB   0.0000000000 MiB           2       for clf,clf_label in Mclf:
   136 201.2070312500 MiB   0.0000000000 MiB           1           Comp_start = time.time();y_pred = clf.predict(X);clf_a = accuracy_score(y, y_pred);clf.partial_fit(X, y,[1,0]);Time.append(time.time() - Comp_start);Acc.append(clf_a)


Filename: meta.py

Line #    Mem usage    Increment  Occurrences   Line Contents
=============================================================
   133 201.2070312500 MiB 201.2070312500 MiB           1   @profile(precision=10,stream=open("Stream5A_AEE.log", "w+"))
   134                                         def test_train(ep,Mclf,X,y):
   135 201.2070312500 MiB   0.0000000000 MiB           2       for clf,clf_label in Mclf:
   136 201.2070312500 MiB   0.0000000000 MiB           1           Comp_start = time.time();y_pred = clf.predict(X);clf_a = accuracy_score(y, y_pred);clf.partial_fit(X, y,[1,0]);Time.append(time.time() - Comp_start);Acc.append(clf_a)


Filename: meta.py

Line #    Mem usage    Increment  Occurrences   Line Contents
=============================================================
   133 201.2070312500 MiB 201.2070312500 MiB           1   @profile(precision=10,stream=open("Stream5A_AEE.log", "w+"))
   134                                         def test_train(ep,Mclf,X,y):
   135 201.2070312500 MiB   0.0000000000 MiB           2       for clf,clf_label in Mclf:
   136 201.2070312500 MiB   0.0000000000 MiB           1           Comp_start = time.time();y_pred = clf.predict(X);clf_a = accuracy_score(y, y_pred);clf.partial_fit(X, y,[1,0]);Time.append(time.time() - Comp_start);Acc.append(clf_a)


Filename: meta.py

Line #    Mem usage    Increment  Occurrences   Line Contents
=============================================================
   133 201.2070312500 MiB 201.2070312500 MiB           1   @profile(precision=10,stream=open("Stream5A_AEE.log", "w+"))
   134                                         def test_train(ep,Mclf,X,y):
   135 201.2070312500 MiB   0.0000000000 MiB           2       for clf,clf_label in Mclf:
   136 201.2070312500 MiB   0.0000000000 MiB           1           Comp_start = time.time();y_pred = clf.predict(X);clf_a = accuracy_score(y, y_pred);clf.partial_fit(X, y,[1,0]);Time.append(time.time() - Comp_start);Acc.append(clf_a)


