Filename: meta.py

Line #    Mem usage    Increment  Occurrences   Line Contents
=============================================================
   133 200.6640625000 MiB 200.6640625000 MiB           1   @profile(precision=10,stream=open("Stream2G_BAI.log", "w+"))
   134                                         def test_train(ep,Mclf,X,y):
   135 200.9218750000 MiB   0.0000000000 MiB           2       for clf,clf_label in Mclf:
   136 200.9218750000 MiB   0.2578125000 MiB           1           Comp_start = time.time();y_pred = clf.predict(X);clf_a = accuracy_score(y, y_pred);clf.partial_fit(X, y,[1,0]);Time.append(time.time() - Comp_start);Acc.append(clf_a)


Filename: meta.py

Line #    Mem usage    Increment  Occurrences   Line Contents
=============================================================
   133 200.9218750000 MiB 200.9218750000 MiB           1   @profile(precision=10,stream=open("Stream2G_BAI.log", "w+"))
   134                                         def test_train(ep,Mclf,X,y):
   135 200.9531250000 MiB   0.0000000000 MiB           2       for clf,clf_label in Mclf:
   136 200.9531250000 MiB   0.0312500000 MiB           1           Comp_start = time.time();y_pred = clf.predict(X);clf_a = accuracy_score(y, y_pred);clf.partial_fit(X, y,[1,0]);Time.append(time.time() - Comp_start);Acc.append(clf_a)


Filename: meta.py

Line #    Mem usage    Increment  Occurrences   Line Contents
=============================================================
   133 200.9531250000 MiB 200.9531250000 MiB           1   @profile(precision=10,stream=open("Stream2G_BAI.log", "w+"))
   134                                         def test_train(ep,Mclf,X,y):
   135 200.9531250000 MiB   0.0000000000 MiB           2       for clf,clf_label in Mclf:
   136 200.9531250000 MiB   0.0000000000 MiB           1           Comp_start = time.time();y_pred = clf.predict(X);clf_a = accuracy_score(y, y_pred);clf.partial_fit(X, y,[1,0]);Time.append(time.time() - Comp_start);Acc.append(clf_a)


Filename: meta.py

Line #    Mem usage    Increment  Occurrences   Line Contents
=============================================================
   133 200.9531250000 MiB 200.9531250000 MiB           1   @profile(precision=10,stream=open("Stream2G_BAI.log", "w+"))
   134                                         def test_train(ep,Mclf,X,y):
   135 200.9570312500 MiB   0.0000000000 MiB           2       for clf,clf_label in Mclf:
   136 200.9570312500 MiB   0.0039062500 MiB           1           Comp_start = time.time();y_pred = clf.predict(X);clf_a = accuracy_score(y, y_pred);clf.partial_fit(X, y,[1,0]);Time.append(time.time() - Comp_start);Acc.append(clf_a)


Filename: meta.py

Line #    Mem usage    Increment  Occurrences   Line Contents
=============================================================
   133 200.9570312500 MiB 200.9570312500 MiB           1   @profile(precision=10,stream=open("Stream2G_BAI.log", "w+"))
   134                                         def test_train(ep,Mclf,X,y):
   135 200.9570312500 MiB   0.0000000000 MiB           2       for clf,clf_label in Mclf:
   136 200.9570312500 MiB   0.0000000000 MiB           1           Comp_start = time.time();y_pred = clf.predict(X);clf_a = accuracy_score(y, y_pred);clf.partial_fit(X, y,[1,0]);Time.append(time.time() - Comp_start);Acc.append(clf_a)


Filename: meta.py

Line #    Mem usage    Increment  Occurrences   Line Contents
=============================================================
   133 200.9570312500 MiB 200.9570312500 MiB           1   @profile(precision=10,stream=open("Stream2G_BAI.log", "w+"))
   134                                         def test_train(ep,Mclf,X,y):
   135 200.9570312500 MiB   0.0000000000 MiB           2       for clf,clf_label in Mclf:
   136 200.9570312500 MiB   0.0000000000 MiB           1           Comp_start = time.time();y_pred = clf.predict(X);clf_a = accuracy_score(y, y_pred);clf.partial_fit(X, y,[1,0]);Time.append(time.time() - Comp_start);Acc.append(clf_a)


Filename: meta.py

Line #    Mem usage    Increment  Occurrences   Line Contents
=============================================================
   133 200.9570312500 MiB 200.9570312500 MiB           1   @profile(precision=10,stream=open("Stream2G_BAI.log", "w+"))
   134                                         def test_train(ep,Mclf,X,y):
   135 200.9570312500 MiB   0.0000000000 MiB           2       for clf,clf_label in Mclf:
   136 200.9570312500 MiB   0.0000000000 MiB           1           Comp_start = time.time();y_pred = clf.predict(X);clf_a = accuracy_score(y, y_pred);clf.partial_fit(X, y,[1,0]);Time.append(time.time() - Comp_start);Acc.append(clf_a)


Filename: meta.py

Line #    Mem usage    Increment  Occurrences   Line Contents
=============================================================
   133 200.9570312500 MiB 200.9570312500 MiB           1   @profile(precision=10,stream=open("Stream2G_BAI.log", "w+"))
   134                                         def test_train(ep,Mclf,X,y):
   135 200.9570312500 MiB   0.0000000000 MiB           2       for clf,clf_label in Mclf:
   136 200.9570312500 MiB   0.0000000000 MiB           1           Comp_start = time.time();y_pred = clf.predict(X);clf_a = accuracy_score(y, y_pred);clf.partial_fit(X, y,[1,0]);Time.append(time.time() - Comp_start);Acc.append(clf_a)


Filename: meta.py

Line #    Mem usage    Increment  Occurrences   Line Contents
=============================================================
   133 200.9570312500 MiB 200.9570312500 MiB           1   @profile(precision=10,stream=open("Stream2G_BAI.log", "w+"))
   134                                         def test_train(ep,Mclf,X,y):
   135 200.9570312500 MiB   0.0000000000 MiB           2       for clf,clf_label in Mclf:
   136 200.9570312500 MiB   0.0000000000 MiB           1           Comp_start = time.time();y_pred = clf.predict(X);clf_a = accuracy_score(y, y_pred);clf.partial_fit(X, y,[1,0]);Time.append(time.time() - Comp_start);Acc.append(clf_a)


Filename: meta.py

Line #    Mem usage    Increment  Occurrences   Line Contents
=============================================================
   133 200.9570312500 MiB 200.9570312500 MiB           1   @profile(precision=10,stream=open("Stream2G_BAI.log", "w+"))
   134                                         def test_train(ep,Mclf,X,y):
   135 200.9570312500 MiB   0.0000000000 MiB           2       for clf,clf_label in Mclf:
   136 200.9570312500 MiB   0.0000000000 MiB           1           Comp_start = time.time();y_pred = clf.predict(X);clf_a = accuracy_score(y, y_pred);clf.partial_fit(X, y,[1,0]);Time.append(time.time() - Comp_start);Acc.append(clf_a)


