Filename: meta.py

Line #    Mem usage    Increment  Occurrences   Line Contents
=============================================================
   133 200.5585937500 MiB 200.5585937500 MiB           1   @profile(precision=10,stream=open("Stream2G_OzaBagg.log", "w+"))
   134                                         def test_train(ep,Mclf,X,y):
   135 202.9375000000 MiB   0.0000000000 MiB           2       for clf,clf_label in Mclf:
   136 202.9375000000 MiB   2.3789062500 MiB           1           Comp_start = time.time();y_pred = clf.predict(X);clf_a = accuracy_score(y, y_pred);clf.partial_fit(X, y,[1,0]);Time.append(time.time() - Comp_start);Acc.append(clf_a)


Filename: meta.py

Line #    Mem usage    Increment  Occurrences   Line Contents
=============================================================
   133 202.9375000000 MiB 202.9375000000 MiB           1   @profile(precision=10,stream=open("Stream2G_OzaBagg.log", "w+"))
   134                                         def test_train(ep,Mclf,X,y):
   135 204.9453125000 MiB   0.0000000000 MiB           2       for clf,clf_label in Mclf:
   136 204.9453125000 MiB   2.0078125000 MiB           1           Comp_start = time.time();y_pred = clf.predict(X);clf_a = accuracy_score(y, y_pred);clf.partial_fit(X, y,[1,0]);Time.append(time.time() - Comp_start);Acc.append(clf_a)


Filename: meta.py

Line #    Mem usage    Increment  Occurrences   Line Contents
=============================================================
   133 204.9453125000 MiB 204.9453125000 MiB           1   @profile(precision=10,stream=open("Stream2G_OzaBagg.log", "w+"))
   134                                         def test_train(ep,Mclf,X,y):
   135 205.0468750000 MiB   0.0000000000 MiB           2       for clf,clf_label in Mclf:
   136 205.0468750000 MiB   0.1015625000 MiB           1           Comp_start = time.time();y_pred = clf.predict(X);clf_a = accuracy_score(y, y_pred);clf.partial_fit(X, y,[1,0]);Time.append(time.time() - Comp_start);Acc.append(clf_a)


Filename: meta.py

Line #    Mem usage    Increment  Occurrences   Line Contents
=============================================================
   133 205.0468750000 MiB 205.0468750000 MiB           1   @profile(precision=10,stream=open("Stream2G_OzaBagg.log", "w+"))
   134                                         def test_train(ep,Mclf,X,y):
   135 205.0468750000 MiB   0.0000000000 MiB           2       for clf,clf_label in Mclf:
   136 205.0468750000 MiB   0.0000000000 MiB           1           Comp_start = time.time();y_pred = clf.predict(X);clf_a = accuracy_score(y, y_pred);clf.partial_fit(X, y,[1,0]);Time.append(time.time() - Comp_start);Acc.append(clf_a)


Filename: meta.py

Line #    Mem usage    Increment  Occurrences   Line Contents
=============================================================
   133 205.0468750000 MiB 205.0468750000 MiB           1   @profile(precision=10,stream=open("Stream2G_OzaBagg.log", "w+"))
   134                                         def test_train(ep,Mclf,X,y):
   135 205.0468750000 MiB   0.0000000000 MiB           2       for clf,clf_label in Mclf:
   136 204.9921875000 MiB  -0.0546875000 MiB           1           Comp_start = time.time();y_pred = clf.predict(X);clf_a = accuracy_score(y, y_pred);clf.partial_fit(X, y,[1,0]);Time.append(time.time() - Comp_start);Acc.append(clf_a)


Filename: meta.py

Line #    Mem usage    Increment  Occurrences   Line Contents
=============================================================
   133 204.9921875000 MiB 204.9921875000 MiB           1   @profile(precision=10,stream=open("Stream2G_OzaBagg.log", "w+"))
   134                                         def test_train(ep,Mclf,X,y):
   135 204.9960937500 MiB   0.0000000000 MiB           2       for clf,clf_label in Mclf:
   136 204.9960937500 MiB   0.0039062500 MiB           1           Comp_start = time.time();y_pred = clf.predict(X);clf_a = accuracy_score(y, y_pred);clf.partial_fit(X, y,[1,0]);Time.append(time.time() - Comp_start);Acc.append(clf_a)


Filename: meta.py

Line #    Mem usage    Increment  Occurrences   Line Contents
=============================================================
   133 204.9960937500 MiB 204.9960937500 MiB           1   @profile(precision=10,stream=open("Stream2G_OzaBagg.log", "w+"))
   134                                         def test_train(ep,Mclf,X,y):
   135 204.9960937500 MiB   0.0000000000 MiB           2       for clf,clf_label in Mclf:
   136 204.9960937500 MiB   0.0000000000 MiB           1           Comp_start = time.time();y_pred = clf.predict(X);clf_a = accuracy_score(y, y_pred);clf.partial_fit(X, y,[1,0]);Time.append(time.time() - Comp_start);Acc.append(clf_a)


Filename: meta.py

Line #    Mem usage    Increment  Occurrences   Line Contents
=============================================================
   133 204.9960937500 MiB 204.9960937500 MiB           1   @profile(precision=10,stream=open("Stream2G_OzaBagg.log", "w+"))
   134                                         def test_train(ep,Mclf,X,y):
   135 204.9960937500 MiB   0.0000000000 MiB           2       for clf,clf_label in Mclf:
   136 204.9960937500 MiB   0.0000000000 MiB           1           Comp_start = time.time();y_pred = clf.predict(X);clf_a = accuracy_score(y, y_pred);clf.partial_fit(X, y,[1,0]);Time.append(time.time() - Comp_start);Acc.append(clf_a)


Filename: meta.py

Line #    Mem usage    Increment  Occurrences   Line Contents
=============================================================
   133 204.9960937500 MiB 204.9960937500 MiB           1   @profile(precision=10,stream=open("Stream2G_OzaBagg.log", "w+"))
   134                                         def test_train(ep,Mclf,X,y):
   135 204.9960937500 MiB   0.0000000000 MiB           2       for clf,clf_label in Mclf:
   136 204.9960937500 MiB   0.0000000000 MiB           1           Comp_start = time.time();y_pred = clf.predict(X);clf_a = accuracy_score(y, y_pred);clf.partial_fit(X, y,[1,0]);Time.append(time.time() - Comp_start);Acc.append(clf_a)


Filename: meta.py

Line #    Mem usage    Increment  Occurrences   Line Contents
=============================================================
   133 204.9960937500 MiB 204.9960937500 MiB           1   @profile(precision=10,stream=open("Stream2G_OzaBagg.log", "w+"))
   134                                         def test_train(ep,Mclf,X,y):
   135 204.9960937500 MiB   0.0000000000 MiB           2       for clf,clf_label in Mclf:
   136 204.9687500000 MiB  -0.0273437500 MiB           1           Comp_start = time.time();y_pred = clf.predict(X);clf_a = accuracy_score(y, y_pred);clf.partial_fit(X, y,[1,0]);Time.append(time.time() - Comp_start);Acc.append(clf_a)


