Filename: meta.py

Line #    Mem usage    Increment  Occurrences   Line Contents
=============================================================
   133 200.8046875000 MiB 200.8046875000 MiB           1   @profile(precision=10,stream=open("Stream2A_LevBagg.log", "w+"))
   134                                         def test_train(ep,Mclf,X,y):
   135 204.8984375000 MiB   0.0000000000 MiB           2       for clf,clf_label in Mclf:
   136 204.8984375000 MiB   4.0937500000 MiB           1           Comp_start = time.time();y_pred = clf.predict(X);clf_a = accuracy_score(y, y_pred);clf.partial_fit(X, y,[1,0]);Time.append(time.time() - Comp_start);Acc.append(clf_a)


Filename: meta.py

Line #    Mem usage    Increment  Occurrences   Line Contents
=============================================================
   133 204.8984375000 MiB 204.8984375000 MiB           1   @profile(precision=10,stream=open("Stream2A_LevBagg.log", "w+"))
   134                                         def test_train(ep,Mclf,X,y):
   135 205.0625000000 MiB   0.0000000000 MiB           2       for clf,clf_label in Mclf:
   136 205.0625000000 MiB   0.1640625000 MiB           1           Comp_start = time.time();y_pred = clf.predict(X);clf_a = accuracy_score(y, y_pred);clf.partial_fit(X, y,[1,0]);Time.append(time.time() - Comp_start);Acc.append(clf_a)


Filename: meta.py

Line #    Mem usage    Increment  Occurrences   Line Contents
=============================================================
   133 205.0625000000 MiB 205.0625000000 MiB           1   @profile(precision=10,stream=open("Stream2A_LevBagg.log", "w+"))
   134                                         def test_train(ep,Mclf,X,y):
   135 205.0625000000 MiB   0.0000000000 MiB           2       for clf,clf_label in Mclf:
   136 205.0078125000 MiB  -0.0546875000 MiB           1           Comp_start = time.time();y_pred = clf.predict(X);clf_a = accuracy_score(y, y_pred);clf.partial_fit(X, y,[1,0]);Time.append(time.time() - Comp_start);Acc.append(clf_a)


Filename: meta.py

Line #    Mem usage    Increment  Occurrences   Line Contents
=============================================================
   133 205.0078125000 MiB 205.0078125000 MiB           1   @profile(precision=10,stream=open("Stream2A_LevBagg.log", "w+"))
   134                                         def test_train(ep,Mclf,X,y):
   135 205.0078125000 MiB   0.0000000000 MiB           2       for clf,clf_label in Mclf:
   136 205.0078125000 MiB   0.0000000000 MiB           1           Comp_start = time.time();y_pred = clf.predict(X);clf_a = accuracy_score(y, y_pred);clf.partial_fit(X, y,[1,0]);Time.append(time.time() - Comp_start);Acc.append(clf_a)


Filename: meta.py

Line #    Mem usage    Increment  Occurrences   Line Contents
=============================================================
   133 205.0078125000 MiB 205.0078125000 MiB           1   @profile(precision=10,stream=open("Stream2A_LevBagg.log", "w+"))
   134                                         def test_train(ep,Mclf,X,y):
   135 205.0078125000 MiB   0.0000000000 MiB           2       for clf,clf_label in Mclf:
   136 205.0078125000 MiB   0.0000000000 MiB           1           Comp_start = time.time();y_pred = clf.predict(X);clf_a = accuracy_score(y, y_pred);clf.partial_fit(X, y,[1,0]);Time.append(time.time() - Comp_start);Acc.append(clf_a)


Filename: meta.py

Line #    Mem usage    Increment  Occurrences   Line Contents
=============================================================
   133 205.0078125000 MiB 205.0078125000 MiB           1   @profile(precision=10,stream=open("Stream2A_LevBagg.log", "w+"))
   134                                         def test_train(ep,Mclf,X,y):
   135 205.0078125000 MiB   0.0000000000 MiB           2       for clf,clf_label in Mclf:
   136 204.9804687500 MiB  -0.0273437500 MiB           1           Comp_start = time.time();y_pred = clf.predict(X);clf_a = accuracy_score(y, y_pred);clf.partial_fit(X, y,[1,0]);Time.append(time.time() - Comp_start);Acc.append(clf_a)


Filename: meta.py

Line #    Mem usage    Increment  Occurrences   Line Contents
=============================================================
   133 204.9804687500 MiB 204.9804687500 MiB           1   @profile(precision=10,stream=open("Stream2A_LevBagg.log", "w+"))
   134                                         def test_train(ep,Mclf,X,y):
   135 204.9804687500 MiB   0.0000000000 MiB           2       for clf,clf_label in Mclf:
   136 204.9804687500 MiB   0.0000000000 MiB           1           Comp_start = time.time();y_pred = clf.predict(X);clf_a = accuracy_score(y, y_pred);clf.partial_fit(X, y,[1,0]);Time.append(time.time() - Comp_start);Acc.append(clf_a)


Filename: meta.py

Line #    Mem usage    Increment  Occurrences   Line Contents
=============================================================
   133 204.9804687500 MiB 204.9804687500 MiB           1   @profile(precision=10,stream=open("Stream2A_LevBagg.log", "w+"))
   134                                         def test_train(ep,Mclf,X,y):
   135 204.9804687500 MiB   0.0000000000 MiB           2       for clf,clf_label in Mclf:
   136 204.9804687500 MiB   0.0000000000 MiB           1           Comp_start = time.time();y_pred = clf.predict(X);clf_a = accuracy_score(y, y_pred);clf.partial_fit(X, y,[1,0]);Time.append(time.time() - Comp_start);Acc.append(clf_a)


Filename: meta.py

Line #    Mem usage    Increment  Occurrences   Line Contents
=============================================================
   133 204.9804687500 MiB 204.9804687500 MiB           1   @profile(precision=10,stream=open("Stream2A_LevBagg.log", "w+"))
   134                                         def test_train(ep,Mclf,X,y):
   135 204.9804687500 MiB   0.0000000000 MiB           2       for clf,clf_label in Mclf:
   136 204.9804687500 MiB   0.0000000000 MiB           1           Comp_start = time.time();y_pred = clf.predict(X);clf_a = accuracy_score(y, y_pred);clf.partial_fit(X, y,[1,0]);Time.append(time.time() - Comp_start);Acc.append(clf_a)


Filename: meta.py

Line #    Mem usage    Increment  Occurrences   Line Contents
=============================================================
   133 204.9804687500 MiB 204.9804687500 MiB           1   @profile(precision=10,stream=open("Stream2A_LevBagg.log", "w+"))
   134                                         def test_train(ep,Mclf,X,y):
   135 204.9804687500 MiB   0.0000000000 MiB           2       for clf,clf_label in Mclf:
   136 204.9804687500 MiB   0.0000000000 MiB           1           Comp_start = time.time();y_pred = clf.predict(X);clf_a = accuracy_score(y, y_pred);clf.partial_fit(X, y,[1,0]);Time.append(time.time() - Comp_start);Acc.append(clf_a)


