Filename: meta.py

Line #    Mem usage    Increment  Occurrences   Line Contents
=============================================================
   133 200.5351562500 MiB 200.5351562500 MiB           1   @profile(precision=10,stream=open("Stream2A_BAI.log", "w+"))
   134                                         def test_train(ep,Mclf,X,y):
   135 200.7148437500 MiB   0.0000000000 MiB           2       for clf,clf_label in Mclf:
   136 200.7148437500 MiB   0.1796875000 MiB           1           Comp_start = time.time();y_pred = clf.predict(X);clf_a = accuracy_score(y, y_pred);clf.partial_fit(X, y,[1,0]);Time.append(time.time() - Comp_start);Acc.append(clf_a)


Filename: meta.py

Line #    Mem usage    Increment  Occurrences   Line Contents
=============================================================
   133 200.7148437500 MiB 200.7148437500 MiB           1   @profile(precision=10,stream=open("Stream2A_BAI.log", "w+"))
   134                                         def test_train(ep,Mclf,X,y):
   135 200.8085937500 MiB   0.0000000000 MiB           2       for clf,clf_label in Mclf:
   136 200.8085937500 MiB   0.0937500000 MiB           1           Comp_start = time.time();y_pred = clf.predict(X);clf_a = accuracy_score(y, y_pred);clf.partial_fit(X, y,[1,0]);Time.append(time.time() - Comp_start);Acc.append(clf_a)


Filename: meta.py

Line #    Mem usage    Increment  Occurrences   Line Contents
=============================================================
   133 200.8085937500 MiB 200.8085937500 MiB           1   @profile(precision=10,stream=open("Stream2A_BAI.log", "w+"))
   134                                         def test_train(ep,Mclf,X,y):
   135 200.8085937500 MiB   0.0000000000 MiB           2       for clf,clf_label in Mclf:
   136 200.8085937500 MiB   0.0000000000 MiB           1           Comp_start = time.time();y_pred = clf.predict(X);clf_a = accuracy_score(y, y_pred);clf.partial_fit(X, y,[1,0]);Time.append(time.time() - Comp_start);Acc.append(clf_a)


Filename: meta.py

Line #    Mem usage    Increment  Occurrences   Line Contents
=============================================================
   133 200.8085937500 MiB 200.8085937500 MiB           1   @profile(precision=10,stream=open("Stream2A_BAI.log", "w+"))
   134                                         def test_train(ep,Mclf,X,y):
   135 200.8085937500 MiB   0.0000000000 MiB           2       for clf,clf_label in Mclf:
   136 200.8085937500 MiB   0.0000000000 MiB           1           Comp_start = time.time();y_pred = clf.predict(X);clf_a = accuracy_score(y, y_pred);clf.partial_fit(X, y,[1,0]);Time.append(time.time() - Comp_start);Acc.append(clf_a)


Filename: meta.py

Line #    Mem usage    Increment  Occurrences   Line Contents
=============================================================
   133 200.8085937500 MiB 200.8085937500 MiB           1   @profile(precision=10,stream=open("Stream2A_BAI.log", "w+"))
   134                                         def test_train(ep,Mclf,X,y):
   135 200.8085937500 MiB   0.0000000000 MiB           2       for clf,clf_label in Mclf:
   136 200.8085937500 MiB   0.0000000000 MiB           1           Comp_start = time.time();y_pred = clf.predict(X);clf_a = accuracy_score(y, y_pred);clf.partial_fit(X, y,[1,0]);Time.append(time.time() - Comp_start);Acc.append(clf_a)


Filename: meta.py

Line #    Mem usage    Increment  Occurrences   Line Contents
=============================================================
   133 200.8085937500 MiB 200.8085937500 MiB           1   @profile(precision=10,stream=open("Stream2A_BAI.log", "w+"))
   134                                         def test_train(ep,Mclf,X,y):
   135 200.8085937500 MiB   0.0000000000 MiB           2       for clf,clf_label in Mclf:
   136 200.8085937500 MiB   0.0000000000 MiB           1           Comp_start = time.time();y_pred = clf.predict(X);clf_a = accuracy_score(y, y_pred);clf.partial_fit(X, y,[1,0]);Time.append(time.time() - Comp_start);Acc.append(clf_a)


Filename: meta.py

Line #    Mem usage    Increment  Occurrences   Line Contents
=============================================================
   133 200.8085937500 MiB 200.8085937500 MiB           1   @profile(precision=10,stream=open("Stream2A_BAI.log", "w+"))
   134                                         def test_train(ep,Mclf,X,y):
   135 200.8085937500 MiB   0.0000000000 MiB           2       for clf,clf_label in Mclf:
   136 200.8085937500 MiB   0.0000000000 MiB           1           Comp_start = time.time();y_pred = clf.predict(X);clf_a = accuracy_score(y, y_pred);clf.partial_fit(X, y,[1,0]);Time.append(time.time() - Comp_start);Acc.append(clf_a)


Filename: meta.py

Line #    Mem usage    Increment  Occurrences   Line Contents
=============================================================
   133 200.8085937500 MiB 200.8085937500 MiB           1   @profile(precision=10,stream=open("Stream2A_BAI.log", "w+"))
   134                                         def test_train(ep,Mclf,X,y):
   135 200.8085937500 MiB   0.0000000000 MiB           2       for clf,clf_label in Mclf:
   136 200.8085937500 MiB   0.0000000000 MiB           1           Comp_start = time.time();y_pred = clf.predict(X);clf_a = accuracy_score(y, y_pred);clf.partial_fit(X, y,[1,0]);Time.append(time.time() - Comp_start);Acc.append(clf_a)


Filename: meta.py

Line #    Mem usage    Increment  Occurrences   Line Contents
=============================================================
   133 200.8085937500 MiB 200.8085937500 MiB           1   @profile(precision=10,stream=open("Stream2A_BAI.log", "w+"))
   134                                         def test_train(ep,Mclf,X,y):
   135 200.8085937500 MiB   0.0000000000 MiB           2       for clf,clf_label in Mclf:
   136 200.8085937500 MiB   0.0000000000 MiB           1           Comp_start = time.time();y_pred = clf.predict(X);clf_a = accuracy_score(y, y_pred);clf.partial_fit(X, y,[1,0]);Time.append(time.time() - Comp_start);Acc.append(clf_a)


Filename: meta.py

Line #    Mem usage    Increment  Occurrences   Line Contents
=============================================================
   133 200.8085937500 MiB 200.8085937500 MiB           1   @profile(precision=10,stream=open("Stream2A_BAI.log", "w+"))
   134                                         def test_train(ep,Mclf,X,y):
   135 200.8085937500 MiB   0.0000000000 MiB           2       for clf,clf_label in Mclf:
   136 200.8085937500 MiB   0.0000000000 MiB           1           Comp_start = time.time();y_pred = clf.predict(X);clf_a = accuracy_score(y, y_pred);clf.partial_fit(X, y,[1,0]);Time.append(time.time() - Comp_start);Acc.append(clf_a)


