Filename: meta.py

Line #    Mem usage    Increment  Occurrences   Line Contents
=============================================================
   133 173.2304687500 MiB 173.2304687500 MiB           1   @profile(precision=10,stream=open("Tree_OzaBagg.log", "w+"))
   134                                         def test_train(ep,Mclf,X,y):
   135 176.6015625000 MiB   0.0000000000 MiB           2       for clf,clf_label in Mclf:
   136 176.6015625000 MiB   3.3710937500 MiB           1           Comp_start = time.time();y_pred = clf.predict(X);clf_a = accuracy_score(y, y_pred);clf.partial_fit(X, y,[1,0]);Time.append(time.time() - Comp_start);Acc.append(clf_a)


Filename: meta.py

Line #    Mem usage    Increment  Occurrences   Line Contents
=============================================================
   133 176.6015625000 MiB 176.6015625000 MiB           1   @profile(precision=10,stream=open("Tree_OzaBagg.log", "w+"))
   134                                         def test_train(ep,Mclf,X,y):
   135 179.4648437500 MiB   0.0000000000 MiB           2       for clf,clf_label in Mclf:
   136 179.4648437500 MiB   2.8632812500 MiB           1           Comp_start = time.time();y_pred = clf.predict(X);clf_a = accuracy_score(y, y_pred);clf.partial_fit(X, y,[1,0]);Time.append(time.time() - Comp_start);Acc.append(clf_a)


Filename: meta.py

Line #    Mem usage    Increment  Occurrences   Line Contents
=============================================================
   133 179.4648437500 MiB 179.4648437500 MiB           1   @profile(precision=10,stream=open("Tree_OzaBagg.log", "w+"))
   134                                         def test_train(ep,Mclf,X,y):
   135 179.5546875000 MiB   0.0000000000 MiB           2       for clf,clf_label in Mclf:
   136 179.5546875000 MiB   0.0898437500 MiB           1           Comp_start = time.time();y_pred = clf.predict(X);clf_a = accuracy_score(y, y_pred);clf.partial_fit(X, y,[1,0]);Time.append(time.time() - Comp_start);Acc.append(clf_a)


Filename: meta.py

Line #    Mem usage    Increment  Occurrences   Line Contents
=============================================================
   133 179.5546875000 MiB 179.5546875000 MiB           1   @profile(precision=10,stream=open("Tree_OzaBagg.log", "w+"))
   134                                         def test_train(ep,Mclf,X,y):
   135 179.5585937500 MiB   0.0000000000 MiB           2       for clf,clf_label in Mclf:
   136 179.5585937500 MiB   0.0039062500 MiB           1           Comp_start = time.time();y_pred = clf.predict(X);clf_a = accuracy_score(y, y_pred);clf.partial_fit(X, y,[1,0]);Time.append(time.time() - Comp_start);Acc.append(clf_a)


Filename: meta.py

Line #    Mem usage    Increment  Occurrences   Line Contents
=============================================================
   133 179.5585937500 MiB 179.5585937500 MiB           1   @profile(precision=10,stream=open("Tree_OzaBagg.log", "w+"))
   134                                         def test_train(ep,Mclf,X,y):
   135 179.5585937500 MiB   0.0000000000 MiB           2       for clf,clf_label in Mclf:
   136 179.5039062500 MiB  -0.0546875000 MiB           1           Comp_start = time.time();y_pred = clf.predict(X);clf_a = accuracy_score(y, y_pred);clf.partial_fit(X, y,[1,0]);Time.append(time.time() - Comp_start);Acc.append(clf_a)


Filename: meta.py

Line #    Mem usage    Increment  Occurrences   Line Contents
=============================================================
   133 179.5039062500 MiB 179.5039062500 MiB           1   @profile(precision=10,stream=open("Tree_OzaBagg.log", "w+"))
   134                                         def test_train(ep,Mclf,X,y):
   135 179.5039062500 MiB   0.0000000000 MiB           2       for clf,clf_label in Mclf:
   136 179.5039062500 MiB   0.0000000000 MiB           1           Comp_start = time.time();y_pred = clf.predict(X);clf_a = accuracy_score(y, y_pred);clf.partial_fit(X, y,[1,0]);Time.append(time.time() - Comp_start);Acc.append(clf_a)


Filename: meta.py

Line #    Mem usage    Increment  Occurrences   Line Contents
=============================================================
   133 179.5039062500 MiB 179.5039062500 MiB           1   @profile(precision=10,stream=open("Tree_OzaBagg.log", "w+"))
   134                                         def test_train(ep,Mclf,X,y):
   135 179.5039062500 MiB   0.0000000000 MiB           2       for clf,clf_label in Mclf:
   136 179.5039062500 MiB   0.0000000000 MiB           1           Comp_start = time.time();y_pred = clf.predict(X);clf_a = accuracy_score(y, y_pred);clf.partial_fit(X, y,[1,0]);Time.append(time.time() - Comp_start);Acc.append(clf_a)


Filename: meta.py

Line #    Mem usage    Increment  Occurrences   Line Contents
=============================================================
   133 179.5039062500 MiB 179.5039062500 MiB           1   @profile(precision=10,stream=open("Tree_OzaBagg.log", "w+"))
   134                                         def test_train(ep,Mclf,X,y):
   135 179.5039062500 MiB   0.0000000000 MiB           2       for clf,clf_label in Mclf:
   136 179.5039062500 MiB   0.0000000000 MiB           1           Comp_start = time.time();y_pred = clf.predict(X);clf_a = accuracy_score(y, y_pred);clf.partial_fit(X, y,[1,0]);Time.append(time.time() - Comp_start);Acc.append(clf_a)


Filename: meta.py

Line #    Mem usage    Increment  Occurrences   Line Contents
=============================================================
   133 179.5039062500 MiB 179.5039062500 MiB           1   @profile(precision=10,stream=open("Tree_OzaBagg.log", "w+"))
   134                                         def test_train(ep,Mclf,X,y):
   135 179.5039062500 MiB   0.0000000000 MiB           2       for clf,clf_label in Mclf:
   136 179.4765625000 MiB  -0.0273437500 MiB           1           Comp_start = time.time();y_pred = clf.predict(X);clf_a = accuracy_score(y, y_pred);clf.partial_fit(X, y,[1,0]);Time.append(time.time() - Comp_start);Acc.append(clf_a)


Filename: meta.py

Line #    Mem usage    Increment  Occurrences   Line Contents
=============================================================
   133 179.4765625000 MiB 179.4765625000 MiB           1   @profile(precision=10,stream=open("Tree_OzaBagg.log", "w+"))
   134                                         def test_train(ep,Mclf,X,y):
   135 179.4765625000 MiB   0.0000000000 MiB           2       for clf,clf_label in Mclf:
   136 179.4765625000 MiB   0.0000000000 MiB           1           Comp_start = time.time();y_pred = clf.predict(X);clf_a = accuracy_score(y, y_pred);clf.partial_fit(X, y,[1,0]);Time.append(time.time() - Comp_start);Acc.append(clf_a)


