Filename: meta.py

Line #    Mem usage    Increment  Occurrences   Line Contents
=============================================================
   133 173.2578125000 MiB 173.2578125000 MiB           1   @profile(precision=10,stream=open("Tree_LevBagg.log", "w+"))
   134                                         def test_train(ep,Mclf,X,y):
   135 178.6132812500 MiB   0.0000000000 MiB           2       for clf,clf_label in Mclf:
   136 178.6132812500 MiB   5.3554687500 MiB           1           Comp_start = time.time();y_pred = clf.predict(X);clf_a = accuracy_score(y, y_pred);clf.partial_fit(X, y,[1,0]);Time.append(time.time() - Comp_start);Acc.append(clf_a)


Filename: meta.py

Line #    Mem usage    Increment  Occurrences   Line Contents
=============================================================
   133 178.6132812500 MiB 178.6132812500 MiB           1   @profile(precision=10,stream=open("Tree_LevBagg.log", "w+"))
   134                                         def test_train(ep,Mclf,X,y):
   135 178.7382812500 MiB   0.0000000000 MiB           2       for clf,clf_label in Mclf:
   136 178.7382812500 MiB   0.1250000000 MiB           1           Comp_start = time.time();y_pred = clf.predict(X);clf_a = accuracy_score(y, y_pred);clf.partial_fit(X, y,[1,0]);Time.append(time.time() - Comp_start);Acc.append(clf_a)


Filename: meta.py

Line #    Mem usage    Increment  Occurrences   Line Contents
=============================================================
   133 178.7382812500 MiB 178.7382812500 MiB           1   @profile(precision=10,stream=open("Tree_LevBagg.log", "w+"))
   134                                         def test_train(ep,Mclf,X,y):
   135 178.7382812500 MiB   0.0000000000 MiB           2       for clf,clf_label in Mclf:
   136 178.6875000000 MiB  -0.0507812500 MiB           1           Comp_start = time.time();y_pred = clf.predict(X);clf_a = accuracy_score(y, y_pred);clf.partial_fit(X, y,[1,0]);Time.append(time.time() - Comp_start);Acc.append(clf_a)


Filename: meta.py

Line #    Mem usage    Increment  Occurrences   Line Contents
=============================================================
   133 178.6875000000 MiB 178.6875000000 MiB           1   @profile(precision=10,stream=open("Tree_LevBagg.log", "w+"))
   134                                         def test_train(ep,Mclf,X,y):
   135 178.6914062500 MiB   0.0000000000 MiB           2       for clf,clf_label in Mclf:
   136 178.6914062500 MiB   0.0039062500 MiB           1           Comp_start = time.time();y_pred = clf.predict(X);clf_a = accuracy_score(y, y_pred);clf.partial_fit(X, y,[1,0]);Time.append(time.time() - Comp_start);Acc.append(clf_a)


Filename: meta.py

Line #    Mem usage    Increment  Occurrences   Line Contents
=============================================================
   133 178.6914062500 MiB 178.6914062500 MiB           1   @profile(precision=10,stream=open("Tree_LevBagg.log", "w+"))
   134                                         def test_train(ep,Mclf,X,y):
   135 178.6914062500 MiB   0.0000000000 MiB           2       for clf,clf_label in Mclf:
   136 178.6914062500 MiB   0.0000000000 MiB           1           Comp_start = time.time();y_pred = clf.predict(X);clf_a = accuracy_score(y, y_pred);clf.partial_fit(X, y,[1,0]);Time.append(time.time() - Comp_start);Acc.append(clf_a)


Filename: meta.py

Line #    Mem usage    Increment  Occurrences   Line Contents
=============================================================
   133 178.6914062500 MiB 178.6914062500 MiB           1   @profile(precision=10,stream=open("Tree_LevBagg.log", "w+"))
   134                                         def test_train(ep,Mclf,X,y):
   135 178.6914062500 MiB   0.0000000000 MiB           2       for clf,clf_label in Mclf:
   136 178.6640625000 MiB  -0.0273437500 MiB           1           Comp_start = time.time();y_pred = clf.predict(X);clf_a = accuracy_score(y, y_pred);clf.partial_fit(X, y,[1,0]);Time.append(time.time() - Comp_start);Acc.append(clf_a)


Filename: meta.py

Line #    Mem usage    Increment  Occurrences   Line Contents
=============================================================
   133 178.6640625000 MiB 178.6640625000 MiB           1   @profile(precision=10,stream=open("Tree_LevBagg.log", "w+"))
   134                                         def test_train(ep,Mclf,X,y):
   135 178.6718750000 MiB   0.0000000000 MiB           2       for clf,clf_label in Mclf:
   136 178.6718750000 MiB   0.0078125000 MiB           1           Comp_start = time.time();y_pred = clf.predict(X);clf_a = accuracy_score(y, y_pred);clf.partial_fit(X, y,[1,0]);Time.append(time.time() - Comp_start);Acc.append(clf_a)


Filename: meta.py

Line #    Mem usage    Increment  Occurrences   Line Contents
=============================================================
   133 178.6718750000 MiB 178.6718750000 MiB           1   @profile(precision=10,stream=open("Tree_LevBagg.log", "w+"))
   134                                         def test_train(ep,Mclf,X,y):
   135 178.6718750000 MiB   0.0000000000 MiB           2       for clf,clf_label in Mclf:
   136 178.6718750000 MiB   0.0000000000 MiB           1           Comp_start = time.time();y_pred = clf.predict(X);clf_a = accuracy_score(y, y_pred);clf.partial_fit(X, y,[1,0]);Time.append(time.time() - Comp_start);Acc.append(clf_a)


Filename: meta.py

Line #    Mem usage    Increment  Occurrences   Line Contents
=============================================================
   133 178.6718750000 MiB 178.6718750000 MiB           1   @profile(precision=10,stream=open("Tree_LevBagg.log", "w+"))
   134                                         def test_train(ep,Mclf,X,y):
   135 178.6718750000 MiB   0.0000000000 MiB           2       for clf,clf_label in Mclf:
   136 178.6718750000 MiB   0.0000000000 MiB           1           Comp_start = time.time();y_pred = clf.predict(X);clf_a = accuracy_score(y, y_pred);clf.partial_fit(X, y,[1,0]);Time.append(time.time() - Comp_start);Acc.append(clf_a)


Filename: meta.py

Line #    Mem usage    Increment  Occurrences   Line Contents
=============================================================
   133 178.6718750000 MiB 178.6718750000 MiB           1   @profile(precision=10,stream=open("Tree_LevBagg.log", "w+"))
   134                                         def test_train(ep,Mclf,X,y):
   135 178.6718750000 MiB   0.0000000000 MiB           2       for clf,clf_label in Mclf:
   136 178.6718750000 MiB   0.0000000000 MiB           1           Comp_start = time.time();y_pred = clf.predict(X);clf_a = accuracy_score(y, y_pred);clf.partial_fit(X, y,[1,0]);Time.append(time.time() - Comp_start);Acc.append(clf_a)


